000 (263849.002.000) 2024-06-02 01:27:42 Job submitted from host: <128.105.68.112:9618?addrs=128.105.68.112-9618+[2607-f388-2200-100-eaeb-d3ff-fea3-4202]-9618&alias=ap2001.chtc.wisc.edu&noUDP&sock=schedd_3266430_de54>
...
040 (263849.002.000) 2024-06-02 03:21:33 Started transferring input files
	Transferring to host: <128.105.69.107:9618?addrs=128.105.69.107-9618+[2607-f388-2200-100-1270-fdff-fe56-bfe4]-9618&alias=e4056.chtc.wisc.edu&noUDP&sock=slot1_6_2844050_427d_95442>
...
040 (263849.002.000) 2024-06-02 03:21:42 Finished transferring input files
...
001 (263849.002.000) 2024-06-02 03:21:43 Job executing on host: <128.105.69.107:9618?addrs=128.105.69.107-9618+[2607-f388-2200-100-1270-fdff-fe56-bfe4]-9618&alias=e4056.chtc.wisc.edu&noUDP&sock=startd_20383_9eff>
	SlotName: slot1_6@e4056.chtc.wisc.edu
	CondorScratchDir = "/var/lib/condor/execute/slot1/dir_1553029"
	Cpus = 1
	Disk = 15729793
	GPUs = 0
	IoHeavy = 0
	Memory = 4096
...
006 (263849.002.000) 2024-06-02 03:21:52 Image size of job updated: 345380
	338  -  MemoryUsage of job (MB)
	345160  -  ResidentSetSize of job (KB)
...
006 (263849.002.000) 2024-06-02 03:26:53 Image size of job updated: 1246688
	1166  -  MemoryUsage of job (MB)
	1193884  -  ResidentSetSize of job (KB)
...
006 (263849.002.000) 2024-06-02 03:31:53 Image size of job updated: 1425620
	1166  -  MemoryUsage of job (MB)
	1193884  -  ResidentSetSize of job (KB)
...
006 (263849.002.000) 2024-06-02 03:36:54 Image size of job updated: 1425620
	1242  -  MemoryUsage of job (MB)
	1271096  -  ResidentSetSize of job (KB)
...
006 (263849.002.000) 2024-06-02 03:51:55 Image size of job updated: 1425620
	1250  -  MemoryUsage of job (MB)
	1279564  -  ResidentSetSize of job (KB)
...
006 (263849.002.000) 2024-06-02 03:56:56 Image size of job updated: 1428116
	1250  -  MemoryUsage of job (MB)
	1279564  -  ResidentSetSize of job (KB)
...
006 (263849.002.000) 2024-06-02 04:01:56 Image size of job updated: 1428116
	1265  -  MemoryUsage of job (MB)
	1295288  -  ResidentSetSize of job (KB)
...
006 (263849.002.000) 2024-06-02 04:06:56 Image size of job updated: 1477720
	1278  -  MemoryUsage of job (MB)
	1308576  -  ResidentSetSize of job (KB)
...
006 (263849.002.000) 2024-06-02 04:11:57 Image size of job updated: 1477720
	1287  -  MemoryUsage of job (MB)
	1317400  -  ResidentSetSize of job (KB)
...
006 (263849.002.000) 2024-06-02 04:26:59 Image size of job updated: 1483544
	1287  -  MemoryUsage of job (MB)
	1317400  -  ResidentSetSize of job (KB)
...
006 (263849.002.000) 2024-06-02 04:31:59 Image size of job updated: 1489716
	1287  -  MemoryUsage of job (MB)
	1317400  -  ResidentSetSize of job (KB)
...
006 (263849.002.000) 2024-06-02 04:36:59 Image size of job updated: 1489716
	1349  -  MemoryUsage of job (MB)
	1380516  -  ResidentSetSize of job (KB)
...
006 (263849.002.000) 2024-06-02 04:42:00 Image size of job updated: 1527420
	1349  -  MemoryUsage of job (MB)
	1380516  -  ResidentSetSize of job (KB)
...
006 (263849.002.000) 2024-06-02 04:45:29 Image size of job updated: 1757620
	1349  -  MemoryUsage of job (MB)
	1380516  -  ResidentSetSize of job (KB)
...
040 (263849.002.000) 2024-06-02 04:45:29 Started transferring output files
...
040 (263849.002.000) 2024-06-02 04:45:29 Finished transferring output files
...
005 (263849.002.000) 2024-06-02 04:45:29 Job terminated.
	(1) Normal termination (return value 0)
		Usr 0 01:11:14, Sys 0 00:11:06  -  Run Remote Usage
		Usr 0 00:00:00, Sys 0 00:00:00  -  Run Local Usage
		Usr 0 01:11:14, Sys 0 00:11:06  -  Total Remote Usage
		Usr 0 00:00:00, Sys 0 00:00:00  -  Total Local Usage
	270408  -  Run Bytes Sent By Job
	5798  -  Run Bytes Received By Job
	270408  -  Total Bytes Sent By Job
	5798  -  Total Bytes Received By Job
	Partitionable Resources :      Usage  Request Allocated 
	   Cpus                 :       0.99        1         1 
	   Disk (KB)            : 1489762    15728640  15729793 
	   GPUs                 :                             0 
	   IoHeavy              :                             0 
	   Memory (MB)          :    1349        4096      4096 
	   TimeExecute (s)      :    5026                       
	   TimeSlotBusy (s)     :    5037                       

	Job terminated of its own accord at 2024-06-02T09:45:29Z with exit-code 0.
...
