000 (263849.073.000) 2024-06-02 01:27:42 Job submitted from host: <128.105.68.112:9618?addrs=128.105.68.112-9618+[2607-f388-2200-100-eaeb-d3ff-fea3-4202]-9618&alias=ap2001.chtc.wisc.edu&noUDP&sock=schedd_3266430_de54>
...
040 (263849.073.000) 2024-06-02 13:04:00 Started transferring input files
	Transferring to host: <128.105.69.107:9618?addrs=128.105.69.107-9618+[2607-f388-2200-100-1270-fdff-fe56-bfe4]-9618&alias=e4056.chtc.wisc.edu&noUDP&sock=slot1_14_2844050_427d_96594>
...
040 (263849.073.000) 2024-06-02 13:04:02 Finished transferring input files
...
001 (263849.073.000) 2024-06-02 13:04:03 Job executing on host: <128.105.69.107:9618?addrs=128.105.69.107-9618+[2607-f388-2200-100-1270-fdff-fe56-bfe4]-9618&alias=e4056.chtc.wisc.edu&noUDP&sock=startd_20383_9eff>
	SlotName: slot1_14@e4056.chtc.wisc.edu
	CondorScratchDir = "/var/lib/condor/execute/slot1/dir_1616668"
	Cpus = 1
	Disk = 15729793
	GPUs = 0
	IoHeavy = 0
	Memory = 4096
...
006 (263849.073.000) 2024-06-02 13:04:12 Image size of job updated: 297232
	291  -  MemoryUsage of job (MB)
	297232  -  ResidentSetSize of job (KB)
...
006 (263849.073.000) 2024-06-02 13:09:13 Image size of job updated: 1591436
	1379  -  MemoryUsage of job (MB)
	1411792  -  ResidentSetSize of job (KB)
...
006 (263849.073.000) 2024-06-02 13:19:13 Image size of job updated: 1591436
	1418  -  MemoryUsage of job (MB)
	1451108  -  ResidentSetSize of job (KB)
...
006 (263849.073.000) 2024-06-02 13:29:14 Image size of job updated: 1598980
	1418  -  MemoryUsage of job (MB)
	1451108  -  ResidentSetSize of job (KB)
...
006 (263849.073.000) 2024-06-02 13:34:14 Image size of job updated: 1622408
	1442  -  MemoryUsage of job (MB)
	1476580  -  ResidentSetSize of job (KB)
...
006 (263849.073.000) 2024-06-02 13:39:15 Image size of job updated: 1622408
	1448  -  MemoryUsage of job (MB)
	1482104  -  ResidentSetSize of job (KB)
...
006 (263849.073.000) 2024-06-02 13:44:16 Image size of job updated: 1624584
	1475  -  MemoryUsage of job (MB)
	1509572  -  ResidentSetSize of job (KB)
...
006 (263849.073.000) 2024-06-02 13:54:17 Image size of job updated: 1643360
	1475  -  MemoryUsage of job (MB)
	1509572  -  ResidentSetSize of job (KB)
...
006 (263849.073.000) 2024-06-02 13:59:18 Image size of job updated: 1658136
	1475  -  MemoryUsage of job (MB)
	1509572  -  ResidentSetSize of job (KB)
...
006 (263849.073.000) 2024-06-02 14:04:18 Image size of job updated: 1659032
	1513  -  MemoryUsage of job (MB)
	1548744  -  ResidentSetSize of job (KB)
...
006 (263849.073.000) 2024-06-02 14:14:19 Image size of job updated: 1659468
	1513  -  MemoryUsage of job (MB)
	1548744  -  ResidentSetSize of job (KB)
...
006 (263849.073.000) 2024-06-02 14:34:22 Image size of job updated: 1659468
	1534  -  MemoryUsage of job (MB)
	1570768  -  ResidentSetSize of job (KB)
...
006 (263849.073.000) 2024-06-02 14:39:22 Image size of job updated: 1697444
	1534  -  MemoryUsage of job (MB)
	1570768  -  ResidentSetSize of job (KB)
...
006 (263849.073.000) 2024-06-02 14:49:24 Image size of job updated: 1725388
	1534  -  MemoryUsage of job (MB)
	1570768  -  ResidentSetSize of job (KB)
...
006 (263849.073.000) 2024-06-02 14:59:24 Image size of job updated: 1726648
	1569  -  MemoryUsage of job (MB)
	1606536  -  ResidentSetSize of job (KB)
...
006 (263849.073.000) 2024-06-02 15:04:25 Image size of job updated: 1730724
	1569  -  MemoryUsage of job (MB)
	1606536  -  ResidentSetSize of job (KB)
...
006 (263849.073.000) 2024-06-02 15:09:25 Image size of job updated: 1730728
	1569  -  MemoryUsage of job (MB)
	1606536  -  ResidentSetSize of job (KB)
...
006 (263849.073.000) 2024-06-02 15:24:26 Image size of job updated: 1730728
	1574  -  MemoryUsage of job (MB)
	1611420  -  ResidentSetSize of job (KB)
...
006 (263849.073.000) 2024-06-02 15:29:26 Image size of job updated: 1739696
	1574  -  MemoryUsage of job (MB)
	1611420  -  ResidentSetSize of job (KB)
...
006 (263849.073.000) 2024-06-02 15:32:35 Image size of job updated: 1822904
	1574  -  MemoryUsage of job (MB)
	1611420  -  ResidentSetSize of job (KB)
...
040 (263849.073.000) 2024-06-02 15:32:35 Started transferring output files
...
040 (263849.073.000) 2024-06-02 15:32:35 Finished transferring output files
...
005 (263849.073.000) 2024-06-02 15:32:36 Job terminated.
	(1) Normal termination (return value 0)
		Usr 0 01:58:00, Sys 0 00:29:08  -  Run Remote Usage
		Usr 0 00:00:00, Sys 0 00:00:00  -  Run Local Usage
		Usr 0 01:58:00, Sys 0 00:29:08  -  Total Remote Usage
		Usr 0 00:00:00, Sys 0 00:00:00  -  Total Local Usage
	270393  -  Run Bytes Sent By Job
	5798  -  Run Bytes Received By Job
	270393  -  Total Bytes Sent By Job
	5798  -  Total Bytes Received By Job
	Partitionable Resources :      Usage  Request Allocated 
	   Cpus                 :       0.98        1         1 
	   Disk (KB)            : 1537063    15728640  15729793 
	   GPUs                 :                             0 
	   IoHeavy              :                             0 
	   Memory (MB)          :    1574        4096      4096 
	   TimeExecute (s)      :    8912                       
	   TimeSlotBusy (s)     :    8916                       

	Job terminated of its own accord at 2024-06-02T20:32:35Z with exit-code 0.
...
