000 (263849.009.000) 2024-06-02 01:27:42 Job submitted from host: <128.105.68.112:9618?addrs=128.105.68.112-9618+[2607-f388-2200-100-eaeb-d3ff-fea3-4202]-9618&alias=ap2001.chtc.wisc.edu&noUDP&sock=schedd_3266430_de54>
...
040 (263849.009.000) 2024-06-02 03:21:33 Started transferring input files
	Transferring to host: <128.105.69.107:9618?addrs=128.105.69.107-9618+[2607-f388-2200-100-1270-fdff-fe56-bfe4]-9618&alias=e4056.chtc.wisc.edu&noUDP&sock=slot1_20_2844050_427d_95449>
...
040 (263849.009.000) 2024-06-02 03:21:43 Finished transferring input files
...
001 (263849.009.000) 2024-06-02 03:21:44 Job executing on host: <128.105.69.107:9618?addrs=128.105.69.107-9618+[2607-f388-2200-100-1270-fdff-fe56-bfe4]-9618&alias=e4056.chtc.wisc.edu&noUDP&sock=startd_20383_9eff>
	SlotName: slot1_20@e4056.chtc.wisc.edu
	CondorScratchDir = "/var/lib/condor/execute/slot1/dir_1553114"
	Cpus = 1
	Disk = 15729793
	GPUs = 0
	IoHeavy = 0
	Memory = 4096
...
006 (263849.009.000) 2024-06-02 03:21:53 Image size of job updated: 327944
	321  -  MemoryUsage of job (MB)
	327920  -  ResidentSetSize of job (KB)
...
006 (263849.009.000) 2024-06-02 03:26:54 Image size of job updated: 1291236
	1145  -  MemoryUsage of job (MB)
	1172092  -  ResidentSetSize of job (KB)
...
006 (263849.009.000) 2024-06-02 03:31:54 Image size of job updated: 1401956
	1145  -  MemoryUsage of job (MB)
	1172092  -  ResidentSetSize of job (KB)
...
006 (263849.009.000) 2024-06-02 03:36:54 Image size of job updated: 1401956
	1219  -  MemoryUsage of job (MB)
	1248068  -  ResidentSetSize of job (KB)
...
006 (263849.009.000) 2024-06-02 03:41:55 Image size of job updated: 1401956
	1223  -  MemoryUsage of job (MB)
	1251652  -  ResidentSetSize of job (KB)
...
006 (263849.009.000) 2024-06-02 03:51:55 Image size of job updated: 1401956
	1229  -  MemoryUsage of job (MB)
	1257700  -  ResidentSetSize of job (KB)
...
006 (263849.009.000) 2024-06-02 03:56:56 Image size of job updated: 1401956
	1241  -  MemoryUsage of job (MB)
	1270632  -  ResidentSetSize of job (KB)
...
006 (263849.009.000) 2024-06-02 04:01:57 Image size of job updated: 1432108
	1286  -  MemoryUsage of job (MB)
	1316680  -  ResidentSetSize of job (KB)
...
006 (263849.009.000) 2024-06-02 04:06:57 Image size of job updated: 1451908
	1286  -  MemoryUsage of job (MB)
	1316680  -  ResidentSetSize of job (KB)
...
006 (263849.009.000) 2024-06-02 04:32:01 Image size of job updated: 1451908
	1304  -  MemoryUsage of job (MB)
	1334476  -  ResidentSetSize of job (KB)
...
006 (263849.009.000) 2024-06-02 04:37:01 Image size of job updated: 1491104
	1422  -  MemoryUsage of job (MB)
	1455772  -  ResidentSetSize of job (KB)
...
006 (263849.009.000) 2024-06-02 04:47:02 Image size of job updated: 1520288
	1422  -  MemoryUsage of job (MB)
	1455772  -  ResidentSetSize of job (KB)
...
006 (263849.009.000) 2024-06-02 05:06:40 Image size of job updated: 1696576
	1422  -  MemoryUsage of job (MB)
	1455772  -  ResidentSetSize of job (KB)
...
040 (263849.009.000) 2024-06-02 05:06:40 Started transferring output files
...
040 (263849.009.000) 2024-06-02 05:06:40 Finished transferring output files
...
005 (263849.009.000) 2024-06-02 05:06:40 Job terminated.
	(1) Normal termination (return value 0)
		Usr 0 01:25:20, Sys 0 00:17:47  -  Run Remote Usage
		Usr 0 00:00:00, Sys 0 00:00:00  -  Run Local Usage
		Usr 0 01:25:20, Sys 0 00:17:47  -  Total Remote Usage
		Usr 0 00:00:00, Sys 0 00:00:00  -  Total Local Usage
	270728  -  Run Bytes Sent By Job
	5798  -  Run Bytes Received By Job
	270728  -  Total Bytes Sent By Job
	5798  -  Total Bytes Received By Job
	Partitionable Resources :      Usage  Request Allocated 
	   Cpus                 :       0.99        1         1 
	   Disk (KB)            : 1449547    15728640  15729793 
	   GPUs                 :                             0 
	   IoHeavy              :                             0 
	   Memory (MB)          :    1422        4096      4096 
	   TimeExecute (s)      :    6296                       
	   TimeSlotBusy (s)     :    6307                       

	Job terminated of its own accord at 2024-06-02T10:06:40Z with exit-code 0.
...
