000 (263849.047.000) 2024-06-02 01:27:42 Job submitted from host: <128.105.68.112:9618?addrs=128.105.68.112-9618+[2607-f388-2200-100-eaeb-d3ff-fea3-4202]-9618&alias=ap2001.chtc.wisc.edu&noUDP&sock=schedd_3266430_de54>
...
040 (263849.047.000) 2024-06-02 08:56:27 Started transferring input files
	Transferring to host: <128.105.69.107:9618?addrs=128.105.69.107-9618+[2607-f388-2200-100-1270-fdff-fe56-bfe4]-9618&alias=e4056.chtc.wisc.edu&noUDP&sock=slot1_19_2844050_427d_96105>
...
040 (263849.047.000) 2024-06-02 08:56:29 Finished transferring input files
...
001 (263849.047.000) 2024-06-02 08:56:30 Job executing on host: <128.105.69.107:9618?addrs=128.105.69.107-9618+[2607-f388-2200-100-1270-fdff-fe56-bfe4]-9618&alias=e4056.chtc.wisc.edu&noUDP&sock=startd_20383_9eff>
	SlotName: slot1_19@e4056.chtc.wisc.edu
	CondorScratchDir = "/var/lib/condor/execute/slot1/dir_1590688"
	Cpus = 1
	Disk = 15729793
	GPUs = 0
	IoHeavy = 0
	Memory = 4096
...
006 (263849.047.000) 2024-06-02 08:56:39 Image size of job updated: 568316
	555  -  MemoryUsage of job (MB)
	568316  -  ResidentSetSize of job (KB)
...
006 (263849.047.000) 2024-06-02 09:01:41 Image size of job updated: 1641184
	1355  -  MemoryUsage of job (MB)
	1386848  -  ResidentSetSize of job (KB)
...
006 (263849.047.000) 2024-06-02 09:06:41 Image size of job updated: 1642324
	1483  -  MemoryUsage of job (MB)
	1517728  -  ResidentSetSize of job (KB)
...
006 (263849.047.000) 2024-06-02 09:11:41 Image size of job updated: 1642356
	1495  -  MemoryUsage of job (MB)
	1530104  -  ResidentSetSize of job (KB)
...
006 (263849.047.000) 2024-06-02 09:21:42 Image size of job updated: 1666892
	1495  -  MemoryUsage of job (MB)
	1530104  -  ResidentSetSize of job (KB)
...
006 (263849.047.000) 2024-06-02 09:26:42 Image size of job updated: 1666892
	1505  -  MemoryUsage of job (MB)
	1540136  -  ResidentSetSize of job (KB)
...
006 (263849.047.000) 2024-06-02 10:21:50 Image size of job updated: 1666892
	1517  -  MemoryUsage of job (MB)
	1552480  -  ResidentSetSize of job (KB)
...
006 (263849.047.000) 2024-06-02 10:31:51 Image size of job updated: 1666892
	1563  -  MemoryUsage of job (MB)
	1600160  -  ResidentSetSize of job (KB)
...
006 (263849.047.000) 2024-06-02 11:01:55 Image size of job updated: 1679620
	1563  -  MemoryUsage of job (MB)
	1600160  -  ResidentSetSize of job (KB)
...
006 (263849.047.000) 2024-06-02 11:06:56 Image size of job updated: 1684004
	1563  -  MemoryUsage of job (MB)
	1600160  -  ResidentSetSize of job (KB)
...
006 (263849.047.000) 2024-06-02 11:16:56 Image size of job updated: 1687360
	1563  -  MemoryUsage of job (MB)
	1600160  -  ResidentSetSize of job (KB)
...
006 (263849.047.000) 2024-06-02 11:26:57 Image size of job updated: 1709728
	1563  -  MemoryUsage of job (MB)
	1600160  -  ResidentSetSize of job (KB)
...
006 (263849.047.000) 2024-06-02 11:31:57 Image size of job updated: 1715244
	1563  -  MemoryUsage of job (MB)
	1600160  -  ResidentSetSize of job (KB)
...
006 (263849.047.000) 2024-06-02 11:41:59 Image size of job updated: 1728148
	1654  -  MemoryUsage of job (MB)
	1692832  -  ResidentSetSize of job (KB)
...
006 (263849.047.000) 2024-06-02 11:46:59 Image size of job updated: 1728148
	1660  -  MemoryUsage of job (MB)
	1699744  -  ResidentSetSize of job (KB)
...
006 (263849.047.000) 2024-06-02 12:07:02 Image size of job updated: 1748196
	1660  -  MemoryUsage of job (MB)
	1699744  -  ResidentSetSize of job (KB)
...
006 (263849.047.000) 2024-06-02 12:12:03 Image size of job updated: 1774168
	1660  -  MemoryUsage of job (MB)
	1699744  -  ResidentSetSize of job (KB)
...
006 (263849.047.000) 2024-06-02 12:27:10 Image size of job updated: 1994180
	1660  -  MemoryUsage of job (MB)
	1699744  -  ResidentSetSize of job (KB)
...
040 (263849.047.000) 2024-06-02 12:27:10 Started transferring output files
...
040 (263849.047.000) 2024-06-02 12:27:10 Finished transferring output files
...
005 (263849.047.000) 2024-06-02 12:27:10 Job terminated.
	(1) Normal termination (return value 0)
		Usr 0 02:45:28, Sys 0 00:43:24  -  Run Remote Usage
		Usr 0 00:00:00, Sys 0 00:00:00  -  Run Local Usage
		Usr 0 02:45:28, Sys 0 00:43:24  -  Total Remote Usage
		Usr 0 00:00:00, Sys 0 00:00:00  -  Total Local Usage
	271146  -  Run Bytes Sent By Job
	5798  -  Run Bytes Received By Job
	271146  -  Total Bytes Sent By Job
	5798  -  Total Bytes Received By Job
	Partitionable Resources :      Usage  Request Allocated 
	   Cpus                 :       0.99        1         1 
	   Disk (KB)            : 1978831    15728640  15729793 
	   GPUs                 :                             0 
	   IoHeavy              :                             0 
	   Memory (MB)          :    1660        4096      4096 
	   TimeExecute (s)      :   12640                       
	   TimeSlotBusy (s)     :   12644                       

	Job terminated of its own accord at 2024-06-02T17:27:10Z with exit-code 0.
...
