000 (263849.037.000) 2024-06-02 01:27:42 Job submitted from host: <128.105.68.112:9618?addrs=128.105.68.112-9618+[2607-f388-2200-100-eaeb-d3ff-fea3-4202]-9618&alias=ap2001.chtc.wisc.edu&noUDP&sock=schedd_3266430_de54>
...
040 (263849.037.000) 2024-06-02 07:35:42 Started transferring input files
	Transferring to host: <128.105.69.107:9618?addrs=128.105.69.107-9618+[2607-f388-2200-100-1270-fdff-fe56-bfe4]-9618&alias=e4056.chtc.wisc.edu&noUDP&sock=slot1_26_2844050_427d_95945>
...
040 (263849.037.000) 2024-06-02 07:35:44 Finished transferring input files
...
001 (263849.037.000) 2024-06-02 07:35:45 Job executing on host: <128.105.69.107:9618?addrs=128.105.69.107-9618+[2607-f388-2200-100-1270-fdff-fe56-bfe4]-9618&alias=e4056.chtc.wisc.edu&noUDP&sock=startd_20383_9eff>
	SlotName: slot1_26@e4056.chtc.wisc.edu
	CondorScratchDir = "/var/lib/condor/execute/slot1/dir_1582340"
	Cpus = 1
	Disk = 15729793
	GPUs = 0
	IoHeavy = 0
	Memory = 4096
...
006 (263849.037.000) 2024-06-02 07:35:54 Image size of job updated: 476820
	466  -  MemoryUsage of job (MB)
	476820  -  ResidentSetSize of job (KB)
...
006 (263849.037.000) 2024-06-02 07:40:54 Image size of job updated: 1268308
	1149  -  MemoryUsage of job (MB)
	1175992  -  ResidentSetSize of job (KB)
...
006 (263849.037.000) 2024-06-02 07:45:54 Image size of job updated: 1358476
	1154  -  MemoryUsage of job (MB)
	1181112  -  ResidentSetSize of job (KB)
...
006 (263849.037.000) 2024-06-02 07:50:55 Image size of job updated: 1358476
	1266  -  MemoryUsage of job (MB)
	1295996  -  ResidentSetSize of job (KB)
...
006 (263849.037.000) 2024-06-02 07:55:55 Image size of job updated: 1371812
	1266  -  MemoryUsage of job (MB)
	1295996  -  ResidentSetSize of job (KB)
...
006 (263849.037.000) 2024-06-02 08:05:57 Image size of job updated: 1414312
	1266  -  MemoryUsage of job (MB)
	1295996  -  ResidentSetSize of job (KB)
...
006 (263849.037.000) 2024-06-02 08:15:57 Image size of job updated: 1414312
	1299  -  MemoryUsage of job (MB)
	1329472  -  ResidentSetSize of job (KB)
...
006 (263849.037.000) 2024-06-02 08:30:59 Image size of job updated: 1430028
	1299  -  MemoryUsage of job (MB)
	1329472  -  ResidentSetSize of job (KB)
...
006 (263849.037.000) 2024-06-02 08:36:00 Image size of job updated: 1452980
	1299  -  MemoryUsage of job (MB)
	1329472  -  ResidentSetSize of job (KB)
...
006 (263849.037.000) 2024-06-02 08:51:02 Image size of job updated: 1452980
	1359  -  MemoryUsage of job (MB)
	1391132  -  ResidentSetSize of job (KB)
...
006 (263849.037.000) 2024-06-02 08:56:03 Image size of job updated: 1464920
	1359  -  MemoryUsage of job (MB)
	1391132  -  ResidentSetSize of job (KB)
...
006 (263849.037.000) 2024-06-02 09:01:03 Image size of job updated: 1496744
	1415  -  MemoryUsage of job (MB)
	1448912  -  ResidentSetSize of job (KB)
...
006 (263849.037.000) 2024-06-02 09:16:04 Image size of job updated: 1508620
	1415  -  MemoryUsage of job (MB)
	1448912  -  ResidentSetSize of job (KB)
...
006 (263849.037.000) 2024-06-02 09:21:04 Image size of job updated: 1520788
	1415  -  MemoryUsage of job (MB)
	1448912  -  ResidentSetSize of job (KB)
...
006 (263849.037.000) 2024-06-02 09:33:35 Image size of job updated: 1772704
	1415  -  MemoryUsage of job (MB)
	1448912  -  ResidentSetSize of job (KB)
...
040 (263849.037.000) 2024-06-02 09:33:35 Started transferring output files
...
040 (263849.037.000) 2024-06-02 09:33:35 Finished transferring output files
...
005 (263849.037.000) 2024-06-02 09:33:35 Job terminated.
	(1) Normal termination (return value 0)
		Usr 0 01:36:36, Sys 0 00:20:06  -  Run Remote Usage
		Usr 0 00:00:00, Sys 0 00:00:00  -  Run Local Usage
		Usr 0 01:36:36, Sys 0 00:20:06  -  Total Remote Usage
		Usr 0 00:00:00, Sys 0 00:00:00  -  Total Local Usage
	270262  -  Run Bytes Sent By Job
	5798  -  Run Bytes Received By Job
	270262  -  Total Bytes Sent By Job
	5798  -  Total Bytes Received By Job
	Partitionable Resources :      Usage  Request Allocated 
	   Cpus                 :       0.99        1         1 
	   Disk (KB)            : 1494888    15728640  15729793 
	   GPUs                 :                             0 
	   IoHeavy              :                             0 
	   Memory (MB)          :    1415        4096      4096 
	   TimeExecute (s)      :    7070                       
	   TimeSlotBusy (s)     :    7073                       

	Job terminated of its own accord at 2024-06-02T14:33:35Z with exit-code 0.
...
