000 (263849.045.000) 2024-06-02 01:27:42 Job submitted from host: <128.105.68.112:9618?addrs=128.105.68.112-9618+[2607-f388-2200-100-eaeb-d3ff-fea3-4202]-9618&alias=ap2001.chtc.wisc.edu&noUDP&sock=schedd_3266430_de54>
...
040 (263849.045.000) 2024-06-02 08:40:46 Started transferring input files
	Transferring to host: <128.105.69.107:9618?addrs=128.105.69.107-9618+[2607-f388-2200-100-1270-fdff-fe56-bfe4]-9618&alias=e4056.chtc.wisc.edu&noUDP&sock=slot1_6_2844050_427d_96077>
...
040 (263849.045.000) 2024-06-02 08:40:49 Finished transferring input files
...
001 (263849.045.000) 2024-06-02 08:40:50 Job executing on host: <128.105.69.107:9618?addrs=128.105.69.107-9618+[2607-f388-2200-100-1270-fdff-fe56-bfe4]-9618&alias=e4056.chtc.wisc.edu&noUDP&sock=startd_20383_9eff>
	SlotName: slot1_6@e4056.chtc.wisc.edu
	CondorScratchDir = "/var/lib/condor/execute/slot1/dir_1589258"
	Cpus = 1
	Disk = 15729793
	GPUs = 0
	IoHeavy = 0
	Memory = 4096
...
006 (263849.045.000) 2024-06-02 08:40:59 Image size of job updated: 438700
	429  -  MemoryUsage of job (MB)
	438536  -  ResidentSetSize of job (KB)
...
006 (263849.045.000) 2024-06-02 08:45:59 Image size of job updated: 1514460
	1381  -  MemoryUsage of job (MB)
	1413380  -  ResidentSetSize of job (KB)
...
006 (263849.045.000) 2024-06-02 08:50:59 Image size of job updated: 1533596
	1381  -  MemoryUsage of job (MB)
	1413380  -  ResidentSetSize of job (KB)
...
006 (263849.045.000) 2024-06-02 09:06:00 Image size of job updated: 1533596
	1426  -  MemoryUsage of job (MB)
	1459400  -  ResidentSetSize of job (KB)
...
006 (263849.045.000) 2024-06-02 09:16:01 Image size of job updated: 1546552
	1426  -  MemoryUsage of job (MB)
	1459400  -  ResidentSetSize of job (KB)
...
006 (263849.045.000) 2024-06-02 09:21:01 Image size of job updated: 1556724
	1426  -  MemoryUsage of job (MB)
	1459400  -  ResidentSetSize of job (KB)
...
006 (263849.045.000) 2024-06-02 09:41:03 Image size of job updated: 1556724
	1436  -  MemoryUsage of job (MB)
	1469824  -  ResidentSetSize of job (KB)
...
006 (263849.045.000) 2024-06-02 10:06:05 Image size of job updated: 1573228
	1436  -  MemoryUsage of job (MB)
	1469824  -  ResidentSetSize of job (KB)
...
006 (263849.045.000) 2024-06-02 10:11:06 Image size of job updated: 1575560
	1436  -  MemoryUsage of job (MB)
	1469824  -  ResidentSetSize of job (KB)
...
006 (263849.045.000) 2024-06-02 10:36:09 Image size of job updated: 1583548
	1436  -  MemoryUsage of job (MB)
	1469824  -  ResidentSetSize of job (KB)
...
006 (263849.045.000) 2024-06-02 10:41:10 Image size of job updated: 1607748
	1459  -  MemoryUsage of job (MB)
	1493656  -  ResidentSetSize of job (KB)
...
006 (263849.045.000) 2024-06-02 10:51:11 Image size of job updated: 1610520
	1498  -  MemoryUsage of job (MB)
	1533328  -  ResidentSetSize of job (KB)
...
006 (263849.045.000) 2024-06-02 11:11:14 Image size of job updated: 1616532
	1498  -  MemoryUsage of job (MB)
	1533328  -  ResidentSetSize of job (KB)
...
006 (263849.045.000) 2024-06-02 11:16:15 Image size of job updated: 1644008
	1498  -  MemoryUsage of job (MB)
	1533328  -  ResidentSetSize of job (KB)
...
006 (263849.045.000) 2024-06-02 11:51:17 Image size of job updated: 1644008
	1499  -  MemoryUsage of job (MB)
	1534184  -  ResidentSetSize of job (KB)
...
006 (263849.045.000) 2024-06-02 11:56:17 Image size of job updated: 1680224
	1499  -  MemoryUsage of job (MB)
	1534184  -  ResidentSetSize of job (KB)
...
006 (263849.045.000) 2024-06-02 12:06:18 Image size of job updated: 1710716
	1499  -  MemoryUsage of job (MB)
	1534184  -  ResidentSetSize of job (KB)
...
006 (263849.045.000) 2024-06-02 12:08:09 Image size of job updated: 1804792
	1499  -  MemoryUsage of job (MB)
	1534184  -  ResidentSetSize of job (KB)
...
040 (263849.045.000) 2024-06-02 12:08:09 Started transferring output files
...
040 (263849.045.000) 2024-06-02 12:08:09 Finished transferring output files
...
005 (263849.045.000) 2024-06-02 12:08:09 Job terminated.
	(1) Normal termination (return value 0)
		Usr 0 02:44:04, Sys 0 00:41:24  -  Run Remote Usage
		Usr 0 00:00:00, Sys 0 00:00:00  -  Run Local Usage
		Usr 0 02:44:04, Sys 0 00:41:24  -  Total Remote Usage
		Usr 0 00:00:00, Sys 0 00:00:00  -  Total Local Usage
	271796  -  Run Bytes Sent By Job
	5798  -  Run Bytes Received By Job
	271796  -  Total Bytes Sent By Job
	5798  -  Total Bytes Received By Job
	Partitionable Resources :      Usage  Request Allocated 
	   Cpus                 :       0.99        1         1 
	   Disk (KB)            : 1519550    15728640  15729793 
	   GPUs                 :                             0 
	   IoHeavy              :                             0 
	   Memory (MB)          :    1499        4096      4096 
	   TimeExecute (s)      :   12439                       
	   TimeSlotBusy (s)     :   12443                       

	Job terminated of its own accord at 2024-06-02T17:08:09Z with exit-code 0.
...
