000 (263849.021.000) 2024-06-02 01:27:42 Job submitted from host: <128.105.68.112:9618?addrs=128.105.68.112-9618+[2607-f388-2200-100-eaeb-d3ff-fea3-4202]-9618&alias=ap2001.chtc.wisc.edu&noUDP&sock=schedd_3266430_de54>
...
040 (263849.021.000) 2024-06-02 04:45:43 Started transferring input files
	Transferring to host: <128.105.69.107:9618?addrs=128.105.69.107-9618+[2607-f388-2200-100-1270-fdff-fe56-bfe4]-9618&alias=e4056.chtc.wisc.edu&noUDP&sock=slot1_15_2844050_427d_95613>
...
040 (263849.021.000) 2024-06-02 04:45:45 Finished transferring input files
...
001 (263849.021.000) 2024-06-02 04:45:46 Job executing on host: <128.105.69.107:9618?addrs=128.105.69.107-9618+[2607-f388-2200-100-1270-fdff-fe56-bfe4]-9618&alias=e4056.chtc.wisc.edu&noUDP&sock=startd_20383_9eff>
	SlotName: slot1_15@e4056.chtc.wisc.edu
	CondorScratchDir = "/var/lib/condor/execute/slot1/dir_1563267"
	Cpus = 1
	Disk = 15729793
	GPUs = 0
	IoHeavy = 0
	Memory = 4096
...
006 (263849.021.000) 2024-06-02 04:45:54 Image size of job updated: 527584
	516  -  MemoryUsage of job (MB)
	527584  -  ResidentSetSize of job (KB)
...
006 (263849.021.000) 2024-06-02 04:50:54 Image size of job updated: 1705908
	1601  -  MemoryUsage of job (MB)
	1638780  -  ResidentSetSize of job (KB)
...
006 (263849.021.000) 2024-06-02 09:46:48 Image size of job updated: 2186592
	1601  -  MemoryUsage of job (MB)
	1638780  -  ResidentSetSize of job (KB)
...
040 (263849.021.000) 2024-06-02 09:46:48 Started transferring output files
...
040 (263849.021.000) 2024-06-02 09:46:48 Finished transferring output files
...
005 (263849.021.000) 2024-06-02 09:46:48 Job terminated.
	(1) Normal termination (return value 0)
		Usr 0 03:44:53, Sys 0 01:12:30  -  Run Remote Usage
		Usr 0 00:00:00, Sys 0 00:00:00  -  Run Local Usage
		Usr 0 03:44:53, Sys 0 01:12:30  -  Total Remote Usage
		Usr 0 00:00:00, Sys 0 00:00:00  -  Total Local Usage
	270842  -  Run Bytes Sent By Job
	5798  -  Run Bytes Received By Job
	270842  -  Total Bytes Sent By Job
	5798  -  Total Bytes Received By Job
	Partitionable Resources :      Usage  Request Allocated 
	   Cpus                 :       0.99        1         1 
	   Disk (KB)            : 2086009    15728640  15729793 
	   GPUs                 :                             0 
	   IoHeavy              :                             0 
	   Memory (MB)          :    1601        4096      4096 
	   TimeExecute (s)      :   18062                       
	   TimeSlotBusy (s)     :   18066                       

	Job terminated of its own accord at 2024-06-02T14:46:48Z with exit-code 0.
...
