000 (263849.105.000) 2024-06-02 01:27:42 Job submitted from host: <128.105.68.112:9618?addrs=128.105.68.112-9618+[2607-f388-2200-100-eaeb-d3ff-fea3-4202]-9618&alias=ap2001.chtc.wisc.edu&noUDP&sock=schedd_3266430_de54>
...
040 (263849.105.000) 2024-06-02 13:20:45 Started transferring input files
	Transferring to host: <128.105.69.107:9618?addrs=128.105.69.107-9618+[2607-f388-2200-100-1270-fdff-fe56-bfe4]-9618&alias=e4056.chtc.wisc.edu&noUDP&sock=slot1_57_2844050_427d_96659>
...
040 (263849.105.000) 2024-06-02 13:21:03 Finished transferring input files
...
001 (263849.105.000) 2024-06-02 13:21:04 Job executing on host: <128.105.69.107:9618?addrs=128.105.69.107-9618+[2607-f388-2200-100-1270-fdff-fe56-bfe4]-9618&alias=e4056.chtc.wisc.edu&noUDP&sock=startd_20383_9eff>
	SlotName: slot1_57@e4056.chtc.wisc.edu
	CondorScratchDir = "/var/lib/condor/execute/slot1/dir_1619591"
	Cpus = 1
	Disk = 15729793
	GPUs = 0
	IoHeavy = 0
	Memory = 4096
...
006 (263849.105.000) 2024-06-02 13:21:13 Image size of job updated: 217184
	212  -  MemoryUsage of job (MB)
	216936  -  ResidentSetSize of job (KB)
...
006 (263849.105.000) 2024-06-02 13:26:13 Image size of job updated: 1124012
	983  -  MemoryUsage of job (MB)
	1005696  -  ResidentSetSize of job (KB)
...
006 (263849.105.000) 2024-06-02 13:31:13 Image size of job updated: 1135060
	1019  -  MemoryUsage of job (MB)
	1042492  -  ResidentSetSize of job (KB)
...
006 (263849.105.000) 2024-06-02 13:36:14 Image size of job updated: 1135060
	1073  -  MemoryUsage of job (MB)
	1098156  -  ResidentSetSize of job (KB)
...
006 (263849.105.000) 2024-06-02 13:41:14 Image size of job updated: 1168864
	1073  -  MemoryUsage of job (MB)
	1098156  -  ResidentSetSize of job (KB)
...
006 (263849.105.000) 2024-06-02 13:46:14 Image size of job updated: 1180864
	1083  -  MemoryUsage of job (MB)
	1108040  -  ResidentSetSize of job (KB)
...
006 (263849.105.000) 2024-06-02 13:51:15 Image size of job updated: 1202796
	1102  -  MemoryUsage of job (MB)
	1127708  -  ResidentSetSize of job (KB)
...
006 (263849.105.000) 2024-06-02 13:56:16 Image size of job updated: 1217456
	1126  -  MemoryUsage of job (MB)
	1152904  -  ResidentSetSize of job (KB)
...
006 (263849.105.000) 2024-06-02 14:01:16 Image size of job updated: 1237052
	1126  -  MemoryUsage of job (MB)
	1152904  -  ResidentSetSize of job (KB)
...
006 (263849.105.000) 2024-06-02 14:06:17 Image size of job updated: 1242008
	1126  -  MemoryUsage of job (MB)
	1152904  -  ResidentSetSize of job (KB)
...
006 (263849.105.000) 2024-06-02 14:11:18 Image size of job updated: 1256552
	1131  -  MemoryUsage of job (MB)
	1157168  -  ResidentSetSize of job (KB)
...
006 (263849.105.000) 2024-06-02 14:16:18 Image size of job updated: 1275576
	1221  -  MemoryUsage of job (MB)
	1249476  -  ResidentSetSize of job (KB)
...
006 (263849.105.000) 2024-06-02 14:21:18 Image size of job updated: 1285804
	1221  -  MemoryUsage of job (MB)
	1249476  -  ResidentSetSize of job (KB)
...
006 (263849.105.000) 2024-06-02 14:26:19 Image size of job updated: 1294880
	1221  -  MemoryUsage of job (MB)
	1249476  -  ResidentSetSize of job (KB)
...
006 (263849.105.000) 2024-06-02 14:29:06 Image size of job updated: 1599480
	1221  -  MemoryUsage of job (MB)
	1249476  -  ResidentSetSize of job (KB)
...
040 (263849.105.000) 2024-06-02 14:29:06 Started transferring output files
...
040 (263849.105.000) 2024-06-02 14:29:06 Finished transferring output files
...
005 (263849.105.000) 2024-06-02 14:29:06 Job terminated.
	(1) Normal termination (return value 0)
		Usr 0 00:57:56, Sys 0 00:09:03  -  Run Remote Usage
		Usr 0 00:00:00, Sys 0 00:00:00  -  Run Local Usage
		Usr 0 00:57:56, Sys 0 00:09:03  -  Total Remote Usage
		Usr 0 00:00:00, Sys 0 00:00:00  -  Total Local Usage
	271838  -  Run Bytes Sent By Job
	5798  -  Run Bytes Received By Job
	271838  -  Total Bytes Sent By Job
	5798  -  Total Bytes Received By Job
	Partitionable Resources :      Usage  Request Allocated 
	   Cpus                 :       1.01        1         1 
	   Disk (KB)            : 1392190    15728640  15729793 
	   GPUs                 :                             0 
	   IoHeavy              :                             0 
	   Memory (MB)          :    1221        4096      4096 
	   TimeExecute (s)      :    4082                       
	   TimeSlotBusy (s)     :    4101                       

	Job terminated of its own accord at 2024-06-02T19:29:06Z with exit-code 0.
...
