000 (263849.070.000) 2024-06-02 01:27:42 Job submitted from host: <128.105.68.112:9618?addrs=128.105.68.112-9618+[2607-f388-2200-100-eaeb-d3ff-fea3-4202]-9618&alias=ap2001.chtc.wisc.edu&noUDP&sock=schedd_3266430_de54>
...
040 (263849.070.000) 2024-06-02 12:39:25 Started transferring input files
	Transferring to host: <128.105.69.107:9618?addrs=128.105.69.107-9618+[2607-f388-2200-100-1270-fdff-fe56-bfe4]-9618&alias=e4056.chtc.wisc.edu&noUDP&sock=slot1_22_2844050_427d_96547>
...
040 (263849.070.000) 2024-06-02 12:39:27 Finished transferring input files
...
001 (263849.070.000) 2024-06-02 12:39:28 Job executing on host: <128.105.69.107:9618?addrs=128.105.69.107-9618+[2607-f388-2200-100-1270-fdff-fe56-bfe4]-9618&alias=e4056.chtc.wisc.edu&noUDP&sock=startd_20383_9eff>
	SlotName: slot1_22@e4056.chtc.wisc.edu
	CondorScratchDir = "/var/lib/condor/execute/slot1/dir_1614254"
	Cpus = 1
	Disk = 15729793
	GPUs = 0
	IoHeavy = 0
	Memory = 4096
...
006 (263849.070.000) 2024-06-02 12:39:37 Image size of job updated: 350884
	343  -  MemoryUsage of job (MB)
	350696  -  ResidentSetSize of job (KB)
...
006 (263849.070.000) 2024-06-02 12:44:38 Image size of job updated: 1149144
	1022  -  MemoryUsage of job (MB)
	1046376  -  ResidentSetSize of job (KB)
...
006 (263849.070.000) 2024-06-02 12:49:39 Image size of job updated: 1253312
	1059  -  MemoryUsage of job (MB)
	1083396  -  ResidentSetSize of job (KB)
...
006 (263849.070.000) 2024-06-02 13:09:41 Image size of job updated: 1253312
	1104  -  MemoryUsage of job (MB)
	1129748  -  ResidentSetSize of job (KB)
...
006 (263849.070.000) 2024-06-02 13:34:44 Image size of job updated: 1258820
	1104  -  MemoryUsage of job (MB)
	1129748  -  ResidentSetSize of job (KB)
...
006 (263849.070.000) 2024-06-02 13:39:44 Image size of job updated: 1276304
	1104  -  MemoryUsage of job (MB)
	1129748  -  ResidentSetSize of job (KB)
...
006 (263849.070.000) 2024-06-02 13:44:44 Image size of job updated: 1278904
	1164  -  MemoryUsage of job (MB)
	1191116  -  ResidentSetSize of job (KB)
...
006 (263849.070.000) 2024-06-02 13:49:45 Image size of job updated: 1278904
	1168  -  MemoryUsage of job (MB)
	1195532  -  ResidentSetSize of job (KB)
...
006 (263849.070.000) 2024-06-02 13:54:47 Image size of job updated: 1300900
	1168  -  MemoryUsage of job (MB)
	1195532  -  ResidentSetSize of job (KB)
...
006 (263849.070.000) 2024-06-02 13:59:45 Image size of job updated: 1372240
	1187  -  MemoryUsage of job (MB)
	1215076  -  ResidentSetSize of job (KB)
...
040 (263849.070.000) 2024-06-02 14:02:40 Started transferring output files
...
040 (263849.070.000) 2024-06-02 14:02:40 Finished transferring output files
...
005 (263849.070.000) 2024-06-02 14:02:40 Job terminated.
	(1) Normal termination (return value 0)
		Usr 0 01:06:42, Sys 0 00:15:46  -  Run Remote Usage
		Usr 0 00:00:00, Sys 0 00:00:00  -  Run Local Usage
		Usr 0 01:06:42, Sys 0 00:15:46  -  Total Remote Usage
		Usr 0 00:00:00, Sys 0 00:00:00  -  Total Local Usage
	269000  -  Run Bytes Sent By Job
	5798  -  Run Bytes Received By Job
	269000  -  Total Bytes Sent By Job
	5798  -  Total Bytes Received By Job
	Partitionable Resources :      Usage  Request Allocated 
	   Cpus                 :       0.99        1         1 
	   Disk (KB)            : 1258048    15728640  15729793 
	   GPUs                 :                             0 
	   IoHeavy              :                             0 
	   Memory (MB)          :    1187        4096      4096 
	   TimeExecute (s)      :    4992                       
	   TimeSlotBusy (s)     :    4995                       

	Job terminated of its own accord at 2024-06-02T19:02:40Z with exit-code 0.
...
