000 (263849.056.000) 2024-06-02 01:27:42 Job submitted from host: <128.105.68.112:9618?addrs=128.105.68.112-9618+[2607-f388-2200-100-eaeb-d3ff-fea3-4202]-9618&alias=ap2001.chtc.wisc.edu&noUDP&sock=schedd_3266430_de54>
...
040 (263849.056.000) 2024-06-02 09:56:20 Started transferring input files
	Transferring to host: <128.105.69.107:9618?addrs=128.105.69.107-9618+[2607-f388-2200-100-1270-fdff-fe56-bfe4]-9618&alias=e4056.chtc.wisc.edu&noUDP&sock=slot1_5_2844050_427d_96225>
...
040 (263849.056.000) 2024-06-02 09:56:23 Finished transferring input files
...
001 (263849.056.000) 2024-06-02 09:56:24 Job executing on host: <128.105.69.107:9618?addrs=128.105.69.107-9618+[2607-f388-2200-100-1270-fdff-fe56-bfe4]-9618&alias=e4056.chtc.wisc.edu&noUDP&sock=startd_20383_9eff>
	SlotName: slot1_5@e4056.chtc.wisc.edu
	CondorScratchDir = "/var/lib/condor/execute/slot1/dir_1597195"
	Cpus = 1
	Disk = 15729793
	GPUs = 0
	IoHeavy = 0
	Memory = 4096
...
006 (263849.056.000) 2024-06-02 09:56:33 Image size of job updated: 425016
	416  -  MemoryUsage of job (MB)
	425016  -  ResidentSetSize of job (KB)
...
006 (263849.056.000) 2024-06-02 10:01:34 Image size of job updated: 1305092
	1124  -  MemoryUsage of job (MB)
	1150756  -  ResidentSetSize of job (KB)
...
006 (263849.056.000) 2024-06-02 10:06:35 Image size of job updated: 1309248
	1166  -  MemoryUsage of job (MB)
	1193624  -  ResidentSetSize of job (KB)
...
006 (263849.056.000) 2024-06-02 10:11:35 Image size of job updated: 1310912
	1174  -  MemoryUsage of job (MB)
	1201420  -  ResidentSetSize of job (KB)
...
006 (263849.056.000) 2024-06-02 10:16:36 Image size of job updated: 1312156
	1174  -  MemoryUsage of job (MB)
	1201420  -  ResidentSetSize of job (KB)
...
006 (263849.056.000) 2024-06-02 10:26:37 Image size of job updated: 1312156
	1215  -  MemoryUsage of job (MB)
	1243152  -  ResidentSetSize of job (KB)
...
006 (263849.056.000) 2024-06-02 10:36:38 Image size of job updated: 1316468
	1215  -  MemoryUsage of job (MB)
	1243152  -  ResidentSetSize of job (KB)
...
006 (263849.056.000) 2024-06-02 10:56:39 Image size of job updated: 1329220
	1215  -  MemoryUsage of job (MB)
	1243152  -  ResidentSetSize of job (KB)
...
006 (263849.056.000) 2024-06-02 11:01:39 Image size of job updated: 1356176
	1215  -  MemoryUsage of job (MB)
	1243152  -  ResidentSetSize of job (KB)
...
006 (263849.056.000) 2024-06-02 11:41:45 Image size of job updated: 1398384
	1272  -  MemoryUsage of job (MB)
	1301632  -  ResidentSetSize of job (KB)
...
006 (263849.056.000) 2024-06-02 12:01:47 Image size of job updated: 1443580
	1272  -  MemoryUsage of job (MB)
	1301632  -  ResidentSetSize of job (KB)
...
006 (263849.056.000) 2024-06-02 12:16:49 Image size of job updated: 1443580
	1299  -  MemoryUsage of job (MB)
	1329736  -  ResidentSetSize of job (KB)
...
006 (263849.056.000) 2024-06-02 12:21:50 Image size of job updated: 1443580
	1324  -  MemoryUsage of job (MB)
	1354764  -  ResidentSetSize of job (KB)
...
006 (263849.056.000) 2024-06-02 12:26:51 Image size of job updated: 1443580
	1327  -  MemoryUsage of job (MB)
	1358348  -  ResidentSetSize of job (KB)
...
006 (263849.056.000) 2024-06-02 12:31:05 Image size of job updated: 1626648
	1327  -  MemoryUsage of job (MB)
	1358348  -  ResidentSetSize of job (KB)
...
040 (263849.056.000) 2024-06-02 12:31:05 Started transferring output files
...
040 (263849.056.000) 2024-06-02 12:31:05 Finished transferring output files
...
005 (263849.056.000) 2024-06-02 12:31:05 Job terminated.
	(1) Normal termination (return value 0)
		Usr 0 02:00:35, Sys 0 00:32:42  -  Run Remote Usage
		Usr 0 00:00:00, Sys 0 00:00:00  -  Run Local Usage
		Usr 0 02:00:35, Sys 0 00:32:42  -  Total Remote Usage
		Usr 0 00:00:00, Sys 0 00:00:00  -  Total Local Usage
	269902  -  Run Bytes Sent By Job
	5798  -  Run Bytes Received By Job
	269902  -  Total Bytes Sent By Job
	5798  -  Total Bytes Received By Job
	Partitionable Resources :      Usage  Request Allocated 
	   Cpus                 :       0.99        1         1 
	   Disk (KB)            : 1413770    15728640  15729793 
	   GPUs                 :                             0 
	   IoHeavy              :                             0 
	   Memory (MB)          :    1327        4096      4096 
	   TimeExecute (s)      :    9281                       
	   TimeSlotBusy (s)     :    9285                       

	Job terminated of its own accord at 2024-06-02T17:31:05Z with exit-code 0.
...
