000 (263849.111.000) 2024-06-02 01:27:42 Job submitted from host: <128.105.68.112:9618?addrs=128.105.68.112-9618+[2607-f388-2200-100-eaeb-d3ff-fea3-4202]-9618&alias=ap2001.chtc.wisc.edu&noUDP&sock=schedd_3266430_de54>
...
040 (263849.111.000) 2024-06-02 13:24:44 Started transferring input files
	Transferring to host: <128.105.69.107:9618?addrs=128.105.69.107-9618+[2607-f388-2200-100-1270-fdff-fe56-bfe4]-9618&alias=e4056.chtc.wisc.edu&noUDP&sock=slot1_60_2844050_427d_96670>
...
040 (263849.111.000) 2024-06-02 13:24:51 Finished transferring input files
...
001 (263849.111.000) 2024-06-02 13:24:52 Job executing on host: <128.105.69.107:9618?addrs=128.105.69.107-9618+[2607-f388-2200-100-1270-fdff-fe56-bfe4]-9618&alias=e4056.chtc.wisc.edu&noUDP&sock=startd_20383_9eff>
	SlotName: slot1_60@e4056.chtc.wisc.edu
	CondorScratchDir = "/var/lib/condor/execute/slot1/dir_1624375"
	Cpus = 1
	Disk = 15729793
	GPUs = 0
	IoHeavy = 0
	Memory = 4096
...
006 (263849.111.000) 2024-06-02 13:25:01 Image size of job updated: 443948
	434  -  MemoryUsage of job (MB)
	443712  -  ResidentSetSize of job (KB)
...
006 (263849.111.000) 2024-06-02 13:30:02 Image size of job updated: 1825968
	1643  -  MemoryUsage of job (MB)
	1681840  -  ResidentSetSize of job (KB)
...
006 (263849.111.000) 2024-06-02 13:35:02 Image size of job updated: 2047292
	1848  -  MemoryUsage of job (MB)
	1891780  -  ResidentSetSize of job (KB)
...
006 (263849.111.000) 2024-06-02 14:15:06 Image size of job updated: 2056688
	1848  -  MemoryUsage of job (MB)
	1891780  -  ResidentSetSize of job (KB)
...
006 (263849.111.000) 2024-06-02 14:50:10 Image size of job updated: 2093360
	1848  -  MemoryUsage of job (MB)
	1891780  -  ResidentSetSize of job (KB)
...
006 (263849.111.000) 2024-06-02 15:00:10 Image size of job updated: 2093360
	1855  -  MemoryUsage of job (MB)
	1898568  -  ResidentSetSize of job (KB)
...
006 (263849.111.000) 2024-06-02 15:55:17 Image size of job updated: 2093360
	1867  -  MemoryUsage of job (MB)
	1911600  -  ResidentSetSize of job (KB)
...
006 (263849.111.000) 2024-06-02 16:03:56 Image size of job updated: 2348672
	1867  -  MemoryUsage of job (MB)
	1911600  -  ResidentSetSize of job (KB)
...
040 (263849.111.000) 2024-06-02 16:03:56 Started transferring output files
...
040 (263849.111.000) 2024-06-02 16:03:56 Finished transferring output files
...
005 (263849.111.000) 2024-06-02 16:03:56 Job terminated.
	(1) Normal termination (return value 0)
		Usr 0 02:07:42, Sys 0 00:29:41  -  Run Remote Usage
		Usr 0 00:00:00, Sys 0 00:00:00  -  Run Local Usage
		Usr 0 02:07:42, Sys 0 00:29:41  -  Total Remote Usage
		Usr 0 00:00:00, Sys 0 00:00:00  -  Total Local Usage
	271458  -  Run Bytes Sent By Job
	5798  -  Run Bytes Received By Job
	271458  -  Total Bytes Sent By Job
	5798  -  Total Bytes Received By Job
	Partitionable Resources :      Usage  Request Allocated 
	   Cpus                 :       1.01        1         1 
	   Disk (KB)            : 1868467    15728640  15729793 
	   GPUs                 :                             0 
	   IoHeavy              :                             0 
	   Memory (MB)          :    1867        4096      4096 
	   TimeExecute (s)      :    9544                       
	   TimeSlotBusy (s)     :    9552                       

	Job terminated of its own accord at 2024-06-02T21:03:56Z with exit-code 0.
...
