000 (263849.017.000) 2024-06-02 01:27:42 Job submitted from host: <128.105.68.112:9618?addrs=128.105.68.112-9618+[2607-f388-2200-100-eaeb-d3ff-fea3-4202]-9618&alias=ap2001.chtc.wisc.edu&noUDP&sock=schedd_3266430_de54>
...
040 (263849.017.000) 2024-06-02 03:21:34 Started transferring input files
	Transferring to host: <128.105.69.107:9618?addrs=128.105.69.107-9618+[2607-f388-2200-100-1270-fdff-fe56-bfe4]-9618&alias=e4056.chtc.wisc.edu&noUDP&sock=slot1_28_2844050_427d_95457>
...
040 (263849.017.000) 2024-06-02 03:21:44 Finished transferring input files
...
001 (263849.017.000) 2024-06-02 03:21:45 Job executing on host: <128.105.69.107:9618?addrs=128.105.69.107-9618+[2607-f388-2200-100-1270-fdff-fe56-bfe4]-9618&alias=e4056.chtc.wisc.edu&noUDP&sock=startd_20383_9eff>
	SlotName: slot1_28@e4056.chtc.wisc.edu
	CondorScratchDir = "/var/lib/condor/execute/slot1/dir_1553473"
	Cpus = 1
	Disk = 15729793
	GPUs = 0
	IoHeavy = 0
	Memory = 4096
...
006 (263849.017.000) 2024-06-02 03:21:54 Image size of job updated: 353928
	346  -  MemoryUsage of job (MB)
	353928  -  ResidentSetSize of job (KB)
...
006 (263849.017.000) 2024-06-02 03:26:55 Image size of job updated: 1627140
	1156  -  MemoryUsage of job (MB)
	1183468  -  ResidentSetSize of job (KB)
...
006 (263849.017.000) 2024-06-02 03:31:55 Image size of job updated: 1627140
	1163  -  MemoryUsage of job (MB)
	1190736  -  ResidentSetSize of job (KB)
...
006 (263849.017.000) 2024-06-02 03:36:55 Image size of job updated: 1662776
	1206  -  MemoryUsage of job (MB)
	1234100  -  ResidentSetSize of job (KB)
...
006 (263849.017.000) 2024-06-02 03:41:56 Image size of job updated: 1662776
	1505  -  MemoryUsage of job (MB)
	1540668  -  ResidentSetSize of job (KB)
...
006 (263849.017.000) 2024-06-02 03:46:57 Image size of job updated: 1678164
	1505  -  MemoryUsage of job (MB)
	1540668  -  ResidentSetSize of job (KB)
...
006 (263849.017.000) 2024-06-02 04:01:59 Image size of job updated: 1755788
	1583  -  MemoryUsage of job (MB)
	1620708  -  ResidentSetSize of job (KB)
...
006 (263849.017.000) 2024-06-02 06:45:42 Image size of job updated: 1865292
	1583  -  MemoryUsage of job (MB)
	1620708  -  ResidentSetSize of job (KB)
...
040 (263849.017.000) 2024-06-02 06:45:42 Started transferring output files
...
040 (263849.017.000) 2024-06-02 06:45:42 Finished transferring output files
...
005 (263849.017.000) 2024-06-02 06:45:42 Job terminated.
	(1) Normal termination (return value 0)
		Usr 0 02:41:39, Sys 0 00:39:34  -  Run Remote Usage
		Usr 0 00:00:00, Sys 0 00:00:00  -  Run Local Usage
		Usr 0 02:41:39, Sys 0 00:39:34  -  Total Remote Usage
		Usr 0 00:00:00, Sys 0 00:00:00  -  Total Local Usage
	271070  -  Run Bytes Sent By Job
	5798  -  Run Bytes Received By Job
	271070  -  Total Bytes Sent By Job
	5798  -  Total Bytes Received By Job
	Partitionable Resources :      Usage  Request Allocated 
	   Cpus                 :       0.99        1         1 
	   Disk (KB)            : 1560994    15728640  15729793 
	   GPUs                 :                             0 
	   IoHeavy              :                             0 
	   Memory (MB)          :    1583        4096      4096 
	   TimeExecute (s)      :   12237                       
	   TimeSlotBusy (s)     :   12248                       

	Job terminated of its own accord at 2024-06-02T11:45:42Z with exit-code 0.
...
