000 (263849.084.000) 2024-06-02 01:27:42 Job submitted from host: <128.105.68.112:9618?addrs=128.105.68.112-9618+[2607-f388-2200-100-eaeb-d3ff-fea3-4202]-9618&alias=ap2001.chtc.wisc.edu&noUDP&sock=schedd_3266430_de54>
...
040 (263849.084.000) 2024-06-02 13:20:43 Started transferring input files
	Transferring to host: <128.105.69.107:9618?addrs=128.105.69.107-9618+[2607-f388-2200-100-1270-fdff-fe56-bfe4]-9618&alias=e4056.chtc.wisc.edu&noUDP&sock=slot1_36_2844050_427d_96638>
...
040 (263849.084.000) 2024-06-02 13:21:02 Finished transferring input files
...
001 (263849.084.000) 2024-06-02 13:21:03 Job executing on host: <128.105.69.107:9618?addrs=128.105.69.107-9618+[2607-f388-2200-100-1270-fdff-fe56-bfe4]-9618&alias=e4056.chtc.wisc.edu&noUDP&sock=startd_20383_9eff>
	SlotName: slot1_36@e4056.chtc.wisc.edu
	CondorScratchDir = "/var/lib/condor/execute/slot1/dir_1619007"
	Cpus = 1
	Disk = 15729793
	GPUs = 0
	IoHeavy = 0
	Memory = 4096
...
006 (263849.084.000) 2024-06-02 13:21:12 Image size of job updated: 232252
	227  -  MemoryUsage of job (MB)
	232252  -  ResidentSetSize of job (KB)
...
006 (263849.084.000) 2024-06-02 13:26:13 Image size of job updated: 1390636
	1261  -  MemoryUsage of job (MB)
	1290956  -  ResidentSetSize of job (KB)
...
006 (263849.084.000) 2024-06-02 13:31:14 Image size of job updated: 1426212
	1290  -  MemoryUsage of job (MB)
	1320520  -  ResidentSetSize of job (KB)
...
006 (263849.084.000) 2024-06-02 13:36:14 Image size of job updated: 1432584
	1290  -  MemoryUsage of job (MB)
	1320520  -  ResidentSetSize of job (KB)
...
006 (263849.084.000) 2024-06-02 13:41:15 Image size of job updated: 1521280
	1290  -  MemoryUsage of job (MB)
	1320520  -  ResidentSetSize of job (KB)
...
006 (263849.084.000) 2024-06-02 13:51:16 Image size of job updated: 1536168
	1312  -  MemoryUsage of job (MB)
	1342588  -  ResidentSetSize of job (KB)
...
006 (263849.084.000) 2024-06-02 13:56:16 Image size of job updated: 1569760
	1402  -  MemoryUsage of job (MB)
	1435092  -  ResidentSetSize of job (KB)
...
006 (263849.084.000) 2024-06-02 14:01:17 Image size of job updated: 1569780
	1402  -  MemoryUsage of job (MB)
	1435092  -  ResidentSetSize of job (KB)
...
006 (263849.084.000) 2024-06-02 14:11:17 Image size of job updated: 1595828
	1402  -  MemoryUsage of job (MB)
	1435092  -  ResidentSetSize of job (KB)
...
006 (263849.084.000) 2024-06-02 14:56:23 Image size of job updated: 1689612
	1402  -  MemoryUsage of job (MB)
	1435092  -  ResidentSetSize of job (KB)
...
006 (263849.084.000) 2024-06-02 15:01:24 Image size of job updated: 1690332
	1402  -  MemoryUsage of job (MB)
	1435092  -  ResidentSetSize of job (KB)
...
006 (263849.084.000) 2024-06-02 15:11:25 Image size of job updated: 1814288
	1402  -  MemoryUsage of job (MB)
	1435092  -  ResidentSetSize of job (KB)
...
040 (263849.084.000) 2024-06-02 15:15:30 Started transferring output files
...
040 (263849.084.000) 2024-06-02 15:15:30 Finished transferring output files
...
005 (263849.084.000) 2024-06-02 15:15:30 Job terminated.
	(1) Normal termination (return value 0)
		Usr 0 01:32:58, Sys 0 00:20:01  -  Run Remote Usage
		Usr 0 00:00:00, Sys 0 00:00:00  -  Run Local Usage
		Usr 0 01:32:58, Sys 0 00:20:01  -  Total Remote Usage
		Usr 0 00:00:00, Sys 0 00:00:00  -  Total Local Usage
	271564  -  Run Bytes Sent By Job
	5798  -  Run Bytes Received By Job
	271564  -  Total Bytes Sent By Job
	5798  -  Total Bytes Received By Job
	Partitionable Resources :      Usage  Request Allocated 
	   Cpus                 :       0.98        1         1 
	   Disk (KB)            : 1357044    15728640  15729793 
	   GPUs                 :                             0 
	   IoHeavy              :                             0 
	   Memory (MB)          :    1402        4096      4096 
	   TimeExecute (s)      :    6867                       
	   TimeSlotBusy (s)     :    6887                       

	Job terminated of its own accord at 2024-06-02T20:15:30Z with exit-code 0.
...
