000 (263849.046.000) 2024-06-02 01:27:42 Job submitted from host: <128.105.68.112:9618?addrs=128.105.68.112-9618+[2607-f388-2200-100-eaeb-d3ff-fea3-4202]-9618&alias=ap2001.chtc.wisc.edu&noUDP&sock=schedd_3266430_de54>
...
040 (263849.046.000) 2024-06-02 08:50:16 Started transferring input files
	Transferring to host: <128.105.69.107:9618?addrs=128.105.69.107-9618+[2607-f388-2200-100-1270-fdff-fe56-bfe4]-9618&alias=e4056.chtc.wisc.edu&noUDP&sock=slot1_28_2844050_427d_96096>
...
040 (263849.046.000) 2024-06-02 08:50:19 Finished transferring input files
...
001 (263849.046.000) 2024-06-02 08:50:20 Job executing on host: <128.105.69.107:9618?addrs=128.105.69.107-9618+[2607-f388-2200-100-1270-fdff-fe56-bfe4]-9618&alias=e4056.chtc.wisc.edu&noUDP&sock=startd_20383_9eff>
	SlotName: slot1_28@e4056.chtc.wisc.edu
	CondorScratchDir = "/var/lib/condor/execute/slot1/dir_1590214"
	Cpus = 1
	Disk = 15729793
	GPUs = 0
	IoHeavy = 0
	Memory = 4096
...
006 (263849.046.000) 2024-06-02 08:50:29 Image size of job updated: 383608
	375  -  MemoryUsage of job (MB)
	383608  -  ResidentSetSize of job (KB)
...
006 (263849.046.000) 2024-06-02 08:55:30 Image size of job updated: 1543048
	1279  -  MemoryUsage of job (MB)
	1309308  -  ResidentSetSize of job (KB)
...
006 (263849.046.000) 2024-06-02 09:05:30 Image size of job updated: 1543048
	1359  -  MemoryUsage of job (MB)
	1391424  -  ResidentSetSize of job (KB)
...
006 (263849.046.000) 2024-06-02 09:15:31 Image size of job updated: 1583976
	1367  -  MemoryUsage of job (MB)
	1399224  -  ResidentSetSize of job (KB)
...
006 (263849.046.000) 2024-06-02 09:20:31 Image size of job updated: 1583976
	1396  -  MemoryUsage of job (MB)
	1428884  -  ResidentSetSize of job (KB)
...
006 (263849.046.000) 2024-06-02 09:25:32 Image size of job updated: 1628676
	1478  -  MemoryUsage of job (MB)
	1513352  -  ResidentSetSize of job (KB)
...
006 (263849.046.000) 2024-06-02 09:50:33 Image size of job updated: 1636824
	1478  -  MemoryUsage of job (MB)
	1513352  -  ResidentSetSize of job (KB)
...
006 (263849.046.000) 2024-06-02 10:25:36 Image size of job updated: 1647292
	1520  -  MemoryUsage of job (MB)
	1556448  -  ResidentSetSize of job (KB)
...
006 (263849.046.000) 2024-06-02 10:30:37 Image size of job updated: 1656092
	1525  -  MemoryUsage of job (MB)
	1560800  -  ResidentSetSize of job (KB)
...
006 (263849.046.000) 2024-06-02 10:55:40 Image size of job updated: 1684708
	1525  -  MemoryUsage of job (MB)
	1560800  -  ResidentSetSize of job (KB)
...
006 (263849.046.000) 2024-06-02 11:35:45 Image size of job updated: 1692272
	1525  -  MemoryUsage of job (MB)
	1560800  -  ResidentSetSize of job (KB)
...
006 (263849.046.000) 2024-06-02 12:08:22 Image size of job updated: 1833204
	1525  -  MemoryUsage of job (MB)
	1560800  -  ResidentSetSize of job (KB)
...
040 (263849.046.000) 2024-06-02 12:08:22 Started transferring output files
...
040 (263849.046.000) 2024-06-02 12:08:22 Finished transferring output files
...
005 (263849.046.000) 2024-06-02 12:08:22 Job terminated.
	(1) Normal termination (return value 0)
		Usr 0 02:34:49, Sys 0 00:41:26  -  Run Remote Usage
		Usr 0 00:00:00, Sys 0 00:00:00  -  Run Local Usage
		Usr 0 02:34:49, Sys 0 00:41:26  -  Total Remote Usage
		Usr 0 00:00:00, Sys 0 00:00:00  -  Total Local Usage
	271382  -  Run Bytes Sent By Job
	5798  -  Run Bytes Received By Job
	271382  -  Total Bytes Sent By Job
	5798  -  Total Bytes Received By Job
	Partitionable Resources :      Usage  Request Allocated 
	   Cpus                 :       0.99        1         1 
	   Disk (KB)            : 1536665    15728640  15729793 
	   GPUs                 :                             0 
	   IoHeavy              :                             0 
	   Memory (MB)          :    1525        4096      4096 
	   TimeExecute (s)      :   11882                       
	   TimeSlotBusy (s)     :   11886                       

	Job terminated of its own accord at 2024-06-02T17:08:22Z with exit-code 0.
...
