000 (263849.082.000) 2024-06-02 01:27:42 Job submitted from host: <128.105.68.112:9618?addrs=128.105.68.112-9618+[2607-f388-2200-100-eaeb-d3ff-fea3-4202]-9618&alias=ap2001.chtc.wisc.edu&noUDP&sock=schedd_3266430_de54>
...
040 (263849.082.000) 2024-06-02 13:20:43 Started transferring input files
	Transferring to host: <128.105.69.107:9618?addrs=128.105.69.107-9618+[2607-f388-2200-100-1270-fdff-fe56-bfe4]-9618&alias=e4056.chtc.wisc.edu&noUDP&sock=slot1_34_2844050_427d_96636>
...
040 (263849.082.000) 2024-06-02 13:21:01 Finished transferring input files
...
001 (263849.082.000) 2024-06-02 13:21:02 Job executing on host: <128.105.69.107:9618?addrs=128.105.69.107-9618+[2607-f388-2200-100-1270-fdff-fe56-bfe4]-9618&alias=e4056.chtc.wisc.edu&noUDP&sock=startd_20383_9eff>
	SlotName: slot1_34@e4056.chtc.wisc.edu
	CondorScratchDir = "/var/lib/condor/execute/slot1/dir_1618914"
	Cpus = 1
	Disk = 15729793
	GPUs = 0
	IoHeavy = 0
	Memory = 4096
...
006 (263849.082.000) 2024-06-02 13:21:10 Image size of job updated: 219860
	215  -  MemoryUsage of job (MB)
	219612  -  ResidentSetSize of job (KB)
...
006 (263849.082.000) 2024-06-02 13:26:10 Image size of job updated: 1154428
	1057  -  MemoryUsage of job (MB)
	1082148  -  ResidentSetSize of job (KB)
...
006 (263849.082.000) 2024-06-02 13:31:11 Image size of job updated: 1154428
	1074  -  MemoryUsage of job (MB)
	1099092  -  ResidentSetSize of job (KB)
...
006 (263849.082.000) 2024-06-02 13:36:11 Image size of job updated: 1158236
	1078  -  MemoryUsage of job (MB)
	1103080  -  ResidentSetSize of job (KB)
...
006 (263849.082.000) 2024-06-02 13:41:11 Image size of job updated: 1172608
	1086  -  MemoryUsage of job (MB)
	1112060  -  ResidentSetSize of job (KB)
...
006 (263849.082.000) 2024-06-02 13:46:12 Image size of job updated: 1188112
	1086  -  MemoryUsage of job (MB)
	1112060  -  ResidentSetSize of job (KB)
...
006 (263849.082.000) 2024-06-02 13:51:13 Image size of job updated: 1193224
	1086  -  MemoryUsage of job (MB)
	1112060  -  ResidentSetSize of job (KB)
...
006 (263849.082.000) 2024-06-02 13:56:13 Image size of job updated: 1193224
	1122  -  MemoryUsage of job (MB)
	1148560  -  ResidentSetSize of job (KB)
...
006 (263849.082.000) 2024-06-02 14:01:14 Image size of job updated: 1205984
	1125  -  MemoryUsage of job (MB)
	1151632  -  ResidentSetSize of job (KB)
...
006 (263849.082.000) 2024-06-02 14:06:15 Image size of job updated: 1205984
	1136  -  MemoryUsage of job (MB)
	1163212  -  ResidentSetSize of job (KB)
...
006 (263849.082.000) 2024-06-02 14:11:15 Image size of job updated: 1218524
	1142  -  MemoryUsage of job (MB)
	1169100  -  ResidentSetSize of job (KB)
...
006 (263849.082.000) 2024-06-02 14:16:15 Image size of job updated: 1243580
	1163  -  MemoryUsage of job (MB)
	1190752  -  ResidentSetSize of job (KB)
...
006 (263849.082.000) 2024-06-02 14:21:16 Image size of job updated: 1245172
	1188  -  MemoryUsage of job (MB)
	1215568  -  ResidentSetSize of job (KB)
...
006 (263849.082.000) 2024-06-02 14:26:16 Image size of job updated: 1275872
	1215  -  MemoryUsage of job (MB)
	1243300  -  ResidentSetSize of job (KB)
...
006 (263849.082.000) 2024-06-02 14:31:16 Image size of job updated: 1280636
	1215  -  MemoryUsage of job (MB)
	1243300  -  ResidentSetSize of job (KB)
...
006 (263849.082.000) 2024-06-02 14:34:45 Image size of job updated: 1464120
	1215  -  MemoryUsage of job (MB)
	1243300  -  ResidentSetSize of job (KB)
...
040 (263849.082.000) 2024-06-02 14:34:45 Started transferring output files
...
040 (263849.082.000) 2024-06-02 14:34:45 Finished transferring output files
...
005 (263849.082.000) 2024-06-02 14:34:45 Job terminated.
	(1) Normal termination (return value 0)
		Usr 0 01:01:01, Sys 0 00:11:38  -  Run Remote Usage
		Usr 0 00:00:00, Sys 0 00:00:00  -  Run Local Usage
		Usr 0 01:01:01, Sys 0 00:11:38  -  Total Remote Usage
		Usr 0 00:00:00, Sys 0 00:00:00  -  Total Local Usage
	270278  -  Run Bytes Sent By Job
	5798  -  Run Bytes Received By Job
	270278  -  Total Bytes Sent By Job
	5798  -  Total Bytes Received By Job
	Partitionable Resources :      Usage  Request Allocated 
	   Cpus                 :       0.99        1         1 
	   Disk (KB)            : 1326120    15728640  15729793 
	   GPUs                 :                             0 
	   IoHeavy              :                             0 
	   Memory (MB)          :    1215        4096      4096 
	   TimeExecute (s)      :    4423                       
	   TimeSlotBusy (s)     :    4442                       

	Job terminated of its own accord at 2024-06-02T19:34:45Z with exit-code 0.
...
