000 (263849.087.000) 2024-06-02 01:27:42 Job submitted from host: <128.105.68.112:9618?addrs=128.105.68.112-9618+[2607-f388-2200-100-eaeb-d3ff-fea3-4202]-9618&alias=ap2001.chtc.wisc.edu&noUDP&sock=schedd_3266430_de54>
...
040 (263849.087.000) 2024-06-02 13:20:43 Started transferring input files
	Transferring to host: <128.105.69.107:9618?addrs=128.105.69.107-9618+[2607-f388-2200-100-1270-fdff-fe56-bfe4]-9618&alias=e4056.chtc.wisc.edu&noUDP&sock=slot1_39_2844050_427d_96641>
...
040 (263849.087.000) 2024-06-02 13:21:02 Finished transferring input files
...
001 (263849.087.000) 2024-06-02 13:21:03 Job executing on host: <128.105.69.107:9618?addrs=128.105.69.107-9618+[2607-f388-2200-100-1270-fdff-fe56-bfe4]-9618&alias=e4056.chtc.wisc.edu&noUDP&sock=startd_20383_9eff>
	SlotName: slot1_39@e4056.chtc.wisc.edu
	CondorScratchDir = "/var/lib/condor/execute/slot1/dir_1619084"
	Cpus = 1
	Disk = 15729793
	GPUs = 0
	IoHeavy = 0
	Memory = 4096
...
006 (263849.087.000) 2024-06-02 13:21:12 Image size of job updated: 249756
	244  -  MemoryUsage of job (MB)
	249508  -  ResidentSetSize of job (KB)
...
006 (263849.087.000) 2024-06-02 13:26:13 Image size of job updated: 1009052
	923  -  MemoryUsage of job (MB)
	944732  -  ResidentSetSize of job (KB)
...
006 (263849.087.000) 2024-06-02 13:31:13 Image size of job updated: 1031728
	961  -  MemoryUsage of job (MB)
	983084  -  ResidentSetSize of job (KB)
...
006 (263849.087.000) 2024-06-02 13:36:14 Image size of job updated: 1062708
	961  -  MemoryUsage of job (MB)
	983084  -  ResidentSetSize of job (KB)
...
006 (263849.087.000) 2024-06-02 13:41:15 Image size of job updated: 1062708
	984  -  MemoryUsage of job (MB)
	1007348  -  ResidentSetSize of job (KB)
...
006 (263849.087.000) 2024-06-02 13:46:15 Image size of job updated: 1086812
	985  -  MemoryUsage of job (MB)
	1008456  -  ResidentSetSize of job (KB)
...
006 (263849.087.000) 2024-06-02 13:51:16 Image size of job updated: 1091176
	996  -  MemoryUsage of job (MB)
	1019464  -  ResidentSetSize of job (KB)
...
006 (263849.087.000) 2024-06-02 13:56:17 Image size of job updated: 1106860
	996  -  MemoryUsage of job (MB)
	1019464  -  ResidentSetSize of job (KB)
...
006 (263849.087.000) 2024-06-02 14:01:17 Image size of job updated: 1220808
	1028  -  MemoryUsage of job (MB)
	1051972  -  ResidentSetSize of job (KB)
...
006 (263849.087.000) 2024-06-02 14:06:17 Image size of job updated: 1220808
	1064  -  MemoryUsage of job (MB)
	1089140  -  ResidentSetSize of job (KB)
...
006 (263849.087.000) 2024-06-02 14:09:04 Image size of job updated: 1354748
	1064  -  MemoryUsage of job (MB)
	1089140  -  ResidentSetSize of job (KB)
...
040 (263849.087.000) 2024-06-02 14:09:04 Started transferring output files
...
040 (263849.087.000) 2024-06-02 14:09:04 Finished transferring output files
...
005 (263849.087.000) 2024-06-02 14:09:04 Job terminated.
	(1) Normal termination (return value 0)
		Usr 0 00:41:14, Sys 0 00:05:59  -  Run Remote Usage
		Usr 0 00:00:00, Sys 0 00:00:00  -  Run Local Usage
		Usr 0 00:41:14, Sys 0 00:05:59  -  Total Remote Usage
		Usr 0 00:00:00, Sys 0 00:00:00  -  Total Local Usage
	271456  -  Run Bytes Sent By Job
	5798  -  Run Bytes Received By Job
	271456  -  Total Bytes Sent By Job
	5798  -  Total Bytes Received By Job
	Partitionable Resources :      Usage  Request Allocated 
	   Cpus                 :       0.99        1         1 
	   Disk (KB)            : 1241993    15728640  15729793 
	   GPUs                 :                             0 
	   IoHeavy              :                             0 
	   Memory (MB)          :    1064        4096      4096 
	   TimeExecute (s)      :    2881                       
	   TimeSlotBusy (s)     :    2901                       

	Job terminated of its own accord at 2024-06-02T19:09:04Z with exit-code 0.
...
