000 (263849.101.000) 2024-06-02 01:27:42 Job submitted from host: <128.105.68.112:9618?addrs=128.105.68.112-9618+[2607-f388-2200-100-eaeb-d3ff-fea3-4202]-9618&alias=ap2001.chtc.wisc.edu&noUDP&sock=schedd_3266430_de54>
...
040 (263849.101.000) 2024-06-02 13:20:45 Started transferring input files
	Transferring to host: <128.105.69.107:9618?addrs=128.105.69.107-9618+[2607-f388-2200-100-1270-fdff-fe56-bfe4]-9618&alias=e4056.chtc.wisc.edu&noUDP&sock=slot1_53_2844050_427d_96655>
...
040 (263849.101.000) 2024-06-02 13:21:03 Finished transferring input files
...
001 (263849.101.000) 2024-06-02 13:21:04 Job executing on host: <128.105.69.107:9618?addrs=128.105.69.107-9618+[2607-f388-2200-100-1270-fdff-fe56-bfe4]-9618&alias=e4056.chtc.wisc.edu&noUDP&sock=startd_20383_9eff>
	SlotName: slot1_53@e4056.chtc.wisc.edu
	CondorScratchDir = "/var/lib/condor/execute/slot1/dir_1619492"
	Cpus = 1
	Disk = 15729793
	GPUs = 0
	IoHeavy = 0
	Memory = 4096
...
006 (263849.101.000) 2024-06-02 13:21:13 Image size of job updated: 236672
	232  -  MemoryUsage of job (MB)
	236672  -  ResidentSetSize of job (KB)
...
006 (263849.101.000) 2024-06-02 13:26:14 Image size of job updated: 1163488
	950  -  MemoryUsage of job (MB)
	971920  -  ResidentSetSize of job (KB)
...
006 (263849.101.000) 2024-06-02 13:31:14 Image size of job updated: 1163488
	954  -  MemoryUsage of job (MB)
	975908  -  ResidentSetSize of job (KB)
...
006 (263849.101.000) 2024-06-02 13:36:15 Image size of job updated: 1191852
	1125  -  MemoryUsage of job (MB)
	1151980  -  ResidentSetSize of job (KB)
...
006 (263849.101.000) 2024-06-02 13:41:16 Image size of job updated: 1191908
	1125  -  MemoryUsage of job (MB)
	1151980  -  ResidentSetSize of job (KB)
...
006 (263849.101.000) 2024-06-02 13:56:17 Image size of job updated: 1204824
	1125  -  MemoryUsage of job (MB)
	1151980  -  ResidentSetSize of job (KB)
...
006 (263849.101.000) 2024-06-02 14:01:17 Image size of job updated: 1284172
	1211  -  MemoryUsage of job (MB)
	1239340  -  ResidentSetSize of job (KB)
...
006 (263849.101.000) 2024-06-02 14:06:17 Image size of job updated: 1284204
	1211  -  MemoryUsage of job (MB)
	1239340  -  ResidentSetSize of job (KB)
...
006 (263849.101.000) 2024-06-02 14:26:20 Image size of job updated: 1345976
	1228  -  MemoryUsage of job (MB)
	1256504  -  ResidentSetSize of job (KB)
...
006 (263849.101.000) 2024-06-02 14:41:21 Image size of job updated: 1386576
	1228  -  MemoryUsage of job (MB)
	1256504  -  ResidentSetSize of job (KB)
...
006 (263849.101.000) 2024-06-02 14:44:16 Image size of job updated: 1507984
	1228  -  MemoryUsage of job (MB)
	1256504  -  ResidentSetSize of job (KB)
...
040 (263849.101.000) 2024-06-02 14:44:27 Started transferring output files
...
040 (263849.101.000) 2024-06-02 14:44:27 Finished transferring output files
...
005 (263849.101.000) 2024-06-02 14:44:27 Job terminated.
	(1) Normal termination (return value 0)
		Usr 0 01:08:37, Sys 0 00:13:29  -  Run Remote Usage
		Usr 0 00:00:00, Sys 0 00:00:00  -  Run Local Usage
		Usr 0 01:08:37, Sys 0 00:13:29  -  Total Remote Usage
		Usr 0 00:00:00, Sys 0 00:00:00  -  Total Local Usage
	271730  -  Run Bytes Sent By Job
	5798  -  Run Bytes Received By Job
	271730  -  Total Bytes Sent By Job
	5798  -  Total Bytes Received By Job
	Partitionable Resources :      Usage  Request Allocated 
	   Cpus                 :       0.97        1         1 
	   Disk (KB)            : 1336566    15728640  15729793 
	   GPUs                 :                             0 
	   IoHeavy              :                             0 
	   Memory (MB)          :    1228        4096      4096 
	   TimeExecute (s)      :    4992                       
	   TimeSlotBusy (s)     :    5022                       

	Job terminated of its own accord at 2024-06-02T19:44:16Z with exit-code 0.
...
