000 (263849.052.000) 2024-06-02 01:27:42 Job submitted from host: <128.105.68.112:9618?addrs=128.105.68.112-9618+[2607-f388-2200-100-eaeb-d3ff-fea3-4202]-9618&alias=ap2001.chtc.wisc.edu&noUDP&sock=schedd_3266430_de54>
...
040 (263849.052.000) 2024-06-02 09:42:20 Started transferring input files
	Transferring to host: <128.105.69.107:9618?addrs=128.105.69.107-9618+[2607-f388-2200-100-1270-fdff-fe56-bfe4]-9618&alias=e4056.chtc.wisc.edu&noUDP&sock=slot1_4_2844050_427d_96200>
...
040 (263849.052.000) 2024-06-02 09:42:22 Finished transferring input files
...
001 (263849.052.000) 2024-06-02 09:42:23 Job executing on host: <128.105.69.107:9618?addrs=128.105.69.107-9618+[2607-f388-2200-100-1270-fdff-fe56-bfe4]-9618&alias=e4056.chtc.wisc.edu&noUDP&sock=startd_20383_9eff>
	SlotName: slot1_4@e4056.chtc.wisc.edu
	CondorScratchDir = "/var/lib/condor/execute/slot1/dir_1595392"
	Cpus = 1
	Disk = 15729793
	GPUs = 0
	IoHeavy = 0
	Memory = 4096
...
006 (263849.052.000) 2024-06-02 09:42:32 Image size of job updated: 516072
	504  -  MemoryUsage of job (MB)
	515860  -  ResidentSetSize of job (KB)
...
006 (263849.052.000) 2024-06-02 09:47:33 Image size of job updated: 1626896
	1313  -  MemoryUsage of job (MB)
	1344232  -  ResidentSetSize of job (KB)
...
006 (263849.052.000) 2024-06-02 09:52:33 Image size of job updated: 1626896
	1341  -  MemoryUsage of job (MB)
	1372184  -  ResidentSetSize of job (KB)
...
006 (263849.052.000) 2024-06-02 09:57:34 Image size of job updated: 1627528
	1357  -  MemoryUsage of job (MB)
	1388620  -  ResidentSetSize of job (KB)
...
006 (263849.052.000) 2024-06-02 10:02:35 Image size of job updated: 1627528
	1434  -  MemoryUsage of job (MB)
	1467560  -  ResidentSetSize of job (KB)
...
006 (263849.052.000) 2024-06-02 10:07:35 Image size of job updated: 1630424
	1504  -  MemoryUsage of job (MB)
	1539412  -  ResidentSetSize of job (KB)
...
006 (263849.052.000) 2024-06-02 10:12:36 Image size of job updated: 1695076
	1504  -  MemoryUsage of job (MB)
	1539412  -  ResidentSetSize of job (KB)
...
006 (263849.052.000) 2024-06-02 13:30:50 Image size of job updated: 2193656
	1504  -  MemoryUsage of job (MB)
	1539412  -  ResidentSetSize of job (KB)
...
040 (263849.052.000) 2024-06-02 13:30:51 Started transferring output files
...
040 (263849.052.000) 2024-06-02 13:30:51 Finished transferring output files
...
005 (263849.052.000) 2024-06-02 13:30:51 Job terminated.
	(1) Normal termination (return value 0)
		Usr 0 02:56:46, Sys 0 00:49:46  -  Run Remote Usage
		Usr 0 00:00:00, Sys 0 00:00:00  -  Run Local Usage
		Usr 0 02:56:46, Sys 0 00:49:46  -  Total Remote Usage
		Usr 0 00:00:00, Sys 0 00:00:00  -  Total Local Usage
	271166  -  Run Bytes Sent By Job
	5798  -  Run Bytes Received By Job
	271166  -  Total Bytes Sent By Job
	5798  -  Total Bytes Received By Job
	Partitionable Resources :      Usage  Request Allocated 
	   Cpus                 :       0.99        1         1 
	   Disk (KB)            : 1777412    15728640  15729793 
	   GPUs                 :                             0 
	   IoHeavy              :                             0 
	   Memory (MB)          :    1504        4096      4096 
	   TimeExecute (s)      :   13707                       
	   TimeSlotBusy (s)     :   13711                       

	Job terminated of its own accord at 2024-06-02T18:30:50Z with exit-code 0.
...
