000 (263849.062.000) 2024-06-02 01:27:42 Job submitted from host: <128.105.68.112:9618?addrs=128.105.68.112-9618+[2607-f388-2200-100-eaeb-d3ff-fea3-4202]-9618&alias=ap2001.chtc.wisc.edu&noUDP&sock=schedd_3266430_de54>
...
040 (263849.062.000) 2024-06-02 11:25:53 Started transferring input files
	Transferring to host: <128.105.69.107:9618?addrs=128.105.69.107-9618+[2607-f388-2200-100-1270-fdff-fe56-bfe4]-9618&alias=e4056.chtc.wisc.edu&noUDP&sock=slot1_21_2844050_427d_96397>
...
040 (263849.062.000) 2024-06-02 11:25:55 Finished transferring input files
...
001 (263849.062.000) 2024-06-02 11:25:56 Job executing on host: <128.105.69.107:9618?addrs=128.105.69.107-9618+[2607-f388-2200-100-1270-fdff-fe56-bfe4]-9618&alias=e4056.chtc.wisc.edu&noUDP&sock=startd_20383_9eff>
	SlotName: slot1_21@e4056.chtc.wisc.edu
	CondorScratchDir = "/var/lib/condor/execute/slot1/dir_1606516"
	Cpus = 1
	Disk = 15729793
	GPUs = 0
	IoHeavy = 0
	Memory = 4096
...
006 (263849.062.000) 2024-06-02 11:26:05 Image size of job updated: 557804
	545  -  MemoryUsage of job (MB)
	557804  -  ResidentSetSize of job (KB)
...
006 (263849.062.000) 2024-06-02 11:31:06 Image size of job updated: 1475584
	1256  -  MemoryUsage of job (MB)
	1285412  -  ResidentSetSize of job (KB)
...
006 (263849.062.000) 2024-06-02 11:36:06 Image size of job updated: 1512180
	1395  -  MemoryUsage of job (MB)
	1427836  -  ResidentSetSize of job (KB)
...
006 (263849.062.000) 2024-06-02 11:46:07 Image size of job updated: 1530580
	1432  -  MemoryUsage of job (MB)
	1466168  -  ResidentSetSize of job (KB)
...
006 (263849.062.000) 2024-06-02 11:51:08 Image size of job updated: 1537584
	1432  -  MemoryUsage of job (MB)
	1466168  -  ResidentSetSize of job (KB)
...
006 (263849.062.000) 2024-06-02 13:31:18 Image size of job updated: 1566784
	1432  -  MemoryUsage of job (MB)
	1466168  -  ResidentSetSize of job (KB)
...
006 (263849.062.000) 2024-06-02 13:41:19 Image size of job updated: 1566784
	1451  -  MemoryUsage of job (MB)
	1485540  -  ResidentSetSize of job (KB)
...
006 (263849.062.000) 2024-06-02 13:46:19 Image size of job updated: 1566784
	1463  -  MemoryUsage of job (MB)
	1497316  -  ResidentSetSize of job (KB)
...
006 (263849.062.000) 2024-06-02 13:56:21 Image size of job updated: 1580860
	1463  -  MemoryUsage of job (MB)
	1497316  -  ResidentSetSize of job (KB)
...
006 (263849.062.000) 2024-06-02 14:01:21 Image size of job updated: 1605912
	1463  -  MemoryUsage of job (MB)
	1497316  -  ResidentSetSize of job (KB)
...
006 (263849.062.000) 2024-06-02 14:04:48 Image size of job updated: 1833220
	1463  -  MemoryUsage of job (MB)
	1497316  -  ResidentSetSize of job (KB)
...
040 (263849.062.000) 2024-06-02 14:04:48 Started transferring output files
...
040 (263849.062.000) 2024-06-02 14:04:48 Finished transferring output files
...
005 (263849.062.000) 2024-06-02 14:04:48 Job terminated.
	(1) Normal termination (return value 0)
		Usr 0 02:02:23, Sys 0 00:35:13  -  Run Remote Usage
		Usr 0 00:00:00, Sys 0 00:00:00  -  Run Local Usage
		Usr 0 02:02:23, Sys 0 00:35:13  -  Total Remote Usage
		Usr 0 00:00:00, Sys 0 00:00:00  -  Total Local Usage
	271130  -  Run Bytes Sent By Job
	5798  -  Run Bytes Received By Job
	271130  -  Total Bytes Sent By Job
	5798  -  Total Bytes Received By Job
	Partitionable Resources :      Usage  Request Allocated 
	   Cpus                 :       0.99        1         1 
	   Disk (KB)            : 1549835    15728640  15729793 
	   GPUs                 :                             0 
	   IoHeavy              :                             0 
	   Memory (MB)          :    1463        4096      4096 
	   TimeExecute (s)      :    9532                       
	   TimeSlotBusy (s)     :    9536                       

	Job terminated of its own accord at 2024-06-02T19:04:48Z with exit-code 0.
...
