000 (263849.020.000) 2024-06-02 01:27:42 Job submitted from host: <128.105.68.112:9618?addrs=128.105.68.112-9618+[2607-f388-2200-100-eaeb-d3ff-fea3-4202]-9618&alias=ap2001.chtc.wisc.edu&noUDP&sock=schedd_3266430_de54>
...
040 (263849.020.000) 2024-06-02 04:45:30 Started transferring input files
	Transferring to host: <128.105.69.107:9618?addrs=128.105.69.107-9618+[2607-f388-2200-100-1270-fdff-fe56-bfe4]-9618&alias=e4056.chtc.wisc.edu&noUDP&sock=slot1_6_2844050_427d_95612>
...
040 (263849.020.000) 2024-06-02 04:45:32 Finished transferring input files
...
001 (263849.020.000) 2024-06-02 04:45:33 Job executing on host: <128.105.69.107:9618?addrs=128.105.69.107-9618+[2607-f388-2200-100-1270-fdff-fe56-bfe4]-9618&alias=e4056.chtc.wisc.edu&noUDP&sock=startd_20383_9eff>
	SlotName: slot1_6@e4056.chtc.wisc.edu
	CondorScratchDir = "/var/lib/condor/execute/slot1/dir_1563082"
	Cpus = 1
	Disk = 15729793
	GPUs = 0
	IoHeavy = 0
	Memory = 4096
...
006 (263849.020.000) 2024-06-02 04:45:42 Image size of job updated: 443136
	433  -  MemoryUsage of job (MB)
	443128  -  ResidentSetSize of job (KB)
...
006 (263849.020.000) 2024-06-02 04:50:42 Image size of job updated: 1703196
	1505  -  MemoryUsage of job (MB)
	1540540  -  ResidentSetSize of job (KB)
...
006 (263849.020.000) 2024-06-02 07:51:01 Image size of job updated: 1703196
	1516  -  MemoryUsage of job (MB)
	1552324  -  ResidentSetSize of job (KB)
...
006 (263849.020.000) 2024-06-02 07:56:02 Image size of job updated: 1703196
	1582  -  MemoryUsage of job (MB)
	1619536  -  ResidentSetSize of job (KB)
...
006 (263849.020.000) 2024-06-02 08:01:02 Image size of job updated: 1703196
	1590  -  MemoryUsage of job (MB)
	1627728  -  ResidentSetSize of job (KB)
...
006 (263849.020.000) 2024-06-02 08:21:05 Image size of job updated: 1710688
	1590  -  MemoryUsage of job (MB)
	1627728  -  ResidentSetSize of job (KB)
...
006 (263849.020.000) 2024-06-02 08:26:06 Image size of job updated: 1729784
	1590  -  MemoryUsage of job (MB)
	1627728  -  ResidentSetSize of job (KB)
...
006 (263849.020.000) 2024-06-02 08:31:06 Image size of job updated: 1775188
	1590  -  MemoryUsage of job (MB)
	1627728  -  ResidentSetSize of job (KB)
...
006 (263849.020.000) 2024-06-02 08:36:07 Image size of job updated: 1811724
	1707  -  MemoryUsage of job (MB)
	1747884  -  ResidentSetSize of job (KB)
...
006 (263849.020.000) 2024-06-02 08:40:45 Image size of job updated: 2209380
	1707  -  MemoryUsage of job (MB)
	1747884  -  ResidentSetSize of job (KB)
...
040 (263849.020.000) 2024-06-02 08:40:45 Started transferring output files
...
040 (263849.020.000) 2024-06-02 08:40:45 Finished transferring output files
...
005 (263849.020.000) 2024-06-02 08:40:45 Job terminated.
	(1) Normal termination (return value 0)
		Usr 0 03:06:31, Sys 0 00:46:07  -  Run Remote Usage
		Usr 0 00:00:00, Sys 0 00:00:00  -  Run Local Usage
		Usr 0 03:06:31, Sys 0 00:46:07  -  Total Remote Usage
		Usr 0 00:00:00, Sys 0 00:00:00  -  Total Local Usage
	270540  -  Run Bytes Sent By Job
	5798  -  Run Bytes Received By Job
	270540  -  Total Bytes Sent By Job
	5798  -  Total Bytes Received By Job
	Partitionable Resources :      Usage  Request Allocated 
	   Cpus                 :       0.99        1         1 
	   Disk (KB)            : 1793271    15728640  15729793 
	   GPUs                 :                             0 
	   IoHeavy              :                             0 
	   Memory (MB)          :    1707        4096      4096 
	   TimeExecute (s)      :   14112                       
	   TimeSlotBusy (s)     :   14115                       

	Job terminated of its own accord at 2024-06-02T13:40:45Z with exit-code 0.
...
