000 (263849.053.000) 2024-06-02 01:27:42 Job submitted from host: <128.105.68.112:9618?addrs=128.105.68.112-9618+[2607-f388-2200-100-eaeb-d3ff-fea3-4202]-9618&alias=ap2001.chtc.wisc.edu&noUDP&sock=schedd_3266430_de54>
...
040 (263849.053.000) 2024-06-02 09:46:49 Started transferring input files
	Transferring to host: <128.105.69.107:9618?addrs=128.105.69.107-9618+[2607-f388-2200-100-1270-fdff-fe56-bfe4]-9618&alias=e4056.chtc.wisc.edu&noUDP&sock=slot1_15_2844050_427d_96201>
...
040 (263849.053.000) 2024-06-02 09:46:53 Finished transferring input files
...
001 (263849.053.000) 2024-06-02 09:46:54 Job executing on host: <128.105.69.107:9618?addrs=128.105.69.107-9618+[2607-f388-2200-100-1270-fdff-fe56-bfe4]-9618&alias=e4056.chtc.wisc.edu&noUDP&sock=startd_20383_9eff>
	SlotName: slot1_15@e4056.chtc.wisc.edu
	CondorScratchDir = "/var/lib/condor/execute/slot1/dir_1595623"
	Cpus = 1
	Disk = 15729793
	GPUs = 0
	IoHeavy = 0
	Memory = 4096
...
006 (263849.053.000) 2024-06-02 09:47:02 Image size of job updated: 263060
	257  -  MemoryUsage of job (MB)
	262836  -  ResidentSetSize of job (KB)
...
006 (263849.053.000) 2024-06-02 09:52:02 Image size of job updated: 1697160
	1222  -  MemoryUsage of job (MB)
	1250492  -  ResidentSetSize of job (KB)
...
006 (263849.053.000) 2024-06-02 09:57:03 Image size of job updated: 1697160
	1445  -  MemoryUsage of job (MB)
	1478948  -  ResidentSetSize of job (KB)
...
006 (263849.053.000) 2024-06-02 10:02:04 Image size of job updated: 1697160
	1449  -  MemoryUsage of job (MB)
	1482788  -  ResidentSetSize of job (KB)
...
006 (263849.053.000) 2024-06-02 10:07:04 Image size of job updated: 1713996
	1556  -  MemoryUsage of job (MB)
	1592352  -  ResidentSetSize of job (KB)
...
006 (263849.053.000) 2024-06-02 10:42:08 Image size of job updated: 1726748
	1556  -  MemoryUsage of job (MB)
	1592352  -  ResidentSetSize of job (KB)
...
006 (263849.053.000) 2024-06-02 11:07:10 Image size of job updated: 1775268
	1556  -  MemoryUsage of job (MB)
	1592352  -  ResidentSetSize of job (KB)
...
006 (263849.053.000) 2024-06-02 11:12:10 Image size of job updated: 1775468
	1556  -  MemoryUsage of job (MB)
	1592352  -  ResidentSetSize of job (KB)
...
006 (263849.053.000) 2024-06-02 11:42:12 Image size of job updated: 1817348
	1556  -  MemoryUsage of job (MB)
	1592352  -  ResidentSetSize of job (KB)
...
006 (263849.053.000) 2024-06-02 11:47:14 Image size of job updated: 1817348
	1610  -  MemoryUsage of job (MB)
	1647828  -  ResidentSetSize of job (KB)
...
006 (263849.053.000) 2024-06-02 12:32:18 Image size of job updated: 1817348
	1623  -  MemoryUsage of job (MB)
	1661880  -  ResidentSetSize of job (KB)
...
006 (263849.053.000) 2024-06-02 12:47:19 Image size of job updated: 1817348
	1656  -  MemoryUsage of job (MB)
	1695292  -  ResidentSetSize of job (KB)
...
006 (263849.053.000) 2024-06-02 13:02:20 Image size of job updated: 1821648
	1656  -  MemoryUsage of job (MB)
	1695292  -  ResidentSetSize of job (KB)
...
006 (263849.053.000) 2024-06-02 13:07:21 Image size of job updated: 1846284
	1656  -  MemoryUsage of job (MB)
	1695292  -  ResidentSetSize of job (KB)
...
006 (263849.053.000) 2024-06-02 13:22:22 Image size of job updated: 1851584
	1656  -  MemoryUsage of job (MB)
	1695292  -  ResidentSetSize of job (KB)
...
006 (263849.053.000) 2024-06-02 13:27:22 Image size of job updated: 1851584
	1661  -  MemoryUsage of job (MB)
	1699992  -  ResidentSetSize of job (KB)
...
006 (263849.053.000) 2024-06-02 13:32:22 Image size of job updated: 1854280
	1661  -  MemoryUsage of job (MB)
	1699992  -  ResidentSetSize of job (KB)
...
006 (263849.053.000) 2024-06-02 13:37:24 Image size of job updated: 1863648
	1661  -  MemoryUsage of job (MB)
	1699992  -  ResidentSetSize of job (KB)
...
006 (263849.053.000) 2024-06-02 13:47:24 Image size of job updated: 1955896
	1661  -  MemoryUsage of job (MB)
	1699992  -  ResidentSetSize of job (KB)
...
006 (263849.053.000) 2024-06-02 13:57:26 Image size of job updated: 1955896
	1721  -  MemoryUsage of job (MB)
	1762168  -  ResidentSetSize of job (KB)
...
006 (263849.053.000) 2024-06-02 14:02:26 Image size of job updated: 1955896
	1754  -  MemoryUsage of job (MB)
	1795728  -  ResidentSetSize of job (KB)
...
006 (263849.053.000) 2024-06-02 14:06:19 Image size of job updated: 2085852
	1762  -  MemoryUsage of job (MB)
	1803664  -  ResidentSetSize of job (KB)
...
040 (263849.053.000) 2024-06-02 14:06:19 Started transferring output files
...
040 (263849.053.000) 2024-06-02 14:06:19 Finished transferring output files
...
005 (263849.053.000) 2024-06-02 14:06:19 Job terminated.
	(1) Normal termination (return value 0)
		Usr 0 03:14:58, Sys 0 01:02:08  -  Run Remote Usage
		Usr 0 00:00:00, Sys 0 00:00:00  -  Run Local Usage
		Usr 0 03:14:58, Sys 0 01:02:08  -  Total Remote Usage
		Usr 0 00:00:00, Sys 0 00:00:00  -  Total Local Usage
	271106  -  Run Bytes Sent By Job
	5798  -  Run Bytes Received By Job
	271106  -  Total Bytes Sent By Job
	5798  -  Total Bytes Received By Job
	Partitionable Resources :      Usage  Request Allocated 
	   Cpus                 :       0.99        1         1 
	   Disk (KB)            : 1707768    15728640  15729793 
	   GPUs                 :                             0 
	   IoHeavy              :                             0 
	   Memory (MB)          :    1762        4096      4096 
	   TimeExecute (s)      :   15565                       
	   TimeSlotBusy (s)     :   15570                       

	Job terminated of its own accord at 2024-06-02T19:06:19Z with exit-code 0.
...
