000 (263849.008.000) 2024-06-02 01:27:42 Job submitted from host: <128.105.68.112:9618?addrs=128.105.68.112-9618+[2607-f388-2200-100-eaeb-d3ff-fea3-4202]-9618&alias=ap2001.chtc.wisc.edu&noUDP&sock=schedd_3266430_de54>
...
040 (263849.008.000) 2024-06-02 03:21:33 Started transferring input files
	Transferring to host: <128.105.69.107:9618?addrs=128.105.69.107-9618+[2607-f388-2200-100-1270-fdff-fe56-bfe4]-9618&alias=e4056.chtc.wisc.edu&noUDP&sock=slot1_19_2844050_427d_95448>
...
040 (263849.008.000) 2024-06-02 03:21:43 Finished transferring input files
...
001 (263849.008.000) 2024-06-02 03:21:44 Job executing on host: <128.105.69.107:9618?addrs=128.105.69.107-9618+[2607-f388-2200-100-1270-fdff-fe56-bfe4]-9618&alias=e4056.chtc.wisc.edu&noUDP&sock=startd_20383_9eff>
	SlotName: slot1_19@e4056.chtc.wisc.edu
	CondorScratchDir = "/var/lib/condor/execute/slot1/dir_1553083"
	Cpus = 1
	Disk = 15729793
	GPUs = 0
	IoHeavy = 0
	Memory = 4096
...
006 (263849.008.000) 2024-06-02 03:21:53 Image size of job updated: 348800
	341  -  MemoryUsage of job (MB)
	348800  -  ResidentSetSize of job (KB)
...
006 (263849.008.000) 2024-06-02 03:26:53 Image size of job updated: 1570100
	1242  -  MemoryUsage of job (MB)
	1271404  -  ResidentSetSize of job (KB)
...
006 (263849.008.000) 2024-06-02 03:31:53 Image size of job updated: 1570100
	1250  -  MemoryUsage of job (MB)
	1279852  -  ResidentSetSize of job (KB)
...
006 (263849.008.000) 2024-06-02 03:36:54 Image size of job updated: 1570100
	1341  -  MemoryUsage of job (MB)
	1372276  -  ResidentSetSize of job (KB)
...
006 (263849.008.000) 2024-06-02 03:41:54 Image size of job updated: 1570100
	1344  -  MemoryUsage of job (MB)
	1376116  -  ResidentSetSize of job (KB)
...
006 (263849.008.000) 2024-06-02 03:56:56 Image size of job updated: 1570100
	1401  -  MemoryUsage of job (MB)
	1434084  -  ResidentSetSize of job (KB)
...
006 (263849.008.000) 2024-06-02 04:16:58 Image size of job updated: 1570100
	1418  -  MemoryUsage of job (MB)
	1451344  -  ResidentSetSize of job (KB)
...
006 (263849.008.000) 2024-06-02 04:37:01 Image size of job updated: 1570100
	1427  -  MemoryUsage of job (MB)
	1460452  -  ResidentSetSize of job (KB)
...
006 (263849.008.000) 2024-06-02 04:42:02 Image size of job updated: 1570100
	1432  -  MemoryUsage of job (MB)
	1466356  -  ResidentSetSize of job (KB)
...
006 (263849.008.000) 2024-06-02 04:47:02 Image size of job updated: 1570584
	1437  -  MemoryUsage of job (MB)
	1471216  -  ResidentSetSize of job (KB)
...
006 (263849.008.000) 2024-06-02 04:52:02 Image size of job updated: 1570584
	1444  -  MemoryUsage of job (MB)
	1478212  -  ResidentSetSize of job (KB)
...
006 (263849.008.000) 2024-06-02 04:57:03 Image size of job updated: 1574904
	1444  -  MemoryUsage of job (MB)
	1478212  -  ResidentSetSize of job (KB)
...
006 (263849.008.000) 2024-06-02 05:02:03 Image size of job updated: 1574904
	1444  -  MemoryUsage of job (MB)
	1478216  -  ResidentSetSize of job (KB)
...
006 (263849.008.000) 2024-06-02 05:34:59 Image size of job updated: 1784284
	1444  -  MemoryUsage of job (MB)
	1478216  -  ResidentSetSize of job (KB)
...
040 (263849.008.000) 2024-06-02 05:34:59 Started transferring output files
...
040 (263849.008.000) 2024-06-02 05:34:59 Finished transferring output files
...
005 (263849.008.000) 2024-06-02 05:34:59 Job terminated.
	(1) Normal termination (return value 0)
		Usr 0 01:47:48, Sys 0 00:23:24  -  Run Remote Usage
		Usr 0 00:00:00, Sys 0 00:00:00  -  Run Local Usage
		Usr 0 01:47:48, Sys 0 00:23:24  -  Total Remote Usage
		Usr 0 00:00:00, Sys 0 00:00:00  -  Total Local Usage
	270972  -  Run Bytes Sent By Job
	5798  -  Run Bytes Received By Job
	270972  -  Total Bytes Sent By Job
	5798  -  Total Bytes Received By Job
	Partitionable Resources :      Usage  Request Allocated 
	   Cpus                 :       0.99        1         1 
	   Disk (KB)            : 1527566    15728640  15729793 
	   GPUs                 :                             0 
	   IoHeavy              :                             0 
	   Memory (MB)          :    1444        4096      4096 
	   TimeExecute (s)      :    7995                       
	   TimeSlotBusy (s)     :    8006                       

	Job terminated of its own accord at 2024-06-02T10:34:59Z with exit-code 0.
...
