000 (263849.117.000) 2024-06-02 01:27:42 Job submitted from host: <128.105.68.112:9618?addrs=128.105.68.112-9618+[2607-f388-2200-100-eaeb-d3ff-fea3-4202]-9618&alias=ap2001.chtc.wisc.edu&noUDP&sock=schedd_3266430_de54>
...
040 (263849.117.000) 2024-06-02 13:24:45 Started transferring input files
	Transferring to host: <128.105.69.107:9618?addrs=128.105.69.107-9618+[2607-f388-2200-100-1270-fdff-fe56-bfe4]-9618&alias=e4056.chtc.wisc.edu&noUDP&sock=slot1_66_2844050_427d_96676>
...
040 (263849.117.000) 2024-06-02 13:24:52 Finished transferring input files
...
001 (263849.117.000) 2024-06-02 13:24:53 Job executing on host: <128.105.69.107:9618?addrs=128.105.69.107-9618+[2607-f388-2200-100-1270-fdff-fe56-bfe4]-9618&alias=e4056.chtc.wisc.edu&noUDP&sock=startd_20383_9eff>
	SlotName: slot1_66@e4056.chtc.wisc.edu
	CondorScratchDir = "/var/lib/condor/execute/slot1/dir_1624497"
	Cpus = 1
	Disk = 15729793
	GPUs = 0
	IoHeavy = 0
	Memory = 4096
...
006 (263849.117.000) 2024-06-02 13:25:02 Image size of job updated: 495888
	485  -  MemoryUsage of job (MB)
	495888  -  ResidentSetSize of job (KB)
...
006 (263849.117.000) 2024-06-02 13:30:03 Image size of job updated: 1554400
	1153  -  MemoryUsage of job (MB)
	1180096  -  ResidentSetSize of job (KB)
...
006 (263849.117.000) 2024-06-02 13:35:04 Image size of job updated: 1568808
	1312  -  MemoryUsage of job (MB)
	1342952  -  ResidentSetSize of job (KB)
...
006 (263849.117.000) 2024-06-02 13:40:04 Image size of job updated: 1578344
	1312  -  MemoryUsage of job (MB)
	1342952  -  ResidentSetSize of job (KB)
...
006 (263849.117.000) 2024-06-02 13:45:05 Image size of job updated: 1612676
	1341  -  MemoryUsage of job (MB)
	1372420  -  ResidentSetSize of job (KB)
...
006 (263849.117.000) 2024-06-02 13:50:06 Image size of job updated: 1612676
	1440  -  MemoryUsage of job (MB)
	1473560  -  ResidentSetSize of job (KB)
...
006 (263849.117.000) 2024-06-02 13:55:06 Image size of job updated: 1612676
	1533  -  MemoryUsage of job (MB)
	1569324  -  ResidentSetSize of job (KB)
...
006 (263849.117.000) 2024-06-02 14:00:07 Image size of job updated: 1612676
	1544  -  MemoryUsage of job (MB)
	1580844  -  ResidentSetSize of job (KB)
...
006 (263849.117.000) 2024-06-02 14:20:09 Image size of job updated: 1629832
	1544  -  MemoryUsage of job (MB)
	1580844  -  ResidentSetSize of job (KB)
...
006 (263849.117.000) 2024-06-02 14:35:11 Image size of job updated: 1646604
	1544  -  MemoryUsage of job (MB)
	1580844  -  ResidentSetSize of job (KB)
...
006 (263849.117.000) 2024-06-02 14:55:13 Image size of job updated: 1665176
	1544  -  MemoryUsage of job (MB)
	1580844  -  ResidentSetSize of job (KB)
...
006 (263849.117.000) 2024-06-02 15:10:14 Image size of job updated: 1693112
	1544  -  MemoryUsage of job (MB)
	1580844  -  ResidentSetSize of job (KB)
...
006 (263849.117.000) 2024-06-02 15:40:17 Image size of job updated: 1694028
	1548  -  MemoryUsage of job (MB)
	1584976  -  ResidentSetSize of job (KB)
...
006 (263849.117.000) 2024-06-02 15:55:19 Image size of job updated: 1714208
	1565  -  MemoryUsage of job (MB)
	1602276  -  ResidentSetSize of job (KB)
...
006 (263849.117.000) 2024-06-02 16:00:20 Image size of job updated: 1714232
	1565  -  MemoryUsage of job (MB)
	1602276  -  ResidentSetSize of job (KB)
...
006 (263849.117.000) 2024-06-02 16:05:20 Image size of job updated: 1717548
	1591  -  MemoryUsage of job (MB)
	1629012  -  ResidentSetSize of job (KB)
...
006 (263849.117.000) 2024-06-02 16:10:20 Image size of job updated: 1735732
	1597  -  MemoryUsage of job (MB)
	1634900  -  ResidentSetSize of job (KB)
...
006 (263849.117.000) 2024-06-02 16:25:21 Image size of job updated: 1738996
	1597  -  MemoryUsage of job (MB)
	1634900  -  ResidentSetSize of job (KB)
...
006 (263849.117.000) 2024-06-02 16:30:22 Image size of job updated: 1755164
	1597  -  MemoryUsage of job (MB)
	1634900  -  ResidentSetSize of job (KB)
...
006 (263849.117.000) 2024-06-02 16:33:12 Image size of job updated: 1850416
	1597  -  MemoryUsage of job (MB)
	1634900  -  ResidentSetSize of job (KB)
...
040 (263849.117.000) 2024-06-02 16:33:12 Started transferring output files
...
040 (263849.117.000) 2024-06-02 16:33:12 Finished transferring output files
...
005 (263849.117.000) 2024-06-02 16:33:12 Job terminated.
	(1) Normal termination (return value 0)
		Usr 0 02:29:57, Sys 0 00:36:33  -  Run Remote Usage
		Usr 0 00:00:00, Sys 0 00:00:00  -  Run Local Usage
		Usr 0 02:29:57, Sys 0 00:36:33  -  Total Remote Usage
		Usr 0 00:00:00, Sys 0 00:00:00  -  Total Local Usage
	271466  -  Run Bytes Sent By Job
	5798  -  Run Bytes Received By Job
	271466  -  Total Bytes Sent By Job
	5798  -  Total Bytes Received By Job
	Partitionable Resources :      Usage  Request Allocated 
	   Cpus                 :       0.99        1         1 
	   Disk (KB)            : 1546116    15728640  15729793 
	   GPUs                 :                             0 
	   IoHeavy              :                             0 
	   Memory (MB)          :    1597        4096      4096 
	   TimeExecute (s)      :   11299                       
	   TimeSlotBusy (s)     :   11307                       

	Job terminated of its own accord at 2024-06-02T21:33:12Z with exit-code 0.
...
