000 (263849.069.000) 2024-06-02 01:27:42 Job submitted from host: <128.105.68.112:9618?addrs=128.105.68.112-9618+[2607-f388-2200-100-eaeb-d3ff-fea3-4202]-9618&alias=ap2001.chtc.wisc.edu&noUDP&sock=schedd_3266430_de54>
...
040 (263849.069.000) 2024-06-02 12:36:05 Started transferring input files
	Transferring to host: <128.105.69.107:9618?addrs=128.105.69.107-9618+[2607-f388-2200-100-1270-fdff-fe56-bfe4]-9618&alias=e4056.chtc.wisc.edu&noUDP&sock=slot1_23_2844050_427d_96533>
...
040 (263849.069.000) 2024-06-02 12:36:07 Finished transferring input files
...
001 (263849.069.000) 2024-06-02 12:36:08 Job executing on host: <128.105.69.107:9618?addrs=128.105.69.107-9618+[2607-f388-2200-100-1270-fdff-fe56-bfe4]-9618&alias=e4056.chtc.wisc.edu&noUDP&sock=startd_20383_9eff>
	SlotName: slot1_23@e4056.chtc.wisc.edu
	CondorScratchDir = "/var/lib/condor/execute/slot1/dir_1613385"
	Cpus = 1
	Disk = 15729793
	GPUs = 0
	IoHeavy = 0
	Memory = 4096
...
006 (263849.069.000) 2024-06-02 12:36:17 Image size of job updated: 349724
	342  -  MemoryUsage of job (MB)
	349724  -  ResidentSetSize of job (KB)
...
006 (263849.069.000) 2024-06-02 12:41:17 Image size of job updated: 1345080
	1237  -  MemoryUsage of job (MB)
	1265988  -  ResidentSetSize of job (KB)
...
006 (263849.069.000) 2024-06-02 12:46:18 Image size of job updated: 1410144
	1313  -  MemoryUsage of job (MB)
	1343740  -  ResidentSetSize of job (KB)
...
006 (263849.069.000) 2024-06-02 12:51:18 Image size of job updated: 1410552
	1313  -  MemoryUsage of job (MB)
	1343740  -  ResidentSetSize of job (KB)
...
006 (263849.069.000) 2024-06-02 13:36:23 Image size of job updated: 1432088
	1313  -  MemoryUsage of job (MB)
	1344428  -  ResidentSetSize of job (KB)
...
006 (263849.069.000) 2024-06-02 13:46:23 Image size of job updated: 1432088
	1346  -  MemoryUsage of job (MB)
	1378012  -  ResidentSetSize of job (KB)
...
006 (263849.069.000) 2024-06-02 13:51:25 Image size of job updated: 1432088
	1348  -  MemoryUsage of job (MB)
	1380060  -  ResidentSetSize of job (KB)
...
006 (263849.069.000) 2024-06-02 14:11:27 Image size of job updated: 1450372
	1348  -  MemoryUsage of job (MB)
	1380060  -  ResidentSetSize of job (KB)
...
006 (263849.069.000) 2024-06-02 14:16:27 Image size of job updated: 1456372
	1348  -  MemoryUsage of job (MB)
	1380060  -  ResidentSetSize of job (KB)
...
006 (263849.069.000) 2024-06-02 14:21:28 Image size of job updated: 1465404
	1357  -  MemoryUsage of job (MB)
	1388640  -  ResidentSetSize of job (KB)
...
006 (263849.069.000) 2024-06-02 14:36:30 Image size of job updated: 1469840
	1357  -  MemoryUsage of job (MB)
	1388640  -  ResidentSetSize of job (KB)
...
006 (263849.069.000) 2024-06-02 14:41:31 Image size of job updated: 1470868
	1357  -  MemoryUsage of job (MB)
	1388640  -  ResidentSetSize of job (KB)
...
006 (263849.069.000) 2024-06-02 14:46:31 Image size of job updated: 1491704
	1357  -  MemoryUsage of job (MB)
	1388640  -  ResidentSetSize of job (KB)
...
006 (263849.069.000) 2024-06-02 14:56:32 Image size of job updated: 1499728
	1368  -  MemoryUsage of job (MB)
	1400516  -  ResidentSetSize of job (KB)
...
006 (263849.069.000) 2024-06-02 15:06:32 Image size of job updated: 1531616
	1368  -  MemoryUsage of job (MB)
	1400516  -  ResidentSetSize of job (KB)
...
006 (263849.069.000) 2024-06-02 15:11:48 Image size of job updated: 1648156
	1368  -  MemoryUsage of job (MB)
	1400516  -  ResidentSetSize of job (KB)
...
040 (263849.069.000) 2024-06-02 15:11:48 Started transferring output files
...
040 (263849.069.000) 2024-06-02 15:11:48 Finished transferring output files
...
005 (263849.069.000) 2024-06-02 15:11:48 Job terminated.
	(1) Normal termination (return value 0)
		Usr 0 02:02:55, Sys 0 00:31:20  -  Run Remote Usage
		Usr 0 00:00:00, Sys 0 00:00:00  -  Run Local Usage
		Usr 0 02:02:55, Sys 0 00:31:20  -  Total Remote Usage
		Usr 0 00:00:00, Sys 0 00:00:00  -  Total Local Usage
	271408  -  Run Bytes Sent By Job
	5798  -  Run Bytes Received By Job
	271408  -  Total Bytes Sent By Job
	5798  -  Total Bytes Received By Job
	Partitionable Resources :      Usage  Request Allocated 
	   Cpus                 :       0.99        1         1 
	   Disk (KB)            : 1633611    15728640  15729793 
	   GPUs                 :                             0 
	   IoHeavy              :                             0 
	   Memory (MB)          :    1368        4096      4096 
	   TimeExecute (s)      :    9340                       
	   TimeSlotBusy (s)     :    9343                       

	Job terminated of its own accord at 2024-06-02T20:11:48Z with exit-code 0.
...
