000 (263849.004.000) 2024-06-02 01:27:42 Job submitted from host: <128.105.68.112:9618?addrs=128.105.68.112-9618+[2607-f388-2200-100-eaeb-d3ff-fea3-4202]-9618&alias=ap2001.chtc.wisc.edu&noUDP&sock=schedd_3266430_de54>
...
040 (263849.004.000) 2024-06-02 03:21:33 Started transferring input files
	Transferring to host: <128.105.69.107:9618?addrs=128.105.69.107-9618+[2607-f388-2200-100-1270-fdff-fe56-bfe4]-9618&alias=e4056.chtc.wisc.edu&noUDP&sock=slot1_15_2844050_427d_95444>
...
040 (263849.004.000) 2024-06-02 03:21:43 Finished transferring input files
...
001 (263849.004.000) 2024-06-02 03:21:44 Job executing on host: <128.105.69.107:9618?addrs=128.105.69.107-9618+[2607-f388-2200-100-1270-fdff-fe56-bfe4]-9618&alias=e4056.chtc.wisc.edu&noUDP&sock=startd_20383_9eff>
	SlotName: slot1_15@e4056.chtc.wisc.edu
	CondorScratchDir = "/var/lib/condor/execute/slot1/dir_1553040"
	Cpus = 1
	Disk = 15729793
	GPUs = 0
	IoHeavy = 0
	Memory = 4096
...
006 (263849.004.000) 2024-06-02 03:21:52 Image size of job updated: 346084
	338  -  MemoryUsage of job (MB)
	345836  -  ResidentSetSize of job (KB)
...
006 (263849.004.000) 2024-06-02 03:26:52 Image size of job updated: 1230200
	1191  -  MemoryUsage of job (MB)
	1219140  -  ResidentSetSize of job (KB)
...
006 (263849.004.000) 2024-06-02 03:31:53 Image size of job updated: 1267840
	1191  -  MemoryUsage of job (MB)
	1219140  -  ResidentSetSize of job (KB)
...
006 (263849.004.000) 2024-06-02 03:41:53 Image size of job updated: 1287160
	1207  -  MemoryUsage of job (MB)
	1235176  -  ResidentSetSize of job (KB)
...
006 (263849.004.000) 2024-06-02 03:46:54 Image size of job updated: 1287684
	1227  -  MemoryUsage of job (MB)
	1255800  -  ResidentSetSize of job (KB)
...
006 (263849.004.000) 2024-06-02 03:51:55 Image size of job updated: 1313920
	1248  -  MemoryUsage of job (MB)
	1277292  -  ResidentSetSize of job (KB)
...
006 (263849.004.000) 2024-06-02 04:01:56 Image size of job updated: 1320348
	1248  -  MemoryUsage of job (MB)
	1277292  -  ResidentSetSize of job (KB)
...
006 (263849.004.000) 2024-06-02 04:11:57 Image size of job updated: 1333904
	1290  -  MemoryUsage of job (MB)
	1320284  -  ResidentSetSize of job (KB)
...
006 (263849.004.000) 2024-06-02 04:16:58 Image size of job updated: 1337952
	1290  -  MemoryUsage of job (MB)
	1320284  -  ResidentSetSize of job (KB)
...
006 (263849.004.000) 2024-06-02 04:21:59 Image size of job updated: 1382888
	1290  -  MemoryUsage of job (MB)
	1320284  -  ResidentSetSize of job (KB)
...
006 (263849.004.000) 2024-06-02 04:32:00 Image size of job updated: 1392864
	1290  -  MemoryUsage of job (MB)
	1320284  -  ResidentSetSize of job (KB)
...
006 (263849.004.000) 2024-06-02 04:37:01 Image size of job updated: 1392864
	1292  -  MemoryUsage of job (MB)
	1322740  -  ResidentSetSize of job (KB)
...
006 (263849.004.000) 2024-06-02 04:42:01 Image size of job updated: 1398388
	1292  -  MemoryUsage of job (MB)
	1322740  -  ResidentSetSize of job (KB)
...
006 (263849.004.000) 2024-06-02 04:45:41 Image size of job updated: 1733252
	1292  -  MemoryUsage of job (MB)
	1322740  -  ResidentSetSize of job (KB)
...
040 (263849.004.000) 2024-06-02 04:45:41 Started transferring output files
...
040 (263849.004.000) 2024-06-02 04:45:41 Finished transferring output files
...
005 (263849.004.000) 2024-06-02 04:45:41 Job terminated.
	(1) Normal termination (return value 0)
		Usr 0 01:11:24, Sys 0 00:11:00  -  Run Remote Usage
		Usr 0 00:00:00, Sys 0 00:00:00  -  Run Local Usage
		Usr 0 01:11:24, Sys 0 00:11:00  -  Total Remote Usage
		Usr 0 00:00:00, Sys 0 00:00:00  -  Total Local Usage
	270698  -  Run Bytes Sent By Job
	5798  -  Run Bytes Received By Job
	270698  -  Total Bytes Sent By Job
	5798  -  Total Bytes Received By Job
	Partitionable Resources :      Usage  Request Allocated 
	   Cpus                 :       0.99        1         1 
	   Disk (KB)            : 1472388    15728640  15729793 
	   GPUs                 :                             0 
	   IoHeavy              :                             0 
	   Memory (MB)          :    1292        4096      4096 
	   TimeExecute (s)      :    5037                       
	   TimeSlotBusy (s)     :    5048                       

	Job terminated of its own accord at 2024-06-02T09:45:41Z with exit-code 0.
...
