000 (263849.092.000) 2024-06-02 01:27:42 Job submitted from host: <128.105.68.112:9618?addrs=128.105.68.112-9618+[2607-f388-2200-100-eaeb-d3ff-fea3-4202]-9618&alias=ap2001.chtc.wisc.edu&noUDP&sock=schedd_3266430_de54>
...
040 (263849.092.000) 2024-06-02 13:20:44 Started transferring input files
	Transferring to host: <128.105.69.107:9618?addrs=128.105.69.107-9618+[2607-f388-2200-100-1270-fdff-fe56-bfe4]-9618&alias=e4056.chtc.wisc.edu&noUDP&sock=slot1_44_2844050_427d_96646>
...
040 (263849.092.000) 2024-06-02 13:21:03 Finished transferring input files
...
001 (263849.092.000) 2024-06-02 13:21:04 Job executing on host: <128.105.69.107:9618?addrs=128.105.69.107-9618+[2607-f388-2200-100-1270-fdff-fe56-bfe4]-9618&alias=e4056.chtc.wisc.edu&noUDP&sock=startd_20383_9eff>
	SlotName: slot1_44@e4056.chtc.wisc.edu
	CondorScratchDir = "/var/lib/condor/execute/slot1/dir_1619220"
	Cpus = 1
	Disk = 15729793
	GPUs = 0
	IoHeavy = 0
	Memory = 4096
...
006 (263849.092.000) 2024-06-02 13:21:13 Image size of job updated: 232344
	227  -  MemoryUsage of job (MB)
	232092  -  ResidentSetSize of job (KB)
...
006 (263849.092.000) 2024-06-02 13:26:14 Image size of job updated: 1344640
	1262  -  MemoryUsage of job (MB)
	1292092  -  ResidentSetSize of job (KB)
...
006 (263849.092.000) 2024-06-02 13:31:15 Image size of job updated: 1369784
	1262  -  MemoryUsage of job (MB)
	1292092  -  ResidentSetSize of job (KB)
...
006 (263849.092.000) 2024-06-02 13:41:16 Image size of job updated: 1413788
	1262  -  MemoryUsage of job (MB)
	1292092  -  ResidentSetSize of job (KB)
...
006 (263849.092.000) 2024-06-02 13:46:17 Image size of job updated: 1425380
	1329  -  MemoryUsage of job (MB)
	1360528  -  ResidentSetSize of job (KB)
...
006 (263849.092.000) 2024-06-02 13:51:17 Image size of job updated: 1433596
	1376  -  MemoryUsage of job (MB)
	1408316  -  ResidentSetSize of job (KB)
...
006 (263849.092.000) 2024-06-02 13:56:18 Image size of job updated: 1433596
	1388  -  MemoryUsage of job (MB)
	1421116  -  ResidentSetSize of job (KB)
...
006 (263849.092.000) 2024-06-02 14:01:19 Image size of job updated: 1480280
	1388  -  MemoryUsage of job (MB)
	1421116  -  ResidentSetSize of job (KB)
...
006 (263849.092.000) 2024-06-02 14:31:22 Image size of job updated: 1529444
	1388  -  MemoryUsage of job (MB)
	1421116  -  ResidentSetSize of job (KB)
...
006 (263849.092.000) 2024-06-02 15:01:46 Image size of job updated: 1616212
	1388  -  MemoryUsage of job (MB)
	1421116  -  ResidentSetSize of job (KB)
...
040 (263849.092.000) 2024-06-02 15:01:47 Started transferring output files
...
040 (263849.092.000) 2024-06-02 15:01:47 Finished transferring output files
...
005 (263849.092.000) 2024-06-02 15:01:47 Job terminated.
	(1) Normal termination (return value 0)
		Usr 0 01:21:42, Sys 0 00:17:45  -  Run Remote Usage
		Usr 0 00:00:00, Sys 0 00:00:00  -  Run Local Usage
		Usr 0 01:21:42, Sys 0 00:17:45  -  Total Remote Usage
		Usr 0 00:00:00, Sys 0 00:00:00  -  Total Local Usage
	271060  -  Run Bytes Sent By Job
	5798  -  Run Bytes Received By Job
	271060  -  Total Bytes Sent By Job
	5798  -  Total Bytes Received By Job
	Partitionable Resources :      Usage  Request Allocated 
	   Cpus                 :       0.99        1         1 
	   Disk (KB)            : 1563646    15728640  15729793 
	   GPUs                 :                             0 
	   IoHeavy              :                             0 
	   Memory (MB)          :    1388        4096      4096 
	   TimeExecute (s)      :    6042                       
	   TimeSlotBusy (s)     :    6063                       

	Job terminated of its own accord at 2024-06-02T20:01:46Z with exit-code 0.
...
