000 (263849.074.000) 2024-06-02 01:27:42 Job submitted from host: <128.105.68.112:9618?addrs=128.105.68.112-9618+[2607-f388-2200-100-eaeb-d3ff-fea3-4202]-9618&alias=ap2001.chtc.wisc.edu&noUDP&sock=schedd_3266430_de54>
...
040 (263849.074.000) 2024-06-02 13:11:01 Started transferring input files
	Transferring to host: <128.105.69.107:9618?addrs=128.105.69.107-9618+[2607-f388-2200-100-1270-fdff-fe56-bfe4]-9618&alias=e4056.chtc.wisc.edu&noUDP&sock=slot1_20_2844050_427d_96608>
...
040 (263849.074.000) 2024-06-02 13:11:03 Finished transferring input files
...
001 (263849.074.000) 2024-06-02 13:11:04 Job executing on host: <128.105.69.107:9618?addrs=128.105.69.107-9618+[2607-f388-2200-100-1270-fdff-fe56-bfe4]-9618&alias=e4056.chtc.wisc.edu&noUDP&sock=startd_20383_9eff>
	SlotName: slot1_20@e4056.chtc.wisc.edu
	CondorScratchDir = "/var/lib/condor/execute/slot1/dir_1617556"
	Cpus = 1
	Disk = 15729793
	GPUs = 0
	IoHeavy = 0
	Memory = 4096
...
006 (263849.074.000) 2024-06-02 13:11:13 Image size of job updated: 302768
	296  -  MemoryUsage of job (MB)
	302544  -  ResidentSetSize of job (KB)
...
006 (263849.074.000) 2024-06-02 13:16:14 Image size of job updated: 1523644
	1381  -  MemoryUsage of job (MB)
	1413600  -  ResidentSetSize of job (KB)
...
006 (263849.074.000) 2024-06-02 13:26:15 Image size of job updated: 1533940
	1381  -  MemoryUsage of job (MB)
	1413600  -  ResidentSetSize of job (KB)
...
006 (263849.074.000) 2024-06-02 13:31:16 Image size of job updated: 1572396
	1453  -  MemoryUsage of job (MB)
	1487128  -  ResidentSetSize of job (KB)
...
006 (263849.074.000) 2024-06-02 13:36:17 Image size of job updated: 1587420
	1456  -  MemoryUsage of job (MB)
	1490712  -  ResidentSetSize of job (KB)
...
006 (263849.074.000) 2024-06-02 13:41:17 Image size of job updated: 1605524
	1456  -  MemoryUsage of job (MB)
	1490712  -  ResidentSetSize of job (KB)
...
006 (263849.074.000) 2024-06-02 13:51:19 Image size of job updated: 1605524
	1475  -  MemoryUsage of job (MB)
	1509876  -  ResidentSetSize of job (KB)
...
006 (263849.074.000) 2024-06-02 13:56:19 Image size of job updated: 1616220
	1475  -  MemoryUsage of job (MB)
	1509876  -  ResidentSetSize of job (KB)
...
006 (263849.074.000) 2024-06-02 14:06:20 Image size of job updated: 1624592
	1475  -  MemoryUsage of job (MB)
	1509876  -  ResidentSetSize of job (KB)
...
006 (263849.074.000) 2024-06-02 14:16:20 Image size of job updated: 1629820
	1485  -  MemoryUsage of job (MB)
	1519636  -  ResidentSetSize of job (KB)
...
006 (263849.074.000) 2024-06-02 14:21:21 Image size of job updated: 1629820
	1501  -  MemoryUsage of job (MB)
	1536272  -  ResidentSetSize of job (KB)
...
006 (263849.074.000) 2024-06-02 14:36:23 Image size of job updated: 1655348
	1501  -  MemoryUsage of job (MB)
	1536272  -  ResidentSetSize of job (KB)
...
006 (263849.074.000) 2024-06-02 14:41:24 Image size of job updated: 1687996
	1501  -  MemoryUsage of job (MB)
	1536272  -  ResidentSetSize of job (KB)
...
006 (263849.074.000) 2024-06-02 14:51:25 Image size of job updated: 1687996
	1511  -  MemoryUsage of job (MB)
	1547048  -  ResidentSetSize of job (KB)
...
006 (263849.074.000) 2024-06-02 14:56:25 Image size of job updated: 1692552
	1554  -  MemoryUsage of job (MB)
	1591076  -  ResidentSetSize of job (KB)
...
006 (263849.074.000) 2024-06-02 15:01:25 Image size of job updated: 1693328
	1554  -  MemoryUsage of job (MB)
	1591076  -  ResidentSetSize of job (KB)
...
006 (263849.074.000) 2024-06-02 15:11:27 Image size of job updated: 1710084
	1554  -  MemoryUsage of job (MB)
	1591076  -  ResidentSetSize of job (KB)
...
006 (263849.074.000) 2024-06-02 15:16:27 Image size of job updated: 1710084
	1560  -  MemoryUsage of job (MB)
	1597300  -  ResidentSetSize of job (KB)
...
006 (263849.074.000) 2024-06-02 15:21:28 Image size of job updated: 1756140
	1564  -  MemoryUsage of job (MB)
	1600628  -  ResidentSetSize of job (KB)
...
006 (263849.074.000) 2024-06-02 15:31:07 Image size of job updated: 1899636
	1564  -  MemoryUsage of job (MB)
	1600628  -  ResidentSetSize of job (KB)
...
040 (263849.074.000) 2024-06-02 15:31:07 Started transferring output files
...
040 (263849.074.000) 2024-06-02 15:31:07 Finished transferring output files
...
005 (263849.074.000) 2024-06-02 15:31:07 Job terminated.
	(1) Normal termination (return value 0)
		Usr 0 01:50:54, Sys 0 00:27:57  -  Run Remote Usage
		Usr 0 00:00:00, Sys 0 00:00:00  -  Run Local Usage
		Usr 0 01:50:54, Sys 0 00:27:57  -  Total Remote Usage
		Usr 0 00:00:00, Sys 0 00:00:00  -  Total Local Usage
	270040  -  Run Bytes Sent By Job
	5798  -  Run Bytes Received By Job
	270040  -  Total Bytes Sent By Job
	5798  -  Total Bytes Received By Job
	Partitionable Resources :      Usage  Request Allocated 
	   Cpus                 :       0.99        1         1 
	   Disk (KB)            : 1577587    15728640  15729793 
	   GPUs                 :                             0 
	   IoHeavy              :                             0 
	   Memory (MB)          :    1564        4096      4096 
	   TimeExecute (s)      :    8403                       
	   TimeSlotBusy (s)     :    8406                       

	Job terminated of its own accord at 2024-06-02T20:31:07Z with exit-code 0.
...
