000 (263849.006.000) 2024-06-02 01:27:42 Job submitted from host: <128.105.68.112:9618?addrs=128.105.68.112-9618+[2607-f388-2200-100-eaeb-d3ff-fea3-4202]-9618&alias=ap2001.chtc.wisc.edu&noUDP&sock=schedd_3266430_de54>
...
040 (263849.006.000) 2024-06-02 03:21:33 Started transferring input files
	Transferring to host: <128.105.69.107:9618?addrs=128.105.69.107-9618+[2607-f388-2200-100-1270-fdff-fe56-bfe4]-9618&alias=e4056.chtc.wisc.edu&noUDP&sock=slot1_17_2844050_427d_95446>
...
040 (263849.006.000) 2024-06-02 03:21:43 Finished transferring input files
...
001 (263849.006.000) 2024-06-02 03:21:44 Job executing on host: <128.105.69.107:9618?addrs=128.105.69.107-9618+[2607-f388-2200-100-1270-fdff-fe56-bfe4]-9618&alias=e4056.chtc.wisc.edu&noUDP&sock=startd_20383_9eff>
	SlotName: slot1_17@e4056.chtc.wisc.edu
	CondorScratchDir = "/var/lib/condor/execute/slot1/dir_1553054"
	Cpus = 1
	Disk = 15729793
	GPUs = 0
	IoHeavy = 0
	Memory = 4096
...
006 (263849.006.000) 2024-06-02 03:21:53 Image size of job updated: 270072
	264  -  MemoryUsage of job (MB)
	270072  -  ResidentSetSize of job (KB)
...
006 (263849.006.000) 2024-06-02 03:26:53 Image size of job updated: 2004440
	1628  -  MemoryUsage of job (MB)
	1666612  -  ResidentSetSize of job (KB)
...
006 (263849.006.000) 2024-06-02 03:36:55 Image size of job updated: 2024656
	1628  -  MemoryUsage of job (MB)
	1666612  -  ResidentSetSize of job (KB)
...
006 (263849.006.000) 2024-06-02 03:46:56 Image size of job updated: 2024656
	1684  -  MemoryUsage of job (MB)
	1723924  -  ResidentSetSize of job (KB)
...
006 (263849.006.000) 2024-06-02 03:51:57 Image size of job updated: 2052400
	1701  -  MemoryUsage of job (MB)
	1740904  -  ResidentSetSize of job (KB)
...
006 (263849.006.000) 2024-06-02 04:01:57 Image size of job updated: 2052400
	1707  -  MemoryUsage of job (MB)
	1747012  -  ResidentSetSize of job (KB)
...
006 (263849.006.000) 2024-06-02 04:06:58 Image size of job updated: 2052400
	1714  -  MemoryUsage of job (MB)
	1754580  -  ResidentSetSize of job (KB)
...
006 (263849.006.000) 2024-06-02 04:11:58 Image size of job updated: 2160208
	1714  -  MemoryUsage of job (MB)
	1754580  -  ResidentSetSize of job (KB)
...
006 (263849.006.000) 2024-06-02 04:21:59 Image size of job updated: 2160208
	1727  -  MemoryUsage of job (MB)
	1768264  -  ResidentSetSize of job (KB)
...
006 (263849.006.000) 2024-06-02 04:37:00 Image size of job updated: 2160208
	1786  -  MemoryUsage of job (MB)
	1828536  -  ResidentSetSize of job (KB)
...
006 (263849.006.000) 2024-06-02 04:42:01 Image size of job updated: 2160208
	1798  -  MemoryUsage of job (MB)
	1840940  -  ResidentSetSize of job (KB)
...
006 (263849.006.000) 2024-06-02 05:42:59 Image size of job updated: 2474004
	1798  -  MemoryUsage of job (MB)
	1840940  -  ResidentSetSize of job (KB)
...
040 (263849.006.000) 2024-06-02 05:42:59 Started transferring output files
...
040 (263849.006.000) 2024-06-02 05:42:59 Finished transferring output files
...
005 (263849.006.000) 2024-06-02 05:42:59 Job terminated.
	(1) Normal termination (return value 0)
		Usr 0 01:53:46, Sys 0 00:25:06  -  Run Remote Usage
		Usr 0 00:00:00, Sys 0 00:00:00  -  Run Local Usage
		Usr 0 01:53:46, Sys 0 00:25:06  -  Total Remote Usage
		Usr 0 00:00:00, Sys 0 00:00:00  -  Total Local Usage
	270804  -  Run Bytes Sent By Job
	5798  -  Run Bytes Received By Job
	270804  -  Total Bytes Sent By Job
	5798  -  Total Bytes Received By Job
	Partitionable Resources :      Usage  Request Allocated 
	   Cpus                 :       0.99        1         1 
	   Disk (KB)            : 2166034    15728640  15729793 
	   GPUs                 :                             0 
	   IoHeavy              :                             0 
	   Memory (MB)          :    1798        4096      4096 
	   TimeExecute (s)      :    8475                       
	   TimeSlotBusy (s)     :    8486                       

	Job terminated of its own accord at 2024-06-02T10:42:59Z with exit-code 0.
...
