000 (263849.098.000) 2024-06-02 01:27:42 Job submitted from host: <128.105.68.112:9618?addrs=128.105.68.112-9618+[2607-f388-2200-100-eaeb-d3ff-fea3-4202]-9618&alias=ap2001.chtc.wisc.edu&noUDP&sock=schedd_3266430_de54>
...
040 (263849.098.000) 2024-06-02 13:20:45 Started transferring input files
	Transferring to host: <128.105.69.107:9618?addrs=128.105.69.107-9618+[2607-f388-2200-100-1270-fdff-fe56-bfe4]-9618&alias=e4056.chtc.wisc.edu&noUDP&sock=slot1_50_2844050_427d_96652>
...
040 (263849.098.000) 2024-06-02 13:21:03 Finished transferring input files
...
001 (263849.098.000) 2024-06-02 13:21:04 Job executing on host: <128.105.69.107:9618?addrs=128.105.69.107-9618+[2607-f388-2200-100-1270-fdff-fe56-bfe4]-9618&alias=e4056.chtc.wisc.edu&noUDP&sock=startd_20383_9eff>
	SlotName: slot1_50@e4056.chtc.wisc.edu
	CondorScratchDir = "/var/lib/condor/execute/slot1/dir_1619377"
	Cpus = 1
	Disk = 15729793
	GPUs = 0
	IoHeavy = 0
	Memory = 4096
...
006 (263849.098.000) 2024-06-02 13:21:13 Image size of job updated: 242300
	237  -  MemoryUsage of job (MB)
	242300  -  ResidentSetSize of job (KB)
...
006 (263849.098.000) 2024-06-02 13:26:14 Image size of job updated: 1042092
	951  -  MemoryUsage of job (MB)
	973696  -  ResidentSetSize of job (KB)
...
006 (263849.098.000) 2024-06-02 13:31:14 Image size of job updated: 1061736
	992  -  MemoryUsage of job (MB)
	1015624  -  ResidentSetSize of job (KB)
...
006 (263849.098.000) 2024-06-02 13:41:15 Image size of job updated: 1066360
	992  -  MemoryUsage of job (MB)
	1015624  -  ResidentSetSize of job (KB)
...
006 (263849.098.000) 2024-06-02 13:46:15 Image size of job updated: 1099456
	992  -  MemoryUsage of job (MB)
	1015624  -  ResidentSetSize of job (KB)
...
006 (263849.098.000) 2024-06-02 13:51:15 Image size of job updated: 1099456
	1001  -  MemoryUsage of job (MB)
	1024696  -  ResidentSetSize of job (KB)
...
006 (263849.098.000) 2024-06-02 13:56:17 Image size of job updated: 1121144
	1001  -  MemoryUsage of job (MB)
	1024696  -  ResidentSetSize of job (KB)
...
006 (263849.098.000) 2024-06-02 14:01:17 Image size of job updated: 1121144
	1053  -  MemoryUsage of job (MB)
	1077848  -  ResidentSetSize of job (KB)
...
006 (263849.098.000) 2024-06-02 14:06:17 Image size of job updated: 1176252
	1057  -  MemoryUsage of job (MB)
	1082000  -  ResidentSetSize of job (KB)
...
006 (263849.098.000) 2024-06-02 14:21:19 Image size of job updated: 1185108
	1129  -  MemoryUsage of job (MB)
	1155096  -  ResidentSetSize of job (KB)
...
006 (263849.098.000) 2024-06-02 14:26:20 Image size of job updated: 1199232
	1129  -  MemoryUsage of job (MB)
	1155096  -  ResidentSetSize of job (KB)
...
006 (263849.098.000) 2024-06-02 14:31:02 Image size of job updated: 1384932
	1129  -  MemoryUsage of job (MB)
	1155096  -  ResidentSetSize of job (KB)
...
040 (263849.098.000) 2024-06-02 14:31:02 Started transferring output files
...
040 (263849.098.000) 2024-06-02 14:31:02 Finished transferring output files
...
005 (263849.098.000) 2024-06-02 14:31:02 Job terminated.
	(1) Normal termination (return value 0)
		Usr 0 00:58:23, Sys 0 00:10:35  -  Run Remote Usage
		Usr 0 00:00:00, Sys 0 00:00:00  -  Run Local Usage
		Usr 0 00:58:23, Sys 0 00:10:35  -  Total Remote Usage
		Usr 0 00:00:00, Sys 0 00:00:00  -  Total Local Usage
	271440  -  Run Bytes Sent By Job
	5798  -  Run Bytes Received By Job
	271440  -  Total Bytes Sent By Job
	5798  -  Total Bytes Received By Job
	Partitionable Resources :      Usage  Request Allocated 
	   Cpus                 :       0.99        1         1 
	   Disk (KB)            : 1255747    15728640  15729793 
	   GPUs                 :                             0 
	   IoHeavy              :                             0 
	   Memory (MB)          :    1129        4096      4096 
	   TimeExecute (s)      :    4198                       
	   TimeSlotBusy (s)     :    4218                       

	Job terminated of its own accord at 2024-06-02T19:31:02Z with exit-code 0.
...
