000 (263849.075.000) 2024-06-02 01:27:42 Job submitted from host: <128.105.68.112:9618?addrs=128.105.68.112-9618+[2607-f388-2200-100-eaeb-d3ff-fea3-4202]-9618&alias=ap2001.chtc.wisc.edu&noUDP&sock=schedd_3266430_de54>
...
040 (263849.075.000) 2024-06-02 13:17:42 Started transferring input files
	Transferring to host: <128.105.69.107:9618?addrs=128.105.69.107-9618+[2607-f388-2200-100-1270-fdff-fe56-bfe4]-9618&alias=e4056.chtc.wisc.edu&noUDP&sock=slot1_25_2844050_427d_96627>
...
040 (263849.075.000) 2024-06-02 13:17:45 Finished transferring input files
...
001 (263849.075.000) 2024-06-02 13:17:46 Job executing on host: <128.105.69.107:9618?addrs=128.105.69.107-9618+[2607-f388-2200-100-1270-fdff-fe56-bfe4]-9618&alias=e4056.chtc.wisc.edu&noUDP&sock=startd_20383_9eff>
	SlotName: slot1_25@e4056.chtc.wisc.edu
	CondorScratchDir = "/var/lib/condor/execute/slot1/dir_1618524"
	Cpus = 1
	Disk = 15729793
	GPUs = 0
	IoHeavy = 0
	Memory = 4096
...
006 (263849.075.000) 2024-06-02 13:17:54 Image size of job updated: 304840
	298  -  MemoryUsage of job (MB)
	304840  -  ResidentSetSize of job (KB)
...
006 (263849.075.000) 2024-06-02 13:22:54 Image size of job updated: 1514048
	1255  -  MemoryUsage of job (MB)
	1284632  -  ResidentSetSize of job (KB)
...
006 (263849.075.000) 2024-06-02 13:27:55 Image size of job updated: 1527380
	1262  -  MemoryUsage of job (MB)
	1291288  -  ResidentSetSize of job (KB)
...
006 (263849.075.000) 2024-06-02 13:32:55 Image size of job updated: 1527380
	1372  -  MemoryUsage of job (MB)
	1403924  -  ResidentSetSize of job (KB)
...
006 (263849.075.000) 2024-06-02 13:37:55 Image size of job updated: 1591592
	1372  -  MemoryUsage of job (MB)
	1403924  -  ResidentSetSize of job (KB)
...
006 (263849.075.000) 2024-06-02 13:47:57 Image size of job updated: 1591592
	1425  -  MemoryUsage of job (MB)
	1458812  -  ResidentSetSize of job (KB)
...
006 (263849.075.000) 2024-06-02 13:52:57 Image size of job updated: 1591592
	1433  -  MemoryUsage of job (MB)
	1467260  -  ResidentSetSize of job (KB)
...
006 (263849.075.000) 2024-06-02 14:02:59 Image size of job updated: 1604112
	1433  -  MemoryUsage of job (MB)
	1467260  -  ResidentSetSize of job (KB)
...
006 (263849.075.000) 2024-06-02 14:18:01 Image size of job updated: 1613972
	1495  -  MemoryUsage of job (MB)
	1529984  -  ResidentSetSize of job (KB)
...
006 (263849.075.000) 2024-06-02 14:23:01 Image size of job updated: 1633708
	1495  -  MemoryUsage of job (MB)
	1529984  -  ResidentSetSize of job (KB)
...
006 (263849.075.000) 2024-06-02 14:28:01 Image size of job updated: 1633708
	1579  -  MemoryUsage of job (MB)
	1616276  -  ResidentSetSize of job (KB)
...
006 (263849.075.000) 2024-06-02 14:33:02 Image size of job updated: 1646284
	1579  -  MemoryUsage of job (MB)
	1616276  -  ResidentSetSize of job (KB)
...
006 (263849.075.000) 2024-06-02 14:43:03 Image size of job updated: 1666180
	1579  -  MemoryUsage of job (MB)
	1616276  -  ResidentSetSize of job (KB)
...
006 (263849.075.000) 2024-06-02 14:48:04 Image size of job updated: 1675932
	1579  -  MemoryUsage of job (MB)
	1616276  -  ResidentSetSize of job (KB)
...
006 (263849.075.000) 2024-06-02 14:58:05 Image size of job updated: 1699764
	1579  -  MemoryUsage of job (MB)
	1616276  -  ResidentSetSize of job (KB)
...
006 (263849.075.000) 2024-06-02 15:18:08 Image size of job updated: 1713620
	1579  -  MemoryUsage of job (MB)
	1616276  -  ResidentSetSize of job (KB)
...
006 (263849.075.000) 2024-06-02 15:19:02 Image size of job updated: 1893788
	1579  -  MemoryUsage of job (MB)
	1616276  -  ResidentSetSize of job (KB)
...
040 (263849.075.000) 2024-06-02 15:19:02 Started transferring output files
...
040 (263849.075.000) 2024-06-02 15:19:02 Finished transferring output files
...
005 (263849.075.000) 2024-06-02 15:19:02 Job terminated.
	(1) Normal termination (return value 0)
		Usr 0 01:37:03, Sys 0 00:23:10  -  Run Remote Usage
		Usr 0 00:00:00, Sys 0 00:00:00  -  Run Local Usage
		Usr 0 01:37:03, Sys 0 00:23:10  -  Total Remote Usage
		Usr 0 00:00:00, Sys 0 00:00:00  -  Total Local Usage
	256782  -  Run Bytes Sent By Job
	5798  -  Run Bytes Received By Job
	256782  -  Total Bytes Sent By Job
	5798  -  Total Bytes Received By Job
	Partitionable Resources :      Usage  Request Allocated 
	   Cpus                 :       1.00        1         1 
	   Disk (KB)            : 1591037    15728640  15729793 
	   GPUs                 :                             0 
	   IoHeavy              :                             0 
	   Memory (MB)          :    1579        4096      4096 
	   TimeExecute (s)      :    7276                       
	   TimeSlotBusy (s)     :    7280                       

	Job terminated of its own accord at 2024-06-02T20:19:02Z with exit-code 0.
...
