000 (263849.049.000) 2024-06-02 01:27:42 Job submitted from host: <128.105.68.112:9618?addrs=128.105.68.112-9618+[2607-f388-2200-100-eaeb-d3ff-fea3-4202]-9618&alias=ap2001.chtc.wisc.edu&noUDP&sock=schedd_3266430_de54>
...
040 (263849.049.000) 2024-06-02 09:26:44 Started transferring input files
	Transferring to host: <128.105.69.107:9618?addrs=128.105.69.107-9618+[2607-f388-2200-100-1270-fdff-fe56-bfe4]-9618&alias=e4056.chtc.wisc.edu&noUDP&sock=slot1_14_2844050_427d_96161>
...
040 (263849.049.000) 2024-06-02 09:26:46 Finished transferring input files
...
001 (263849.049.000) 2024-06-02 09:26:47 Job executing on host: <128.105.69.107:9618?addrs=128.105.69.107-9618+[2607-f388-2200-100-1270-fdff-fe56-bfe4]-9618&alias=e4056.chtc.wisc.edu&noUDP&sock=startd_20383_9eff>
	SlotName: slot1_14@e4056.chtc.wisc.edu
	CondorScratchDir = "/var/lib/condor/execute/slot1/dir_1593365"
	Cpus = 1
	Disk = 15729793
	GPUs = 0
	IoHeavy = 0
	Memory = 4096
...
006 (263849.049.000) 2024-06-02 09:26:56 Image size of job updated: 436692
	427  -  MemoryUsage of job (MB)
	436540  -  ResidentSetSize of job (KB)
...
006 (263849.049.000) 2024-06-02 09:31:57 Image size of job updated: 1514224
	1352  -  MemoryUsage of job (MB)
	1383632  -  ResidentSetSize of job (KB)
...
006 (263849.049.000) 2024-06-02 09:36:58 Image size of job updated: 1518012
	1455  -  MemoryUsage of job (MB)
	1489360  -  ResidentSetSize of job (KB)
...
006 (263849.049.000) 2024-06-02 09:41:58 Image size of job updated: 1518012
	1455  -  MemoryUsage of job (MB)
	1489872  -  ResidentSetSize of job (KB)
...
006 (263849.049.000) 2024-06-02 10:07:02 Image size of job updated: 1523652
	1455  -  MemoryUsage of job (MB)
	1489872  -  ResidentSetSize of job (KB)
...
006 (263849.049.000) 2024-06-02 12:12:15 Image size of job updated: 1523768
	1455  -  MemoryUsage of job (MB)
	1489872  -  ResidentSetSize of job (KB)
...
006 (263849.049.000) 2024-06-02 12:17:15 Image size of job updated: 1600796
	1455  -  MemoryUsage of job (MB)
	1489872  -  ResidentSetSize of job (KB)
...
006 (263849.049.000) 2024-06-02 12:22:16 Image size of job updated: 1600812
	1455  -  MemoryUsage of job (MB)
	1489872  -  ResidentSetSize of job (KB)
...
006 (263849.049.000) 2024-06-02 12:47:19 Image size of job updated: 1600812
	1465  -  MemoryUsage of job (MB)
	1499508  -  ResidentSetSize of job (KB)
...
006 (263849.049.000) 2024-06-02 12:52:20 Image size of job updated: 1625072
	1504  -  MemoryUsage of job (MB)
	1539664  -  ResidentSetSize of job (KB)
...
006 (263849.049.000) 2024-06-02 13:02:21 Image size of job updated: 1650256
	1504  -  MemoryUsage of job (MB)
	1539664  -  ResidentSetSize of job (KB)
...
006 (263849.049.000) 2024-06-02 13:03:58 Image size of job updated: 1873824
	1504  -  MemoryUsage of job (MB)
	1539664  -  ResidentSetSize of job (KB)
...
040 (263849.049.000) 2024-06-02 13:03:58 Started transferring output files
...
040 (263849.049.000) 2024-06-02 13:03:58 Finished transferring output files
...
005 (263849.049.000) 2024-06-02 13:03:58 Job terminated.
	(1) Normal termination (return value 0)
		Usr 0 02:43:41, Sys 0 00:51:33  -  Run Remote Usage
		Usr 0 00:00:00, Sys 0 00:00:00  -  Run Local Usage
		Usr 0 02:43:41, Sys 0 00:51:33  -  Total Remote Usage
		Usr 0 00:00:00, Sys 0 00:00:00  -  Total Local Usage
	271182  -  Run Bytes Sent By Job
	5798  -  Run Bytes Received By Job
	271182  -  Total Bytes Sent By Job
	5798  -  Total Bytes Received By Job
	Partitionable Resources :      Usage  Request Allocated 
	   Cpus                 :       1.01        1         1 
	   Disk (KB)            : 1603404    15728640  15729793 
	   GPUs                 :                             0 
	   IoHeavy              :                             0 
	   Memory (MB)          :    1504        4096      4096 
	   TimeExecute (s)      :   13031                       
	   TimeSlotBusy (s)     :   13035                       

	Job terminated of its own accord at 2024-06-02T18:03:58Z with exit-code 0.
...
