000 (263849.061.000) 2024-06-02 01:27:42 Job submitted from host: <128.105.68.112:9618?addrs=128.105.68.112-9618+[2607-f388-2200-100-eaeb-d3ff-fea3-4202]-9618&alias=ap2001.chtc.wisc.edu&noUDP&sock=schedd_3266430_de54>
...
040 (263849.061.000) 2024-06-02 11:21:21 Started transferring input files
	Transferring to host: <128.105.69.107:9618?addrs=128.105.69.107-9618+[2607-f388-2200-100-1270-fdff-fe56-bfe4]-9618&alias=e4056.chtc.wisc.edu&noUDP&sock=slot1_27_2844050_427d_96391>
...
040 (263849.061.000) 2024-06-02 11:21:23 Finished transferring input files
...
001 (263849.061.000) 2024-06-02 11:21:24 Job executing on host: <128.105.69.107:9618?addrs=128.105.69.107-9618+[2607-f388-2200-100-1270-fdff-fe56-bfe4]-9618&alias=e4056.chtc.wisc.edu&noUDP&sock=startd_20383_9eff>
	SlotName: slot1_27@e4056.chtc.wisc.edu
	CondorScratchDir = "/var/lib/condor/execute/slot1/dir_1606249"
	Cpus = 1
	Disk = 15729793
	GPUs = 0
	IoHeavy = 0
	Memory = 4096
...
006 (263849.061.000) 2024-06-02 11:21:33 Image size of job updated: 461896
	301  -  MemoryUsage of job (MB)
	308012  -  ResidentSetSize of job (KB)
...
006 (263849.061.000) 2024-06-02 11:26:34 Image size of job updated: 1279704
	1122  -  MemoryUsage of job (MB)
	1148588  -  ResidentSetSize of job (KB)
...
006 (263849.061.000) 2024-06-02 11:31:35 Image size of job updated: 1279704
	1157  -  MemoryUsage of job (MB)
	1184452  -  ResidentSetSize of job (KB)
...
006 (263849.061.000) 2024-06-02 11:36:35 Image size of job updated: 1282804
	1157  -  MemoryUsage of job (MB)
	1184452  -  ResidentSetSize of job (KB)
...
006 (263849.061.000) 2024-06-02 11:46:37 Image size of job updated: 1301600
	1157  -  MemoryUsage of job (MB)
	1184452  -  ResidentSetSize of job (KB)
...
006 (263849.061.000) 2024-06-02 11:51:37 Image size of job updated: 1312796
	1175  -  MemoryUsage of job (MB)
	1202628  -  ResidentSetSize of job (KB)
...
006 (263849.061.000) 2024-06-02 11:56:37 Image size of job updated: 1328784
	1175  -  MemoryUsage of job (MB)
	1202628  -  ResidentSetSize of job (KB)
...
006 (263849.061.000) 2024-06-02 12:06:38 Image size of job updated: 1328784
	1178  -  MemoryUsage of job (MB)
	1205552  -  ResidentSetSize of job (KB)
...
006 (263849.061.000) 2024-06-02 12:11:38 Image size of job updated: 1328784
	1225  -  MemoryUsage of job (MB)
	1253984  -  ResidentSetSize of job (KB)
...
006 (263849.061.000) 2024-06-02 12:16:39 Image size of job updated: 1346268
	1225  -  MemoryUsage of job (MB)
	1253984  -  ResidentSetSize of job (KB)
...
006 (263849.061.000) 2024-06-02 12:21:39 Image size of job updated: 1346268
	1242  -  MemoryUsage of job (MB)
	1270928  -  ResidentSetSize of job (KB)
...
006 (263849.061.000) 2024-06-02 12:31:40 Image size of job updated: 1368296
	1242  -  MemoryUsage of job (MB)
	1270928  -  ResidentSetSize of job (KB)
...
006 (263849.061.000) 2024-06-02 12:46:42 Image size of job updated: 1392396
	1242  -  MemoryUsage of job (MB)
	1270928  -  ResidentSetSize of job (KB)
...
006 (263849.061.000) 2024-06-02 13:01:43 Image size of job updated: 1392396
	1292  -  MemoryUsage of job (MB)
	1322692  -  ResidentSetSize of job (KB)
...
006 (263849.061.000) 2024-06-02 13:23:29 Image size of job updated: 1581120
	1292  -  MemoryUsage of job (MB)
	1322692  -  ResidentSetSize of job (KB)
...
040 (263849.061.000) 2024-06-02 13:23:29 Started transferring output files
...
040 (263849.061.000) 2024-06-02 13:23:29 Finished transferring output files
...
005 (263849.061.000) 2024-06-02 13:23:29 Job terminated.
	(1) Normal termination (return value 0)
		Usr 0 01:34:45, Sys 0 00:26:14  -  Run Remote Usage
		Usr 0 00:00:00, Sys 0 00:00:00  -  Run Local Usage
		Usr 0 01:34:45, Sys 0 00:26:14  -  Total Remote Usage
		Usr 0 00:00:00, Sys 0 00:00:00  -  Total Local Usage
	271404  -  Run Bytes Sent By Job
	5798  -  Run Bytes Received By Job
	271404  -  Total Bytes Sent By Job
	5798  -  Total Bytes Received By Job
	Partitionable Resources :      Usage  Request Allocated 
	   Cpus                 :       0.99        1         1 
	   Disk (KB)            : 1397533    15728640  15729793 
	   GPUs                 :                             0 
	   IoHeavy              :                             0 
	   Memory (MB)          :    1292        4096      4096 
	   TimeExecute (s)      :    7325                       
	   TimeSlotBusy (s)     :    7329                       

	Job terminated of its own accord at 2024-06-02T18:23:29Z with exit-code 0.
...
