000 (263849.090.000) 2024-06-02 01:27:42 Job submitted from host: <128.105.68.112:9618?addrs=128.105.68.112-9618+[2607-f388-2200-100-eaeb-d3ff-fea3-4202]-9618&alias=ap2001.chtc.wisc.edu&noUDP&sock=schedd_3266430_de54>
...
040 (263849.090.000) 2024-06-02 13:20:44 Started transferring input files
	Transferring to host: <128.105.69.107:9618?addrs=128.105.69.107-9618+[2607-f388-2200-100-1270-fdff-fe56-bfe4]-9618&alias=e4056.chtc.wisc.edu&noUDP&sock=slot1_42_2844050_427d_96644>
...
040 (263849.090.000) 2024-06-02 13:21:03 Finished transferring input files
...
001 (263849.090.000) 2024-06-02 13:21:04 Job executing on host: <128.105.69.107:9618?addrs=128.105.69.107-9618+[2607-f388-2200-100-1270-fdff-fe56-bfe4]-9618&alias=e4056.chtc.wisc.edu&noUDP&sock=startd_20383_9eff>
	SlotName: slot1_42@e4056.chtc.wisc.edu
	CondorScratchDir = "/var/lib/condor/execute/slot1/dir_1619167"
	Cpus = 1
	Disk = 15729793
	GPUs = 0
	IoHeavy = 0
	Memory = 4096
...
006 (263849.090.000) 2024-06-02 13:21:13 Image size of job updated: 230036
	225  -  MemoryUsage of job (MB)
	229796  -  ResidentSetSize of job (KB)
...
006 (263849.090.000) 2024-06-02 13:26:14 Image size of job updated: 1404136
	1170  -  MemoryUsage of job (MB)
	1197084  -  ResidentSetSize of job (KB)
...
006 (263849.090.000) 2024-06-02 13:31:15 Image size of job updated: 1473780
	1201  -  MemoryUsage of job (MB)
	1229372  -  ResidentSetSize of job (KB)
...
006 (263849.090.000) 2024-06-02 13:36:15 Image size of job updated: 1473780
	1289  -  MemoryUsage of job (MB)
	1319432  -  ResidentSetSize of job (KB)
...
006 (263849.090.000) 2024-06-02 13:51:17 Image size of job updated: 1473780
	1350  -  MemoryUsage of job (MB)
	1382352  -  ResidentSetSize of job (KB)
...
006 (263849.090.000) 2024-06-02 13:56:17 Image size of job updated: 1473780
	1354  -  MemoryUsage of job (MB)
	1386192  -  ResidentSetSize of job (KB)
...
006 (263849.090.000) 2024-06-02 14:01:18 Image size of job updated: 1482764
	1354  -  MemoryUsage of job (MB)
	1386192  -  ResidentSetSize of job (KB)
...
006 (263849.090.000) 2024-06-02 14:16:19 Image size of job updated: 1492444
	1397  -  MemoryUsage of job (MB)
	1429916  -  ResidentSetSize of job (KB)
...
006 (263849.090.000) 2024-06-02 14:21:20 Image size of job updated: 1492444
	1407  -  MemoryUsage of job (MB)
	1439900  -  ResidentSetSize of job (KB)
...
006 (263849.090.000) 2024-06-02 14:26:20 Image size of job updated: 1503724
	1407  -  MemoryUsage of job (MB)
	1439900  -  ResidentSetSize of job (KB)
...
006 (263849.090.000) 2024-06-02 14:31:21 Image size of job updated: 1504800
	1407  -  MemoryUsage of job (MB)
	1439900  -  ResidentSetSize of job (KB)
...
006 (263849.090.000) 2024-06-02 14:36:22 Image size of job updated: 1548276
	1434  -  MemoryUsage of job (MB)
	1467880  -  ResidentSetSize of job (KB)
...
006 (263849.090.000) 2024-06-02 14:41:22 Image size of job updated: 1552504
	1434  -  MemoryUsage of job (MB)
	1467880  -  ResidentSetSize of job (KB)
...
006 (263849.090.000) 2024-06-02 14:46:23 Image size of job updated: 1552504
	1488  -  MemoryUsage of job (MB)
	1523560  -  ResidentSetSize of job (KB)
...
006 (263849.090.000) 2024-06-02 15:01:24 Image size of job updated: 1570812
	1488  -  MemoryUsage of job (MB)
	1523560  -  ResidentSetSize of job (KB)
...
006 (263849.090.000) 2024-06-02 15:14:45 Image size of job updated: 1674520
	1488  -  MemoryUsage of job (MB)
	1523560  -  ResidentSetSize of job (KB)
...
040 (263849.090.000) 2024-06-02 15:14:45 Started transferring output files
...
040 (263849.090.000) 2024-06-02 15:14:45 Finished transferring output files
...
005 (263849.090.000) 2024-06-02 15:14:45 Job terminated.
	(1) Normal termination (return value 0)
		Usr 0 01:32:56, Sys 0 00:19:18  -  Run Remote Usage
		Usr 0 00:00:00, Sys 0 00:00:00  -  Run Local Usage
		Usr 0 01:32:56, Sys 0 00:19:18  -  Total Remote Usage
		Usr 0 00:00:00, Sys 0 00:00:00  -  Total Local Usage
	271386  -  Run Bytes Sent By Job
	5798  -  Run Bytes Received By Job
	271386  -  Total Bytes Sent By Job
	5798  -  Total Bytes Received By Job
	Partitionable Resources :      Usage  Request Allocated 
	   Cpus                 :       0.99        1         1 
	   Disk (KB)            : 1454710    15728640  15729793 
	   GPUs                 :                             0 
	   IoHeavy              :                             0 
	   Memory (MB)          :    1488        4096      4096 
	   TimeExecute (s)      :    6821                       
	   TimeSlotBusy (s)     :    6841                       

	Job terminated of its own accord at 2024-06-02T20:14:45Z with exit-code 0.
...
