000 (263849.089.000) 2024-06-02 01:27:42 Job submitted from host: <128.105.68.112:9618?addrs=128.105.68.112-9618+[2607-f388-2200-100-eaeb-d3ff-fea3-4202]-9618&alias=ap2001.chtc.wisc.edu&noUDP&sock=schedd_3266430_de54>
...
040 (263849.089.000) 2024-06-02 13:20:44 Started transferring input files
	Transferring to host: <128.105.69.107:9618?addrs=128.105.69.107-9618+[2607-f388-2200-100-1270-fdff-fe56-bfe4]-9618&alias=e4056.chtc.wisc.edu&noUDP&sock=slot1_41_2844050_427d_96643>
...
040 (263849.089.000) 2024-06-02 13:21:02 Finished transferring input files
...
001 (263849.089.000) 2024-06-02 13:21:03 Job executing on host: <128.105.69.107:9618?addrs=128.105.69.107-9618+[2607-f388-2200-100-1270-fdff-fe56-bfe4]-9618&alias=e4056.chtc.wisc.edu&noUDP&sock=startd_20383_9eff>
	SlotName: slot1_41@e4056.chtc.wisc.edu
	CondorScratchDir = "/var/lib/condor/execute/slot1/dir_1619137"
	Cpus = 1
	Disk = 15729793
	GPUs = 0
	IoHeavy = 0
	Memory = 4096
...
006 (263849.089.000) 2024-06-02 13:21:12 Image size of job updated: 185964
	182  -  MemoryUsage of job (MB)
	185716  -  ResidentSetSize of job (KB)
...
006 (263849.089.000) 2024-06-02 13:26:12 Image size of job updated: 1185944
	1112  -  MemoryUsage of job (MB)
	1138524  -  ResidentSetSize of job (KB)
...
006 (263849.089.000) 2024-06-02 13:36:14 Image size of job updated: 1191644
	1113  -  MemoryUsage of job (MB)
	1138848  -  ResidentSetSize of job (KB)
...
006 (263849.089.000) 2024-06-02 13:41:14 Image size of job updated: 1205840
	1113  -  MemoryUsage of job (MB)
	1138848  -  ResidentSetSize of job (KB)
...
006 (263849.089.000) 2024-06-02 13:46:15 Image size of job updated: 1209876
	1126  -  MemoryUsage of job (MB)
	1152952  -  ResidentSetSize of job (KB)
...
006 (263849.089.000) 2024-06-02 13:51:16 Image size of job updated: 1228944
	1148  -  MemoryUsage of job (MB)
	1175468  -  ResidentSetSize of job (KB)
...
006 (263849.089.000) 2024-06-02 14:06:17 Image size of job updated: 1240408
	1148  -  MemoryUsage of job (MB)
	1175468  -  ResidentSetSize of job (KB)
...
006 (263849.089.000) 2024-06-02 14:11:17 Image size of job updated: 1258244
	1148  -  MemoryUsage of job (MB)
	1175468  -  ResidentSetSize of job (KB)
...
006 (263849.089.000) 2024-06-02 14:16:17 Image size of job updated: 1267928
	1148  -  MemoryUsage of job (MB)
	1175468  -  ResidentSetSize of job (KB)
...
006 (263849.089.000) 2024-06-02 14:21:18 Image size of job updated: 1273400
	1224  -  MemoryUsage of job (MB)
	1252980  -  ResidentSetSize of job (KB)
...
006 (263849.089.000) 2024-06-02 14:26:18 Image size of job updated: 1305644
	1224  -  MemoryUsage of job (MB)
	1252980  -  ResidentSetSize of job (KB)
...
006 (263849.089.000) 2024-06-02 14:41:35 Image size of job updated: 1545348
	1224  -  MemoryUsage of job (MB)
	1252980  -  ResidentSetSize of job (KB)
...
040 (263849.089.000) 2024-06-02 14:41:35 Started transferring output files
...
040 (263849.089.000) 2024-06-02 14:41:35 Finished transferring output files
...
005 (263849.089.000) 2024-06-02 14:41:35 Job terminated.
	(1) Normal termination (return value 0)
		Usr 0 01:07:27, Sys 0 00:11:56  -  Run Remote Usage
		Usr 0 00:00:00, Sys 0 00:00:00  -  Run Local Usage
		Usr 0 01:07:27, Sys 0 00:11:56  -  Total Remote Usage
		Usr 0 00:00:00, Sys 0 00:00:00  -  Total Local Usage
	271458  -  Run Bytes Sent By Job
	5798  -  Run Bytes Received By Job
	271458  -  Total Bytes Sent By Job
	5798  -  Total Bytes Received By Job
	Partitionable Resources :      Usage  Request Allocated 
	   Cpus                 :       0.99        1         1 
	   Disk (KB)            : 1543440    15728640  15729793 
	   GPUs                 :                             0 
	   IoHeavy              :                             0 
	   Memory (MB)          :    1224        4096      4096 
	   TimeExecute (s)      :    4832                       
	   TimeSlotBusy (s)     :    4851                       

	Job terminated of its own accord at 2024-06-02T19:41:35Z with exit-code 0.
...
