000 (263849.072.000) 2024-06-02 01:27:42 Job submitted from host: <128.105.68.112:9618?addrs=128.105.68.112-9618+[2607-f388-2200-100-eaeb-d3ff-fea3-4202]-9618&alias=ap2001.chtc.wisc.edu&noUDP&sock=schedd_3266430_de54>
...
040 (263849.072.000) 2024-06-02 12:57:45 Started transferring input files
	Transferring to host: <128.105.69.107:9618?addrs=128.105.69.107-9618+[2607-f388-2200-100-1270-fdff-fe56-bfe4]-9618&alias=e4056.chtc.wisc.edu&noUDP&sock=slot1_17_2844050_427d_96588>
...
040 (263849.072.000) 2024-06-02 12:57:48 Finished transferring input files
...
001 (263849.072.000) 2024-06-02 12:57:49 Job executing on host: <128.105.69.107:9618?addrs=128.105.69.107-9618+[2607-f388-2200-100-1270-fdff-fe56-bfe4]-9618&alias=e4056.chtc.wisc.edu&noUDP&sock=startd_20383_9eff>
	SlotName: slot1_17@e4056.chtc.wisc.edu
	CondorScratchDir = "/var/lib/condor/execute/slot1/dir_1616370"
	Cpus = 1
	Disk = 15729793
	GPUs = 0
	IoHeavy = 0
	Memory = 4096
...
006 (263849.072.000) 2024-06-02 12:57:58 Image size of job updated: 291744
	285  -  MemoryUsage of job (MB)
	291744  -  ResidentSetSize of job (KB)
...
006 (263849.072.000) 2024-06-02 13:02:59 Image size of job updated: 1543424
	1255  -  MemoryUsage of job (MB)
	1284760  -  ResidentSetSize of job (KB)
...
006 (263849.072.000) 2024-06-02 13:13:00 Image size of job updated: 1567036
	1255  -  MemoryUsage of job (MB)
	1284760  -  ResidentSetSize of job (KB)
...
006 (263849.072.000) 2024-06-02 13:18:01 Image size of job updated: 1588932
	1255  -  MemoryUsage of job (MB)
	1284760  -  ResidentSetSize of job (KB)
...
006 (263849.072.000) 2024-06-02 13:28:02 Image size of job updated: 1594268
	1255  -  MemoryUsage of job (MB)
	1284760  -  ResidentSetSize of job (KB)
...
006 (263849.072.000) 2024-06-02 13:43:04 Image size of job updated: 1653732
	1272  -  MemoryUsage of job (MB)
	1301748  -  ResidentSetSize of job (KB)
...
006 (263849.072.000) 2024-06-02 13:48:04 Image size of job updated: 1653732
	1407  -  MemoryUsage of job (MB)
	1440496  -  ResidentSetSize of job (KB)
...
006 (263849.072.000) 2024-06-02 14:03:05 Image size of job updated: 1654404
	1407  -  MemoryUsage of job (MB)
	1440496  -  ResidentSetSize of job (KB)
...
006 (263849.072.000) 2024-06-02 14:13:07 Image size of job updated: 1701608
	1407  -  MemoryUsage of job (MB)
	1440496  -  ResidentSetSize of job (KB)
...
006 (263849.072.000) 2024-06-02 14:27:36 Image size of job updated: 1761268
	1407  -  MemoryUsage of job (MB)
	1440496  -  ResidentSetSize of job (KB)
...
040 (263849.072.000) 2024-06-02 14:27:36 Started transferring output files
...
040 (263849.072.000) 2024-06-02 14:27:36 Finished transferring output files
...
005 (263849.072.000) 2024-06-02 14:27:37 Job terminated.
	(1) Normal termination (return value 0)
		Usr 0 01:13:58, Sys 0 00:14:59  -  Run Remote Usage
		Usr 0 00:00:00, Sys 0 00:00:00  -  Run Local Usage
		Usr 0 01:13:58, Sys 0 00:14:59  -  Total Remote Usage
		Usr 0 00:00:00, Sys 0 00:00:00  -  Total Local Usage
	271136  -  Run Bytes Sent By Job
	5798  -  Run Bytes Received By Job
	271136  -  Total Bytes Sent By Job
	5798  -  Total Bytes Received By Job
	Partitionable Resources :      Usage  Request Allocated 
	   Cpus                 :       0.99        1         1 
	   Disk (KB)            : 1490493    15728640  15729793 
	   GPUs                 :                             0 
	   IoHeavy              :                             0 
	   Memory (MB)          :    1407        4096      4096 
	   TimeExecute (s)      :    5387                       
	   TimeSlotBusy (s)     :    5392                       

	Job terminated of its own accord at 2024-06-02T19:27:36Z with exit-code 0.
...
