000 (263849.078.000) 2024-06-02 01:27:42 Job submitted from host: <128.105.68.112:9618?addrs=128.105.68.112-9618+[2607-f388-2200-100-eaeb-d3ff-fea3-4202]-9618&alias=ap2001.chtc.wisc.edu&noUDP&sock=schedd_3266430_de54>
...
040 (263849.078.000) 2024-06-02 13:20:43 Started transferring input files
	Transferring to host: <128.105.69.107:9618?addrs=128.105.69.107-9618+[2607-f388-2200-100-1270-fdff-fe56-bfe4]-9618&alias=e4056.chtc.wisc.edu&noUDP&sock=slot1_30_2844050_427d_96632>
...
040 (263849.078.000) 2024-06-02 13:20:58 Finished transferring input files
...
001 (263849.078.000) 2024-06-02 13:20:59 Job executing on host: <128.105.69.107:9618?addrs=128.105.69.107-9618+[2607-f388-2200-100-1270-fdff-fe56-bfe4]-9618&alias=e4056.chtc.wisc.edu&noUDP&sock=startd_20383_9eff>
	SlotName: slot1_30@e4056.chtc.wisc.edu
	CondorScratchDir = "/var/lib/condor/execute/slot1/dir_1618876"
	Cpus = 1
	Disk = 15729793
	GPUs = 0
	IoHeavy = 0
	Memory = 4096
...
006 (263849.078.000) 2024-06-02 13:21:07 Image size of job updated: 305776
	299  -  MemoryUsage of job (MB)
	305704  -  ResidentSetSize of job (KB)
...
006 (263849.078.000) 2024-06-02 13:26:08 Image size of job updated: 1229928
	1117  -  MemoryUsage of job (MB)
	1142944  -  ResidentSetSize of job (KB)
...
006 (263849.078.000) 2024-06-02 13:31:09 Image size of job updated: 1244812
	1130  -  MemoryUsage of job (MB)
	1156324  -  ResidentSetSize of job (KB)
...
006 (263849.078.000) 2024-06-02 13:36:09 Image size of job updated: 1248484
	1163  -  MemoryUsage of job (MB)
	1190420  -  ResidentSetSize of job (KB)
...
006 (263849.078.000) 2024-06-02 13:46:10 Image size of job updated: 1266304
	1163  -  MemoryUsage of job (MB)
	1190420  -  ResidentSetSize of job (KB)
...
006 (263849.078.000) 2024-06-02 13:51:10 Image size of job updated: 1273596
	1163  -  MemoryUsage of job (MB)
	1190420  -  ResidentSetSize of job (KB)
...
006 (263849.078.000) 2024-06-02 14:01:12 Image size of job updated: 1284316
	1171  -  MemoryUsage of job (MB)
	1198676  -  ResidentSetSize of job (KB)
...
006 (263849.078.000) 2024-06-02 14:11:12 Image size of job updated: 1317860
	1226  -  MemoryUsage of job (MB)
	1255236  -  ResidentSetSize of job (KB)
...
006 (263849.078.000) 2024-06-02 14:16:13 Image size of job updated: 1317860
	1243  -  MemoryUsage of job (MB)
	1272364  -  ResidentSetSize of job (KB)
...
006 (263849.078.000) 2024-06-02 14:21:13 Image size of job updated: 1332664
	1243  -  MemoryUsage of job (MB)
	1272364  -  ResidentSetSize of job (KB)
...
006 (263849.078.000) 2024-06-02 14:26:13 Image size of job updated: 1370416
	1277  -  MemoryUsage of job (MB)
	1307220  -  ResidentSetSize of job (KB)
...
006 (263849.078.000) 2024-06-02 14:36:15 Image size of job updated: 1373984
	1277  -  MemoryUsage of job (MB)
	1307220  -  ResidentSetSize of job (KB)
...
006 (263849.078.000) 2024-06-02 14:41:15 Image size of job updated: 1377128
	1332  -  MemoryUsage of job (MB)
	1363532  -  ResidentSetSize of job (KB)
...
006 (263849.078.000) 2024-06-02 14:45:54 Image size of job updated: 1582696
	1332  -  MemoryUsage of job (MB)
	1363532  -  ResidentSetSize of job (KB)
...
040 (263849.078.000) 2024-06-02 14:45:54 Started transferring output files
...
040 (263849.078.000) 2024-06-02 14:45:54 Finished transferring output files
...
005 (263849.078.000) 2024-06-02 14:45:54 Job terminated.
	(1) Normal termination (return value 0)
		Usr 0 01:09:31, Sys 0 00:14:20  -  Run Remote Usage
		Usr 0 00:00:00, Sys 0 00:00:00  -  Run Local Usage
		Usr 0 01:09:31, Sys 0 00:14:20  -  Total Remote Usage
		Usr 0 00:00:00, Sys 0 00:00:00  -  Total Local Usage
	266718  -  Run Bytes Sent By Job
	5798  -  Run Bytes Received By Job
	266718  -  Total Bytes Sent By Job
	5798  -  Total Bytes Received By Job
	Partitionable Resources :      Usage  Request Allocated 
	   Cpus                 :       1.00        1         1 
	   Disk (KB)            : 1386700    15728640  15729793 
	   GPUs                 :                             0 
	   IoHeavy              :                             0 
	   Memory (MB)          :    1332        4096      4096 
	   TimeExecute (s)      :    5095                       
	   TimeSlotBusy (s)     :    5111                       

	Job terminated of its own accord at 2024-06-02T19:45:54Z with exit-code 0.
...
