000 (263849.016.000) 2024-06-02 01:27:42 Job submitted from host: <128.105.68.112:9618?addrs=128.105.68.112-9618+[2607-f388-2200-100-eaeb-d3ff-fea3-4202]-9618&alias=ap2001.chtc.wisc.edu&noUDP&sock=schedd_3266430_de54>
...
040 (263849.016.000) 2024-06-02 03:21:34 Started transferring input files
	Transferring to host: <128.105.69.107:9618?addrs=128.105.69.107-9618+[2607-f388-2200-100-1270-fdff-fe56-bfe4]-9618&alias=e4056.chtc.wisc.edu&noUDP&sock=slot1_27_2844050_427d_95456>
...
040 (263849.016.000) 2024-06-02 03:21:44 Finished transferring input files
...
001 (263849.016.000) 2024-06-02 03:21:45 Job executing on host: <128.105.69.107:9618?addrs=128.105.69.107-9618+[2607-f388-2200-100-1270-fdff-fe56-bfe4]-9618&alias=e4056.chtc.wisc.edu&noUDP&sock=startd_20383_9eff>
	SlotName: slot1_27@e4056.chtc.wisc.edu
	CondorScratchDir = "/var/lib/condor/execute/slot1/dir_1553358"
	Cpus = 1
	Disk = 15729793
	GPUs = 0
	IoHeavy = 0
	Memory = 4096
...
006 (263849.016.000) 2024-06-02 03:21:54 Image size of job updated: 388876
	380  -  MemoryUsage of job (MB)
	388876  -  ResidentSetSize of job (KB)
...
006 (263849.016.000) 2024-06-02 03:26:56 Image size of job updated: 1753952
	1539  -  MemoryUsage of job (MB)
	1574916  -  ResidentSetSize of job (KB)
...
006 (263849.016.000) 2024-06-02 03:31:56 Image size of job updated: 1818312
	1589  -  MemoryUsage of job (MB)
	1626612  -  ResidentSetSize of job (KB)
...
006 (263849.016.000) 2024-06-02 03:36:56 Image size of job updated: 1818312
	1595  -  MemoryUsage of job (MB)
	1633268  -  ResidentSetSize of job (KB)
...
006 (263849.016.000) 2024-06-02 03:46:58 Image size of job updated: 1818312
	1642  -  MemoryUsage of job (MB)
	1680956  -  ResidentSetSize of job (KB)
...
006 (263849.016.000) 2024-06-02 03:56:59 Image size of job updated: 1849848
	1642  -  MemoryUsage of job (MB)
	1680956  -  ResidentSetSize of job (KB)
...
006 (263849.016.000) 2024-06-02 04:22:02 Image size of job updated: 1922936
	1642  -  MemoryUsage of job (MB)
	1680956  -  ResidentSetSize of job (KB)
...
006 (263849.016.000) 2024-06-02 04:27:02 Image size of job updated: 1922936
	1671  -  MemoryUsage of job (MB)
	1710764  -  ResidentSetSize of job (KB)
...
006 (263849.016.000) 2024-06-02 07:39:30 Image size of job updated: 2040700
	1671  -  MemoryUsage of job (MB)
	1710764  -  ResidentSetSize of job (KB)
...
040 (263849.016.000) 2024-06-02 07:39:30 Started transferring output files
...
040 (263849.016.000) 2024-06-02 07:39:30 Finished transferring output files
...
005 (263849.016.000) 2024-06-02 07:39:30 Job terminated.
	(1) Normal termination (return value 0)
		Usr 0 03:18:53, Sys 0 00:55:08  -  Run Remote Usage
		Usr 0 00:00:00, Sys 0 00:00:00  -  Run Local Usage
		Usr 0 03:18:53, Sys 0 00:55:08  -  Total Remote Usage
		Usr 0 00:00:00, Sys 0 00:00:00  -  Total Local Usage
	271796  -  Run Bytes Sent By Job
	5798  -  Run Bytes Received By Job
	271796  -  Total Bytes Sent By Job
	5798  -  Total Bytes Received By Job
	Partitionable Resources :      Usage  Request Allocated 
	   Cpus                 :       0.99        1         1 
	   Disk (KB)            : 1680448    15728640  15729793 
	   GPUs                 :                             0 
	   IoHeavy              :                             0 
	   Memory (MB)          :    1671        4096      4096 
	   TimeExecute (s)      :   15465                       
	   TimeSlotBusy (s)     :   15476                       

	Job terminated of its own accord at 2024-06-02T12:39:30Z with exit-code 0.
...
