000 (263849.064.000) 2024-06-02 01:27:42 Job submitted from host: <128.105.68.112:9618?addrs=128.105.68.112-9618+[2607-f388-2200-100-eaeb-d3ff-fea3-4202]-9618&alias=ap2001.chtc.wisc.edu&noUDP&sock=schedd_3266430_de54>
...
040 (263849.064.000) 2024-06-02 12:08:24 Started transferring input files
	Transferring to host: <128.105.69.107:9618?addrs=128.105.69.107-9618+[2607-f388-2200-100-1270-fdff-fe56-bfe4]-9618&alias=e4056.chtc.wisc.edu&noUDP&sock=slot1_28_2844050_427d_96487>
...
040 (263849.064.000) 2024-06-02 12:08:26 Finished transferring input files
...
001 (263849.064.000) 2024-06-02 12:08:27 Job executing on host: <128.105.69.107:9618?addrs=128.105.69.107-9618+[2607-f388-2200-100-1270-fdff-fe56-bfe4]-9618&alias=e4056.chtc.wisc.edu&noUDP&sock=startd_20383_9eff>
	SlotName: slot1_28@e4056.chtc.wisc.edu
	CondorScratchDir = "/var/lib/condor/execute/slot1/dir_1610851"
	Cpus = 1
	Disk = 15729793
	GPUs = 0
	IoHeavy = 0
	Memory = 4096
...
006 (263849.064.000) 2024-06-02 12:08:36 Image size of job updated: 398256
	389  -  MemoryUsage of job (MB)
	398028  -  ResidentSetSize of job (KB)
...
006 (263849.064.000) 2024-06-02 12:13:37 Image size of job updated: 1206048
	962  -  MemoryUsage of job (MB)
	984892  -  ResidentSetSize of job (KB)
...
006 (263849.064.000) 2024-06-02 12:18:38 Image size of job updated: 1206048
	1011  -  MemoryUsage of job (MB)
	1034744  -  ResidentSetSize of job (KB)
...
006 (263849.064.000) 2024-06-02 12:23:38 Image size of job updated: 1206048
	1087  -  MemoryUsage of job (MB)
	1112496  -  ResidentSetSize of job (KB)
...
006 (263849.064.000) 2024-06-02 12:28:38 Image size of job updated: 1256852
	1087  -  MemoryUsage of job (MB)
	1112496  -  ResidentSetSize of job (KB)
...
006 (263849.064.000) 2024-06-02 12:33:39 Image size of job updated: 1262420
	1087  -  MemoryUsage of job (MB)
	1112496  -  ResidentSetSize of job (KB)
...
006 (263849.064.000) 2024-06-02 12:43:39 Image size of job updated: 1262420
	1119  -  MemoryUsage of job (MB)
	1145648  -  ResidentSetSize of job (KB)
...
006 (263849.064.000) 2024-06-02 12:53:40 Image size of job updated: 1315256
	1119  -  MemoryUsage of job (MB)
	1145648  -  ResidentSetSize of job (KB)
...
006 (263849.064.000) 2024-06-02 12:58:40 Image size of job updated: 1315256
	1150  -  MemoryUsage of job (MB)
	1176588  -  ResidentSetSize of job (KB)
...
006 (263849.064.000) 2024-06-02 13:03:41 Image size of job updated: 1315256
	1190  -  MemoryUsage of job (MB)
	1217732  -  ResidentSetSize of job (KB)
...
006 (263849.064.000) 2024-06-02 13:13:42 Image size of job updated: 1326712
	1190  -  MemoryUsage of job (MB)
	1217732  -  ResidentSetSize of job (KB)
...
006 (263849.064.000) 2024-06-02 13:23:44 Image size of job updated: 1326712
	1192  -  MemoryUsage of job (MB)
	1220572  -  ResidentSetSize of job (KB)
...
006 (263849.064.000) 2024-06-02 13:28:44 Image size of job updated: 1439396
	1192  -  MemoryUsage of job (MB)
	1220572  -  ResidentSetSize of job (KB)
...
006 (263849.064.000) 2024-06-02 13:38:46 Image size of job updated: 1439396
	1229  -  MemoryUsage of job (MB)
	1258448  -  ResidentSetSize of job (KB)
...
006 (263849.064.000) 2024-06-02 13:43:46 Image size of job updated: 1439396
	1246  -  MemoryUsage of job (MB)
	1275800  -  ResidentSetSize of job (KB)
...
006 (263849.064.000) 2024-06-02 13:46:13 Image size of job updated: 1533684
	1246  -  MemoryUsage of job (MB)
	1275800  -  ResidentSetSize of job (KB)
...
040 (263849.064.000) 2024-06-02 13:46:13 Started transferring output files
...
040 (263849.064.000) 2024-06-02 13:46:13 Finished transferring output files
...
005 (263849.064.000) 2024-06-02 13:46:14 Job terminated.
	(1) Normal termination (return value 0)
		Usr 0 01:17:29, Sys 0 00:19:21  -  Run Remote Usage
		Usr 0 00:00:00, Sys 0 00:00:00  -  Run Local Usage
		Usr 0 01:17:29, Sys 0 00:19:21  -  Total Remote Usage
		Usr 0 00:00:00, Sys 0 00:00:00  -  Total Local Usage
	271174  -  Run Bytes Sent By Job
	5798  -  Run Bytes Received By Job
	271174  -  Total Bytes Sent By Job
	5798  -  Total Bytes Received By Job
	Partitionable Resources :      Usage  Request Allocated 
	   Cpus                 :       0.99        1         1 
	   Disk (KB)            : 1365521    15728640  15729793 
	   GPUs                 :                             0 
	   IoHeavy              :                             0 
	   Memory (MB)          :    1246        4096      4096 
	   TimeExecute (s)      :    5866                       
	   TimeSlotBusy (s)     :    5869                       

	Job terminated of its own accord at 2024-06-02T18:46:13Z with exit-code 0.
...
