000 (263849.028.000) 2024-06-02 01:27:42 Job submitted from host: <128.105.68.112:9618?addrs=128.105.68.112-9618+[2607-f388-2200-100-eaeb-d3ff-fea3-4202]-9618&alias=ap2001.chtc.wisc.edu&noUDP&sock=schedd_3266430_de54>
...
040 (263849.028.000) 2024-06-02 05:55:27 Started transferring input files
	Transferring to host: <128.105.69.107:9618?addrs=128.105.69.107-9618+[2607-f388-2200-100-1270-fdff-fe56-bfe4]-9618&alias=e4056.chtc.wisc.edu&noUDP&sock=slot1_26_2844050_427d_95752>
...
040 (263849.028.000) 2024-06-02 05:55:29 Finished transferring input files
...
001 (263849.028.000) 2024-06-02 05:55:30 Job executing on host: <128.105.69.107:9618?addrs=128.105.69.107-9618+[2607-f388-2200-100-1270-fdff-fe56-bfe4]-9618&alias=e4056.chtc.wisc.edu&noUDP&sock=startd_20383_9eff>
	SlotName: slot1_26@e4056.chtc.wisc.edu
	CondorScratchDir = "/var/lib/condor/execute/slot1/dir_1572665"
	Cpus = 1
	Disk = 15729793
	GPUs = 0
	IoHeavy = 0
	Memory = 4096
...
006 (263849.028.000) 2024-06-02 05:55:39 Image size of job updated: 457100
	447  -  MemoryUsage of job (MB)
	456876  -  ResidentSetSize of job (KB)
...
006 (263849.028.000) 2024-06-02 06:00:40 Image size of job updated: 1307128
	1153  -  MemoryUsage of job (MB)
	1179748  -  ResidentSetSize of job (KB)
...
006 (263849.028.000) 2024-06-02 06:05:41 Image size of job updated: 1358356
	1285  -  MemoryUsage of job (MB)
	1315568  -  ResidentSetSize of job (KB)
...
006 (263849.028.000) 2024-06-02 06:30:44 Image size of job updated: 1372892
	1301  -  MemoryUsage of job (MB)
	1331704  -  ResidentSetSize of job (KB)
...
006 (263849.028.000) 2024-06-02 06:35:45 Image size of job updated: 1477512
	1301  -  MemoryUsage of job (MB)
	1331704  -  ResidentSetSize of job (KB)
...
006 (263849.028.000) 2024-06-02 07:00:47 Image size of job updated: 1509996
	1301  -  MemoryUsage of job (MB)
	1331704  -  ResidentSetSize of job (KB)
...
006 (263849.028.000) 2024-06-02 07:05:48 Image size of job updated: 1509996
	1306  -  MemoryUsage of job (MB)
	1336372  -  ResidentSetSize of job (KB)
...
006 (263849.028.000) 2024-06-02 07:10:48 Image size of job updated: 1520764
	1306  -  MemoryUsage of job (MB)
	1336372  -  ResidentSetSize of job (KB)
...
006 (263849.028.000) 2024-06-02 07:20:49 Image size of job updated: 1520764
	1328  -  MemoryUsage of job (MB)
	1359412  -  ResidentSetSize of job (KB)
...
006 (263849.028.000) 2024-06-02 07:35:41 Image size of job updated: 1750484
	1328  -  MemoryUsage of job (MB)
	1359412  -  ResidentSetSize of job (KB)
...
040 (263849.028.000) 2024-06-02 07:35:41 Started transferring output files
...
040 (263849.028.000) 2024-06-02 07:35:41 Finished transferring output files
...
005 (263849.028.000) 2024-06-02 07:35:41 Job terminated.
	(1) Normal termination (return value 0)
		Usr 0 01:22:21, Sys 0 00:16:43  -  Run Remote Usage
		Usr 0 00:00:00, Sys 0 00:00:00  -  Run Local Usage
		Usr 0 01:22:21, Sys 0 00:16:43  -  Total Remote Usage
		Usr 0 00:00:00, Sys 0 00:00:00  -  Total Local Usage
	265720  -  Run Bytes Sent By Job
	5798  -  Run Bytes Received By Job
	265720  -  Total Bytes Sent By Job
	5798  -  Total Bytes Received By Job
	Partitionable Resources :      Usage  Request Allocated 
	   Cpus                 :       0.99        1         1 
	   Disk (KB)            : 1491950    15728640  15729793 
	   GPUs                 :                             0 
	   IoHeavy              :                             0 
	   Memory (MB)          :    1328        4096      4096 
	   TimeExecute (s)      :    6011                       
	   TimeSlotBusy (s)     :    6014                       

	Job terminated of its own accord at 2024-06-02T12:35:41Z with exit-code 0.
...
