000 (263849.044.000) 2024-06-02 01:27:42 Job submitted from host: <128.105.68.112:9618?addrs=128.105.68.112-9618+[2607-f388-2200-100-eaeb-d3ff-fea3-4202]-9618&alias=ap2001.chtc.wisc.edu&noUDP&sock=schedd_3266430_de54>
...
040 (263849.044.000) 2024-06-02 08:36:37 Started transferring input files
	Transferring to host: <128.105.69.107:9618?addrs=128.105.69.107-9618+[2607-f388-2200-100-1270-fdff-fe56-bfe4]-9618&alias=e4056.chtc.wisc.edu&noUDP&sock=slot1_17_2844050_427d_96063>
...
040 (263849.044.000) 2024-06-02 08:36:40 Finished transferring input files
...
001 (263849.044.000) 2024-06-02 08:36:41 Job executing on host: <128.105.69.107:9618?addrs=128.105.69.107-9618+[2607-f388-2200-100-1270-fdff-fe56-bfe4]-9618&alias=e4056.chtc.wisc.edu&noUDP&sock=startd_20383_9eff>
	SlotName: slot1_17@e4056.chtc.wisc.edu
	CondorScratchDir = "/var/lib/condor/execute/slot1/dir_1588404"
	Cpus = 1
	Disk = 15729793
	GPUs = 0
	IoHeavy = 0
	Memory = 4096
...
006 (263849.044.000) 2024-06-02 08:36:50 Image size of job updated: 399192
	390  -  MemoryUsage of job (MB)
	398968  -  ResidentSetSize of job (KB)
...
006 (263849.044.000) 2024-06-02 08:41:51 Image size of job updated: 1311828
	1001  -  MemoryUsage of job (MB)
	1024924  -  ResidentSetSize of job (KB)
...
006 (263849.044.000) 2024-06-02 08:46:51 Image size of job updated: 1384356
	1157  -  MemoryUsage of job (MB)
	1183788  -  ResidentSetSize of job (KB)
...
006 (263849.044.000) 2024-06-02 08:51:52 Image size of job updated: 1384432
	1157  -  MemoryUsage of job (MB)
	1183788  -  ResidentSetSize of job (KB)
...
006 (263849.044.000) 2024-06-02 08:56:53 Image size of job updated: 1394140
	1270  -  MemoryUsage of job (MB)
	1300240  -  ResidentSetSize of job (KB)
...
006 (263849.044.000) 2024-06-02 09:01:53 Image size of job updated: 1401132
	1277  -  MemoryUsage of job (MB)
	1307152  -  ResidentSetSize of job (KB)
...
006 (263849.044.000) 2024-06-02 09:06:54 Image size of job updated: 1417544
	1313  -  MemoryUsage of job (MB)
	1344372  -  ResidentSetSize of job (KB)
...
006 (263849.044.000) 2024-06-02 09:11:55 Image size of job updated: 1417560
	1313  -  MemoryUsage of job (MB)
	1344372  -  ResidentSetSize of job (KB)
...
006 (263849.044.000) 2024-06-02 09:16:55 Image size of job updated: 1440684
	1313  -  MemoryUsage of job (MB)
	1344372  -  ResidentSetSize of job (KB)
...
006 (263849.044.000) 2024-06-02 09:31:57 Image size of job updated: 1440684
	1361  -  MemoryUsage of job (MB)
	1392824  -  ResidentSetSize of job (KB)
...
006 (263849.044.000) 2024-06-02 09:36:58 Image size of job updated: 1440684
	1365  -  MemoryUsage of job (MB)
	1397432  -  ResidentSetSize of job (KB)
...
006 (263849.044.000) 2024-06-02 10:02:01 Image size of job updated: 1450044
	1365  -  MemoryUsage of job (MB)
	1397432  -  ResidentSetSize of job (KB)
...
006 (263849.044.000) 2024-06-02 10:07:02 Image size of job updated: 1482112
	1365  -  MemoryUsage of job (MB)
	1397432  -  ResidentSetSize of job (KB)
...
006 (263849.044.000) 2024-06-02 10:27:04 Image size of job updated: 1494908
	1365  -  MemoryUsage of job (MB)
	1397432  -  ResidentSetSize of job (KB)
...
006 (263849.044.000) 2024-06-02 10:37:04 Image size of job updated: 1502204
	1365  -  MemoryUsage of job (MB)
	1397432  -  ResidentSetSize of job (KB)
...
006 (263849.044.000) 2024-06-02 10:42:05 Image size of job updated: 1528456
	1365  -  MemoryUsage of job (MB)
	1397432  -  ResidentSetSize of job (KB)
...
006 (263849.044.000) 2024-06-02 10:47:05 Image size of job updated: 1587424
	1365  -  MemoryUsage of job (MB)
	1397432  -  ResidentSetSize of job (KB)
...
006 (263849.044.000) 2024-06-02 11:02:06 Image size of job updated: 1633976
	1365  -  MemoryUsage of job (MB)
	1397432  -  ResidentSetSize of job (KB)
...
040 (263849.044.000) 2024-06-02 11:05:05 Started transferring output files
...
040 (263849.044.000) 2024-06-02 11:05:05 Finished transferring output files
...
005 (263849.044.000) 2024-06-02 11:05:05 Job terminated.
	(1) Normal termination (return value 0)
		Usr 0 02:00:34, Sys 0 00:26:27  -  Run Remote Usage
		Usr 0 00:00:00, Sys 0 00:00:00  -  Run Local Usage
		Usr 0 02:00:34, Sys 0 00:26:27  -  Total Remote Usage
		Usr 0 00:00:00, Sys 0 00:00:00  -  Total Local Usage
	271372  -  Run Bytes Sent By Job
	5798  -  Run Bytes Received By Job
	271372  -  Total Bytes Sent By Job
	5798  -  Total Bytes Received By Job
	Partitionable Resources :      Usage  Request Allocated 
	   Cpus                 :       0.99        1         1 
	   Disk (KB)            : 1393833    15728640  15729793 
	   GPUs                 :                             0 
	   IoHeavy              :                             0 
	   Memory (MB)          :    1365        4096      4096 
	   TimeExecute (s)      :    8904                       
	   TimeSlotBusy (s)     :    8908                       

	Job terminated of its own accord at 2024-06-02T16:05:05Z with exit-code 0.
...
