000 (263849.110.000) 2024-06-02 01:27:42 Job submitted from host: <128.105.68.112:9618?addrs=128.105.68.112-9618+[2607-f388-2200-100-eaeb-d3ff-fea3-4202]-9618&alias=ap2001.chtc.wisc.edu&noUDP&sock=schedd_3266430_de54>
...
040 (263849.110.000) 2024-06-02 13:24:44 Started transferring input files
	Transferring to host: <128.105.69.107:9618?addrs=128.105.69.107-9618+[2607-f388-2200-100-1270-fdff-fe56-bfe4]-9618&alias=e4056.chtc.wisc.edu&noUDP&sock=slot1_59_2844050_427d_96669>
...
040 (263849.110.000) 2024-06-02 13:24:51 Finished transferring input files
...
001 (263849.110.000) 2024-06-02 13:24:52 Job executing on host: <128.105.69.107:9618?addrs=128.105.69.107-9618+[2607-f388-2200-100-1270-fdff-fe56-bfe4]-9618&alias=e4056.chtc.wisc.edu&noUDP&sock=startd_20383_9eff>
	SlotName: slot1_59@e4056.chtc.wisc.edu
	CondorScratchDir = "/var/lib/condor/execute/slot1/dir_1624369"
	Cpus = 1
	Disk = 15729793
	GPUs = 0
	IoHeavy = 0
	Memory = 4096
...
006 (263849.110.000) 2024-06-02 13:25:00 Image size of job updated: 252184
	247  -  MemoryUsage of job (MB)
	251936  -  ResidentSetSize of job (KB)
...
006 (263849.110.000) 2024-06-02 13:30:00 Image size of job updated: 1774916
	1602  -  MemoryUsage of job (MB)
	1640328  -  ResidentSetSize of job (KB)
...
006 (263849.110.000) 2024-06-02 13:35:01 Image size of job updated: 1846744
	1804  -  MemoryUsage of job (MB)
	1846568  -  ResidentSetSize of job (KB)
...
006 (263849.110.000) 2024-06-02 13:50:02 Image size of job updated: 1921252
	1804  -  MemoryUsage of job (MB)
	1846568  -  ResidentSetSize of job (KB)
...
006 (263849.110.000) 2024-06-02 14:20:04 Image size of job updated: 1937048
	1804  -  MemoryUsage of job (MB)
	1846568  -  ResidentSetSize of job (KB)
...
006 (263849.110.000) 2024-06-02 14:30:05 Image size of job updated: 1967120
	1804  -  MemoryUsage of job (MB)
	1846568  -  ResidentSetSize of job (KB)
...
006 (263849.110.000) 2024-06-02 14:55:08 Image size of job updated: 1980404
	1934  -  MemoryUsage of job (MB)
	1980348  -  ResidentSetSize of job (KB)
...
006 (263849.110.000) 2024-06-02 15:00:09 Image size of job updated: 1980484
	1934  -  MemoryUsage of job (MB)
	1980348  -  ResidentSetSize of job (KB)
...
006 (263849.110.000) 2024-06-02 15:05:09 Image size of job updated: 1989760
	1934  -  MemoryUsage of job (MB)
	1980348  -  ResidentSetSize of job (KB)
...
006 (263849.110.000) 2024-06-02 15:40:12 Image size of job updated: 1996648
	1934  -  MemoryUsage of job (MB)
	1980348  -  ResidentSetSize of job (KB)
...
006 (263849.110.000) 2024-06-02 15:45:13 Image size of job updated: 2017740
	1934  -  MemoryUsage of job (MB)
	1980348  -  ResidentSetSize of job (KB)
...
006 (263849.110.000) 2024-06-02 15:55:14 Image size of job updated: 2050480
	1934  -  MemoryUsage of job (MB)
	1980348  -  ResidentSetSize of job (KB)
...
006 (263849.110.000) 2024-06-02 16:10:16 Image size of job updated: 2062828
	1934  -  MemoryUsage of job (MB)
	1980348  -  ResidentSetSize of job (KB)
...
006 (263849.110.000) 2024-06-02 16:20:18 Image size of job updated: 2092108
	1934  -  MemoryUsage of job (MB)
	1980348  -  ResidentSetSize of job (KB)
...
006 (263849.110.000) 2024-06-02 16:25:18 Image size of job updated: 2092120
	1934  -  MemoryUsage of job (MB)
	1980348  -  ResidentSetSize of job (KB)
...
006 (263849.110.000) 2024-06-02 16:35:20 Image size of job updated: 2100004
	1934  -  MemoryUsage of job (MB)
	1980348  -  ResidentSetSize of job (KB)
...
006 (263849.110.000) 2024-06-02 16:40:20 Image size of job updated: 2103272
	1934  -  MemoryUsage of job (MB)
	1980348  -  ResidentSetSize of job (KB)
...
006 (263849.110.000) 2024-06-02 16:50:21 Image size of job updated: 2158512
	1969  -  MemoryUsage of job (MB)
	2016160  -  ResidentSetSize of job (KB)
...
006 (263849.110.000) 2024-06-02 16:54:28 Image size of job updated: 2225600
	1969  -  MemoryUsage of job (MB)
	2016160  -  ResidentSetSize of job (KB)
...
040 (263849.110.000) 2024-06-02 16:54:36 Started transferring output files
...
040 (263849.110.000) 2024-06-02 16:54:36 Finished transferring output files
...
005 (263849.110.000) 2024-06-02 16:54:37 Job terminated.
	(1) Normal termination (return value 0)
		Usr 0 02:46:59, Sys 0 00:40:19  -  Run Remote Usage
		Usr 0 00:00:00, Sys 0 00:00:00  -  Run Local Usage
		Usr 0 02:46:59, Sys 0 00:40:19  -  Total Remote Usage
		Usr 0 00:00:00, Sys 0 00:00:00  -  Total Local Usage
	271246  -  Run Bytes Sent By Job
	5798  -  Run Bytes Received By Job
	271246  -  Total Bytes Sent By Job
	5798  -  Total Bytes Received By Job
	Partitionable Resources :      Usage  Request Allocated 
	   Cpus                 :       0.99        1         1 
	   Disk (KB)            : 1784499    15728640  15729793 
	   GPUs                 :                             0 
	   IoHeavy              :                             0 
	   Memory (MB)          :    1969        4096      4096 
	   TimeExecute (s)      :   12576                       
	   TimeSlotBusy (s)     :   12592                       

	Job terminated of its own accord at 2024-06-02T21:54:28Z with exit-code 0.
...
