000 (263849.005.000) 2024-06-02 01:27:42 Job submitted from host: <128.105.68.112:9618?addrs=128.105.68.112-9618+[2607-f388-2200-100-eaeb-d3ff-fea3-4202]-9618&alias=ap2001.chtc.wisc.edu&noUDP&sock=schedd_3266430_de54>
...
040 (263849.005.000) 2024-06-02 03:21:33 Started transferring input files
	Transferring to host: <128.105.69.107:9618?addrs=128.105.69.107-9618+[2607-f388-2200-100-1270-fdff-fe56-bfe4]-9618&alias=e4056.chtc.wisc.edu&noUDP&sock=slot1_16_2844050_427d_95445>
...
040 (263849.005.000) 2024-06-02 03:21:43 Finished transferring input files
...
001 (263849.005.000) 2024-06-02 03:21:44 Job executing on host: <128.105.69.107:9618?addrs=128.105.69.107-9618+[2607-f388-2200-100-1270-fdff-fe56-bfe4]-9618&alias=e4056.chtc.wisc.edu&noUDP&sock=startd_20383_9eff>
	SlotName: slot1_16@e4056.chtc.wisc.edu
	CondorScratchDir = "/var/lib/condor/execute/slot1/dir_1553047"
	Cpus = 1
	Disk = 15729793
	GPUs = 0
	IoHeavy = 0
	Memory = 4096
...
006 (263849.005.000) 2024-06-02 03:21:53 Image size of job updated: 406456
	397  -  MemoryUsage of job (MB)
	406216  -  ResidentSetSize of job (KB)
...
006 (263849.005.000) 2024-06-02 03:26:54 Image size of job updated: 1760764
	1620  -  MemoryUsage of job (MB)
	1657924  -  ResidentSetSize of job (KB)
...
006 (263849.005.000) 2024-06-02 03:31:54 Image size of job updated: 1787712
	1644  -  MemoryUsage of job (MB)
	1682756  -  ResidentSetSize of job (KB)
...
006 (263849.005.000) 2024-06-02 03:46:56 Image size of job updated: 2004568
	1644  -  MemoryUsage of job (MB)
	1682756  -  ResidentSetSize of job (KB)
...
006 (263849.005.000) 2024-06-02 03:56:57 Image size of job updated: 2004568
	1644  -  MemoryUsage of job (MB)
	1683048  -  ResidentSetSize of job (KB)
...
006 (263849.005.000) 2024-06-02 04:16:58 Image size of job updated: 2004568
	1653  -  MemoryUsage of job (MB)
	1692488  -  ResidentSetSize of job (KB)
...
006 (263849.005.000) 2024-06-02 04:27:00 Image size of job updated: 2004568
	1672  -  MemoryUsage of job (MB)
	1712096  -  ResidentSetSize of job (KB)
...
006 (263849.005.000) 2024-06-02 04:32:00 Image size of job updated: 2004568
	1675  -  MemoryUsage of job (MB)
	1714656  -  ResidentSetSize of job (KB)
...
006 (263849.005.000) 2024-06-02 04:47:02 Image size of job updated: 2004568
	1720  -  MemoryUsage of job (MB)
	1760564  -  ResidentSetSize of job (KB)
...
006 (263849.005.000) 2024-06-02 04:52:02 Image size of job updated: 2004568
	1736  -  MemoryUsage of job (MB)
	1776692  -  ResidentSetSize of job (KB)
...
006 (263849.005.000) 2024-06-02 06:25:20 Image size of job updated: 2100752
	1736  -  MemoryUsage of job (MB)
	1776692  -  ResidentSetSize of job (KB)
...
040 (263849.005.000) 2024-06-02 06:25:20 Started transferring output files
...
040 (263849.005.000) 2024-06-02 06:25:20 Finished transferring output files
...
005 (263849.005.000) 2024-06-02 06:25:20 Job terminated.
	(1) Normal termination (return value 0)
		Usr 0 02:27:23, Sys 0 00:33:20  -  Run Remote Usage
		Usr 0 00:00:00, Sys 0 00:00:00  -  Run Local Usage
		Usr 0 02:27:23, Sys 0 00:33:20  -  Total Remote Usage
		Usr 0 00:00:00, Sys 0 00:00:00  -  Total Local Usage
	270962  -  Run Bytes Sent By Job
	5798  -  Run Bytes Received By Job
	270962  -  Total Bytes Sent By Job
	5798  -  Total Bytes Received By Job
	Partitionable Resources :      Usage  Request Allocated 
	   Cpus                 :       0.99        1         1 
	   Disk (KB)            : 1730908    15728640  15729793 
	   GPUs                 :                             0 
	   IoHeavy              :                             0 
	   Memory (MB)          :    1736        4096      4096 
	   TimeExecute (s)      :   11016                       
	   TimeSlotBusy (s)     :   11027                       

	Job terminated of its own accord at 2024-06-02T11:25:20Z with exit-code 0.
...
