000 (263849.058.000) 2024-06-02 01:27:42 Job submitted from host: <128.105.68.112:9618?addrs=128.105.68.112-9618+[2607-f388-2200-100-eaeb-d3ff-fea3-4202]-9618&alias=ap2001.chtc.wisc.edu&noUDP&sock=schedd_3266430_de54>
...
040 (263849.058.000) 2024-06-02 10:26:29 Started transferring input files
	Transferring to host: <128.105.69.107:9618?addrs=128.105.69.107-9618+[2607-f388-2200-100-1270-fdff-fe56-bfe4]-9618&alias=e4056.chtc.wisc.edu&noUDP&sock=slot1_25_2844050_427d_96281>
...
040 (263849.058.000) 2024-06-02 10:26:31 Finished transferring input files
...
001 (263849.058.000) 2024-06-02 10:26:32 Job executing on host: <128.105.69.107:9618?addrs=128.105.69.107-9618+[2607-f388-2200-100-1270-fdff-fe56-bfe4]-9618&alias=e4056.chtc.wisc.edu&noUDP&sock=startd_20383_9eff>
	SlotName: slot1_25@e4056.chtc.wisc.edu
	CondorScratchDir = "/var/lib/condor/execute/slot1/dir_1600017"
	Cpus = 1
	Disk = 15729793
	GPUs = 0
	IoHeavy = 0
	Memory = 4096
...
006 (263849.058.000) 2024-06-02 10:26:41 Image size of job updated: 477212
	466  -  MemoryUsage of job (MB)
	477020  -  ResidentSetSize of job (KB)
...
006 (263849.058.000) 2024-06-02 10:31:42 Image size of job updated: 1443908
	910  -  MemoryUsage of job (MB)
	931136  -  ResidentSetSize of job (KB)
...
006 (263849.058.000) 2024-06-02 10:36:43 Image size of job updated: 1443908
	994  -  MemoryUsage of job (MB)
	1017056  -  ResidentSetSize of job (KB)
...
006 (263849.058.000) 2024-06-02 10:41:43 Image size of job updated: 1443908
	999  -  MemoryUsage of job (MB)
	1022672  -  ResidentSetSize of job (KB)
...
006 (263849.058.000) 2024-06-02 10:46:44 Image size of job updated: 1443908
	1006  -  MemoryUsage of job (MB)
	1029472  -  ResidentSetSize of job (KB)
...
006 (263849.058.000) 2024-06-02 11:46:49 Image size of job updated: 1443908
	1008  -  MemoryUsage of job (MB)
	1031256  -  ResidentSetSize of job (KB)
...
006 (263849.058.000) 2024-06-02 12:21:54 Image size of job updated: 1443908
	1010  -  MemoryUsage of job (MB)
	1033676  -  ResidentSetSize of job (KB)
...
006 (263849.058.000) 2024-06-02 12:26:55 Image size of job updated: 1443908
	1107  -  MemoryUsage of job (MB)
	1133380  -  ResidentSetSize of job (KB)
...
006 (263849.058.000) 2024-06-02 12:41:57 Image size of job updated: 1443908
	1112  -  MemoryUsage of job (MB)
	1137884  -  ResidentSetSize of job (KB)
...
006 (263849.058.000) 2024-06-02 12:46:57 Image size of job updated: 1443908
	1119  -  MemoryUsage of job (MB)
	1145820  -  ResidentSetSize of job (KB)
...
006 (263849.058.000) 2024-06-02 12:56:59 Image size of job updated: 1443908
	1227  -  MemoryUsage of job (MB)
	1255552  -  ResidentSetSize of job (KB)
...
006 (263849.058.000) 2024-06-02 13:07:00 Image size of job updated: 1443908
	1231  -  MemoryUsage of job (MB)
	1259760  -  ResidentSetSize of job (KB)
...
006 (263849.058.000) 2024-06-02 13:12:01 Image size of job updated: 1496948
	1234  -  MemoryUsage of job (MB)
	1263600  -  ResidentSetSize of job (KB)
...
006 (263849.058.000) 2024-06-02 13:17:01 Image size of job updated: 1496948
	1239  -  MemoryUsage of job (MB)
	1267988  -  ResidentSetSize of job (KB)
...
006 (263849.058.000) 2024-06-02 13:17:41 Image size of job updated: 1604080
	1239  -  MemoryUsage of job (MB)
	1267988  -  ResidentSetSize of job (KB)
...
040 (263849.058.000) 2024-06-02 13:17:41 Started transferring output files
...
040 (263849.058.000) 2024-06-02 13:17:41 Finished transferring output files
...
005 (263849.058.000) 2024-06-02 13:17:41 Job terminated.
	(1) Normal termination (return value 0)
		Usr 0 02:11:42, Sys 0 00:38:00  -  Run Remote Usage
		Usr 0 00:00:00, Sys 0 00:00:00  -  Run Local Usage
		Usr 0 02:11:42, Sys 0 00:38:00  -  Total Remote Usage
		Usr 0 00:00:00, Sys 0 00:00:00  -  Total Local Usage
	269270  -  Run Bytes Sent By Job
	5798  -  Run Bytes Received By Job
	269270  -  Total Bytes Sent By Job
	5798  -  Total Bytes Received By Job
	Partitionable Resources :      Usage  Request Allocated 
	   Cpus                 :       0.99        1         1 
	   Disk (KB)            : 1504511    15728640  15729793 
	   GPUs                 :                             0 
	   IoHeavy              :                             0 
	   Memory (MB)          :    1239        4096      4096 
	   TimeExecute (s)      :   10269                       
	   TimeSlotBusy (s)     :   10273                       

	Job terminated of its own accord at 2024-06-02T18:17:41Z with exit-code 0.
...
