000 (263849.012.000) 2024-06-02 01:27:42 Job submitted from host: <128.105.68.112:9618?addrs=128.105.68.112-9618+[2607-f388-2200-100-eaeb-d3ff-fea3-4202]-9618&alias=ap2001.chtc.wisc.edu&noUDP&sock=schedd_3266430_de54>
...
040 (263849.012.000) 2024-06-02 03:21:33 Started transferring input files
	Transferring to host: <128.105.69.107:9618?addrs=128.105.69.107-9618+[2607-f388-2200-100-1270-fdff-fe56-bfe4]-9618&alias=e4056.chtc.wisc.edu&noUDP&sock=slot1_23_2844050_427d_95452>
...
040 (263849.012.000) 2024-06-02 03:21:44 Finished transferring input files
...
001 (263849.012.000) 2024-06-02 03:21:45 Job executing on host: <128.105.69.107:9618?addrs=128.105.69.107-9618+[2607-f388-2200-100-1270-fdff-fe56-bfe4]-9618&alias=e4056.chtc.wisc.edu&noUDP&sock=startd_20383_9eff>
	SlotName: slot1_23@e4056.chtc.wisc.edu
	CondorScratchDir = "/var/lib/condor/execute/slot1/dir_1553202"
	Cpus = 1
	Disk = 15729793
	GPUs = 0
	IoHeavy = 0
	Memory = 4096
...
006 (263849.012.000) 2024-06-02 03:21:54 Image size of job updated: 320752
	314  -  MemoryUsage of job (MB)
	320752  -  ResidentSetSize of job (KB)
...
006 (263849.012.000) 2024-06-02 03:26:55 Image size of job updated: 1523456
	1332  -  MemoryUsage of job (MB)
	1363364  -  ResidentSetSize of job (KB)
...
006 (263849.012.000) 2024-06-02 03:31:55 Image size of job updated: 1531140
	1341  -  MemoryUsage of job (MB)
	1372388  -  ResidentSetSize of job (KB)
...
006 (263849.012.000) 2024-06-02 03:36:55 Image size of job updated: 1562768
	1341  -  MemoryUsage of job (MB)
	1372388  -  ResidentSetSize of job (KB)
...
006 (263849.012.000) 2024-06-02 03:46:56 Image size of job updated: 1572144
	1410  -  MemoryUsage of job (MB)
	1443020  -  ResidentSetSize of job (KB)
...
006 (263849.012.000) 2024-06-02 03:56:57 Image size of job updated: 1583888
	1410  -  MemoryUsage of job (MB)
	1443020  -  ResidentSetSize of job (KB)
...
006 (263849.012.000) 2024-06-02 04:01:58 Image size of job updated: 1604880
	1410  -  MemoryUsage of job (MB)
	1443020  -  ResidentSetSize of job (KB)
...
006 (263849.012.000) 2024-06-02 04:06:58 Image size of job updated: 1604880
	1412  -  MemoryUsage of job (MB)
	1445804  -  ResidentSetSize of job (KB)
...
006 (263849.012.000) 2024-06-02 04:17:00 Image size of job updated: 1630884
	1503  -  MemoryUsage of job (MB)
	1538460  -  ResidentSetSize of job (KB)
...
006 (263849.012.000) 2024-06-02 04:22:00 Image size of job updated: 1630888
	1503  -  MemoryUsage of job (MB)
	1538460  -  ResidentSetSize of job (KB)
...
006 (263849.012.000) 2024-06-02 04:47:03 Image size of job updated: 1630888
	1555  -  MemoryUsage of job (MB)
	1591636  -  ResidentSetSize of job (KB)
...
006 (263849.012.000) 2024-06-02 04:52:03 Image size of job updated: 1630888
	1564  -  MemoryUsage of job (MB)
	1600596  -  ResidentSetSize of job (KB)
...
006 (263849.012.000) 2024-06-02 06:01:31 Image size of job updated: 1857688
	1564  -  MemoryUsage of job (MB)
	1600596  -  ResidentSetSize of job (KB)
...
040 (263849.012.000) 2024-06-02 06:01:31 Started transferring output files
...
040 (263849.012.000) 2024-06-02 06:01:31 Finished transferring output files
...
005 (263849.012.000) 2024-06-02 06:01:31 Job terminated.
	(1) Normal termination (return value 0)
		Usr 0 02:09:09, Sys 0 00:28:13  -  Run Remote Usage
		Usr 0 00:00:00, Sys 0 00:00:00  -  Run Local Usage
		Usr 0 02:09:09, Sys 0 00:28:13  -  Total Remote Usage
		Usr 0 00:00:00, Sys 0 00:00:00  -  Total Local Usage
	271388  -  Run Bytes Sent By Job
	5798  -  Run Bytes Received By Job
	271388  -  Total Bytes Sent By Job
	5798  -  Total Bytes Received By Job
	Partitionable Resources :      Usage  Request Allocated 
	   Cpus                 :       0.99        1         1 
	   Disk (KB)            : 1566753    15728640  15729793 
	   GPUs                 :                             0 
	   IoHeavy              :                             0 
	   Memory (MB)          :    1564        4096      4096 
	   TimeExecute (s)      :    9586                       
	   TimeSlotBusy (s)     :    9598                       

	Job terminated of its own accord at 2024-06-02T11:01:31Z with exit-code 0.
...
