000 (263849.112.000) 2024-06-02 01:27:42 Job submitted from host: <128.105.68.112:9618?addrs=128.105.68.112-9618+[2607-f388-2200-100-eaeb-d3ff-fea3-4202]-9618&alias=ap2001.chtc.wisc.edu&noUDP&sock=schedd_3266430_de54>
...
040 (263849.112.000) 2024-06-02 13:24:44 Started transferring input files
	Transferring to host: <128.105.69.107:9618?addrs=128.105.69.107-9618+[2607-f388-2200-100-1270-fdff-fe56-bfe4]-9618&alias=e4056.chtc.wisc.edu&noUDP&sock=slot1_61_2844050_427d_96671>
...
040 (263849.112.000) 2024-06-02 13:24:51 Finished transferring input files
...
001 (263849.112.000) 2024-06-02 13:24:52 Job executing on host: <128.105.69.107:9618?addrs=128.105.69.107-9618+[2607-f388-2200-100-1270-fdff-fe56-bfe4]-9618&alias=e4056.chtc.wisc.edu&noUDP&sock=startd_20383_9eff>
	SlotName: slot1_61@e4056.chtc.wisc.edu
	CondorScratchDir = "/var/lib/condor/execute/slot1/dir_1624381"
	Cpus = 1
	Disk = 15729793
	GPUs = 0
	IoHeavy = 0
	Memory = 4096
...
006 (263849.112.000) 2024-06-02 13:25:01 Image size of job updated: 433976
	424  -  MemoryUsage of job (MB)
	433976  -  ResidentSetSize of job (KB)
...
006 (263849.112.000) 2024-06-02 13:30:01 Image size of job updated: 1909564
	1623  -  MemoryUsage of job (MB)
	1661208  -  ResidentSetSize of job (KB)
...
006 (263849.112.000) 2024-06-02 13:35:01 Image size of job updated: 1972460
	1630  -  MemoryUsage of job (MB)
	1669056  -  ResidentSetSize of job (KB)
...
006 (263849.112.000) 2024-06-02 13:40:02 Image size of job updated: 1972460
	1687  -  MemoryUsage of job (MB)
	1727368  -  ResidentSetSize of job (KB)
...
006 (263849.112.000) 2024-06-02 13:45:02 Image size of job updated: 1985364
	1687  -  MemoryUsage of job (MB)
	1727368  -  ResidentSetSize of job (KB)
...
006 (263849.112.000) 2024-06-02 13:50:02 Image size of job updated: 1985364
	1695  -  MemoryUsage of job (MB)
	1734980  -  ResidentSetSize of job (KB)
...
006 (263849.112.000) 2024-06-02 13:55:03 Image size of job updated: 1985364
	1698  -  MemoryUsage of job (MB)
	1737796  -  ResidentSetSize of job (KB)
...
006 (263849.112.000) 2024-06-02 14:05:04 Image size of job updated: 2001484
	1728  -  MemoryUsage of job (MB)
	1769304  -  ResidentSetSize of job (KB)
...
006 (263849.112.000) 2024-06-02 14:10:05 Image size of job updated: 2001540
	1728  -  MemoryUsage of job (MB)
	1769304  -  ResidentSetSize of job (KB)
...
006 (263849.112.000) 2024-06-02 14:15:06 Image size of job updated: 2011256
	1728  -  MemoryUsage of job (MB)
	1769304  -  ResidentSetSize of job (KB)
...
006 (263849.112.000) 2024-06-02 14:20:06 Image size of job updated: 2051608
	1878  -  MemoryUsage of job (MB)
	1922840  -  ResidentSetSize of job (KB)
...
006 (263849.112.000) 2024-06-02 14:25:07 Image size of job updated: 2051616
	1878  -  MemoryUsage of job (MB)
	1922840  -  ResidentSetSize of job (KB)
...
006 (263849.112.000) 2024-06-02 15:00:10 Image size of job updated: 2053512
	1878  -  MemoryUsage of job (MB)
	1922840  -  ResidentSetSize of job (KB)
...
006 (263849.112.000) 2024-06-02 15:05:10 Image size of job updated: 2092836
	1884  -  MemoryUsage of job (MB)
	1928816  -  ResidentSetSize of job (KB)
...
006 (263849.112.000) 2024-06-02 15:10:10 Image size of job updated: 2092836
	1910  -  MemoryUsage of job (MB)
	1955632  -  ResidentSetSize of job (KB)
...
006 (263849.112.000) 2024-06-02 15:15:11 Image size of job updated: 2099716
	1910  -  MemoryUsage of job (MB)
	1955632  -  ResidentSetSize of job (KB)
...
006 (263849.112.000) 2024-06-02 15:30:13 Image size of job updated: 2103740
	1938  -  MemoryUsage of job (MB)
	1983644  -  ResidentSetSize of job (KB)
...
006 (263849.112.000) 2024-06-02 15:35:14 Image size of job updated: 2122644
	1938  -  MemoryUsage of job (MB)
	1983900  -  ResidentSetSize of job (KB)
...
006 (263849.112.000) 2024-06-02 15:55:15 Image size of job updated: 2133868
	1968  -  MemoryUsage of job (MB)
	2014940  -  ResidentSetSize of job (KB)
...
006 (263849.112.000) 2024-06-02 16:05:16 Image size of job updated: 2149320
	1968  -  MemoryUsage of job (MB)
	2014940  -  ResidentSetSize of job (KB)
...
006 (263849.112.000) 2024-06-02 16:15:16 Image size of job updated: 2177080
	2007  -  MemoryUsage of job (MB)
	2054356  -  ResidentSetSize of job (KB)
...
006 (263849.112.000) 2024-06-02 16:20:17 Image size of job updated: 2177112
	2007  -  MemoryUsage of job (MB)
	2054356  -  ResidentSetSize of job (KB)
...
006 (263849.112.000) 2024-06-02 16:30:18 Image size of job updated: 2180100
	2007  -  MemoryUsage of job (MB)
	2054356  -  ResidentSetSize of job (KB)
...
006 (263849.112.000) 2024-06-02 16:35:19 Image size of job updated: 2185008
	2007  -  MemoryUsage of job (MB)
	2054356  -  ResidentSetSize of job (KB)
...
006 (263849.112.000) 2024-06-02 16:37:33 Image size of job updated: 2421368
	2007  -  MemoryUsage of job (MB)
	2054356  -  ResidentSetSize of job (KB)
...
040 (263849.112.000) 2024-06-02 16:37:33 Started transferring output files
...
040 (263849.112.000) 2024-06-02 16:37:33 Finished transferring output files
...
005 (263849.112.000) 2024-06-02 16:37:33 Job terminated.
	(1) Normal termination (return value 0)
		Usr 0 02:34:15, Sys 0 00:36:31  -  Run Remote Usage
		Usr 0 00:00:00, Sys 0 00:00:00  -  Run Local Usage
		Usr 0 02:34:15, Sys 0 00:36:31  -  Total Remote Usage
		Usr 0 00:00:00, Sys 0 00:00:00  -  Total Local Usage
	271454  -  Run Bytes Sent By Job
	5798  -  Run Bytes Received By Job
	271454  -  Total Bytes Sent By Job
	5798  -  Total Bytes Received By Job
	Partitionable Resources :      Usage  Request Allocated 
	   Cpus                 :       0.98        1         1 
	   Disk (KB)            : 1898150    15728640  15729793 
	   GPUs                 :                             0 
	   IoHeavy              :                             0 
	   Memory (MB)          :    2007        4096      4096 
	   TimeExecute (s)      :   11561                       
	   TimeSlotBusy (s)     :   11569                       

	Job terminated of its own accord at 2024-06-02T21:37:33Z with exit-code 0.
...
