Archive:  0.zip
   creating: 0/features_dict/
   creating: 0/point_clouds/
   creating: 0/point_clouds/keypoints/
   creating: 0/point_clouds/quarters/
   creating: 0/point_clouds/teat/
  inflating: 0/point_clouds/keypoints/1003_20231117_163646_frame_10.json  
  inflating: 0/point_clouds/keypoints/1003_20231117_163646_frame_101.json  
  inflating: 0/point_clouds/keypoints/1003_20231117_163646_frame_102.json  
  inflating: 0/point_clouds/keypoints/1003_20231117_163646_frame_103.json  
  inflating: 0/point_clouds/keypoints/1003_20231117_163646_frame_104.json  
  inflating: 0/point_clouds/keypoints/1003_20231117_163646_frame_106.json  
  inflating: 0/point_clouds/keypoints/1003_20231117_163646_frame_107.json  
  inflating: 0/point_clouds/keypoints/1003_20231117_163646_frame_108.json  
  inflating: 0/point_clouds/keypoints/1003_20231117_163646_frame_109.json  
  inflating: 0/point_clouds/keypoints/1003_20231117_163646_frame_11.json  
  inflating: 0/point_clouds/quarters/1003_20231117_163646_frame_10.json  
  inflating: 0/point_clouds/quarters/1003_20231117_163646_frame_101.json  
  inflating: 0/point_clouds/quarters/1003_20231117_163646_frame_102.json  
  inflating: 0/point_clouds/quarters/1003_20231117_163646_frame_103.json  
  inflating: 0/point_clouds/quarters/1003_20231117_163646_frame_104.json  
  inflating: 0/point_clouds/quarters/1003_20231117_163646_frame_106.json  
  inflating: 0/point_clouds/quarters/1003_20231117_163646_frame_107.json  
  inflating: 0/point_clouds/quarters/1003_20231117_163646_frame_108.json  
  inflating: 0/point_clouds/quarters/1003_20231117_163646_frame_109.json  
  inflating: 0/point_clouds/quarters/1003_20231117_163646_frame_11.json  
0
1
2
3
4
5
6
7
8
9
