000 (263849.014.000) 2024-06-02 01:27:42 Job submitted from host: <128.105.68.112:9618?addrs=128.105.68.112-9618+[2607-f388-2200-100-eaeb-d3ff-fea3-4202]-9618&alias=ap2001.chtc.wisc.edu&noUDP&sock=schedd_3266430_de54>
...
040 (263849.014.000) 2024-06-02 03:21:34 Started transferring input files
	Transferring to host: <128.105.69.107:9618?addrs=128.105.69.107-9618+[2607-f388-2200-100-1270-fdff-fe56-bfe4]-9618&alias=e4056.chtc.wisc.edu&noUDP&sock=slot1_25_2844050_427d_95454>
...
040 (263849.014.000) 2024-06-02 03:21:44 Finished transferring input files
...
001 (263849.014.000) 2024-06-02 03:21:45 Job executing on host: <128.105.69.107:9618?addrs=128.105.69.107-9618+[2607-f388-2200-100-1270-fdff-fe56-bfe4]-9618&alias=e4056.chtc.wisc.edu&noUDP&sock=startd_20383_9eff>
	SlotName: slot1_25@e4056.chtc.wisc.edu
	CondorScratchDir = "/var/lib/condor/execute/slot1/dir_1553262"
	Cpus = 1
	Disk = 15729793
	GPUs = 0
	IoHeavy = 0
	Memory = 4096
...
006 (263849.014.000) 2024-06-02 03:21:54 Image size of job updated: 407432
	398  -  MemoryUsage of job (MB)
	407432  -  ResidentSetSize of job (KB)
...
006 (263849.014.000) 2024-06-02 03:26:55 Image size of job updated: 1760324
	1538  -  MemoryUsage of job (MB)
	1574620  -  ResidentSetSize of job (KB)
...
006 (263849.014.000) 2024-06-02 03:36:55 Image size of job updated: 1760324
	1601  -  MemoryUsage of job (MB)
	1638848  -  ResidentSetSize of job (KB)
...
006 (263849.014.000) 2024-06-02 03:41:56 Image size of job updated: 1760324
	1605  -  MemoryUsage of job (MB)
	1642944  -  ResidentSetSize of job (KB)
...
006 (263849.014.000) 2024-06-02 04:06:59 Image size of job updated: 1760324
	1607  -  MemoryUsage of job (MB)
	1644720  -  ResidentSetSize of job (KB)
...
006 (263849.014.000) 2024-06-02 04:17:01 Image size of job updated: 1760324
	1623  -  MemoryUsage of job (MB)
	1661008  -  ResidentSetSize of job (KB)
...
006 (263849.014.000) 2024-06-02 04:42:02 Image size of job updated: 1760324
	1663  -  MemoryUsage of job (MB)
	1702856  -  ResidentSetSize of job (KB)
...
006 (263849.014.000) 2024-06-02 04:47:03 Image size of job updated: 1761656
	1663  -  MemoryUsage of job (MB)
	1702856  -  ResidentSetSize of job (KB)
...
006 (263849.014.000) 2024-06-02 04:52:03 Image size of job updated: 1764604
	1671  -  MemoryUsage of job (MB)
	1710532  -  ResidentSetSize of job (KB)
...
006 (263849.014.000) 2024-06-02 05:53:59 Image size of job updated: 2201836
	1671  -  MemoryUsage of job (MB)
	1710532  -  ResidentSetSize of job (KB)
...
040 (263849.014.000) 2024-06-02 05:53:59 Started transferring output files
...
040 (263849.014.000) 2024-06-02 05:53:59 Finished transferring output files
...
005 (263849.014.000) 2024-06-02 05:53:59 Job terminated.
	(1) Normal termination (return value 0)
		Usr 0 02:02:29, Sys 0 00:27:27  -  Run Remote Usage
		Usr 0 00:00:00, Sys 0 00:00:00  -  Run Local Usage
		Usr 0 02:02:29, Sys 0 00:27:27  -  Total Remote Usage
		Usr 0 00:00:00, Sys 0 00:00:00  -  Total Local Usage
	271172  -  Run Bytes Sent By Job
	5798  -  Run Bytes Received By Job
	271172  -  Total Bytes Sent By Job
	5798  -  Total Bytes Received By Job
	Partitionable Resources :      Usage  Request Allocated 
	   Cpus                 :       1.00        1         1 
	   Disk (KB)            : 1795105    15728640  15729793 
	   GPUs                 :                             0 
	   IoHeavy              :                             0 
	   Memory (MB)          :    1671        4096      4096 
	   TimeExecute (s)      :    9134                       
	   TimeSlotBusy (s)     :    9146                       

	Job terminated of its own accord at 2024-06-02T10:53:59Z with exit-code 0.
...
