000 (263849.051.000) 2024-06-02 01:27:42 Job submitted from host: <128.105.68.112:9618?addrs=128.105.68.112-9618+[2607-f388-2200-100-eaeb-d3ff-fea3-4202]-9618&alias=ap2001.chtc.wisc.edu&noUDP&sock=schedd_3266430_de54>
...
040 (263849.051.000) 2024-06-02 09:39:09 Started transferring input files
	Transferring to host: <128.105.69.107:9618?addrs=128.105.69.107-9618+[2607-f388-2200-100-1270-fdff-fe56-bfe4]-9618&alias=e4056.chtc.wisc.edu&noUDP&sock=slot1_23_2844050_427d_96194>
...
040 (263849.051.000) 2024-06-02 09:39:11 Finished transferring input files
...
001 (263849.051.000) 2024-06-02 09:39:12 Job executing on host: <128.105.69.107:9618?addrs=128.105.69.107-9618+[2607-f388-2200-100-1270-fdff-fe56-bfe4]-9618&alias=e4056.chtc.wisc.edu&noUDP&sock=startd_20383_9eff>
	SlotName: slot1_23@e4056.chtc.wisc.edu
	CondorScratchDir = "/var/lib/condor/execute/slot1/dir_1595162"
	Cpus = 1
	Disk = 15729793
	GPUs = 0
	IoHeavy = 0
	Memory = 4096
...
006 (263849.051.000) 2024-06-02 09:39:21 Image size of job updated: 451916
	442  -  MemoryUsage of job (MB)
	451912  -  ResidentSetSize of job (KB)
...
006 (263849.051.000) 2024-06-02 09:44:21 Image size of job updated: 1388884
	1228  -  MemoryUsage of job (MB)
	1257384  -  ResidentSetSize of job (KB)
...
006 (263849.051.000) 2024-06-02 09:49:22 Image size of job updated: 1591688
	1360  -  MemoryUsage of job (MB)
	1392160  -  ResidentSetSize of job (KB)
...
006 (263849.051.000) 2024-06-02 09:54:23 Image size of job updated: 1591688
	1390  -  MemoryUsage of job (MB)
	1422896  -  ResidentSetSize of job (KB)
...
006 (263849.051.000) 2024-06-02 10:14:25 Image size of job updated: 1639660
	1390  -  MemoryUsage of job (MB)
	1422896  -  ResidentSetSize of job (KB)
...
006 (263849.051.000) 2024-06-02 11:24:35 Image size of job updated: 1639660
	1391  -  MemoryUsage of job (MB)
	1424260  -  ResidentSetSize of job (KB)
...
006 (263849.051.000) 2024-06-02 11:54:37 Image size of job updated: 1649784
	1391  -  MemoryUsage of job (MB)
	1424260  -  ResidentSetSize of job (KB)
...
006 (263849.051.000) 2024-06-02 12:09:38 Image size of job updated: 1649784
	1447  -  MemoryUsage of job (MB)
	1481320  -  ResidentSetSize of job (KB)
...
006 (263849.051.000) 2024-06-02 12:19:38 Image size of job updated: 1674112
	1447  -  MemoryUsage of job (MB)
	1481320  -  ResidentSetSize of job (KB)
...
006 (263849.051.000) 2024-06-02 12:36:04 Image size of job updated: 1761344
	1447  -  MemoryUsage of job (MB)
	1481320  -  ResidentSetSize of job (KB)
...
040 (263849.051.000) 2024-06-02 12:36:04 Started transferring output files
...
040 (263849.051.000) 2024-06-02 12:36:04 Finished transferring output files
...
005 (263849.051.000) 2024-06-02 12:36:04 Job terminated.
	(1) Normal termination (return value 0)
		Usr 0 02:13:33, Sys 0 00:41:42  -  Run Remote Usage
		Usr 0 00:00:00, Sys 0 00:00:00  -  Run Local Usage
		Usr 0 02:13:33, Sys 0 00:41:42  -  Total Remote Usage
		Usr 0 00:00:00, Sys 0 00:00:00  -  Total Local Usage
	270778  -  Run Bytes Sent By Job
	5798  -  Run Bytes Received By Job
	270778  -  Total Bytes Sent By Job
	5798  -  Total Bytes Received By Job
	Partitionable Resources :      Usage  Request Allocated 
	   Cpus                 :       0.99        1         1 
	   Disk (KB)            : 1519311    15728640  15729793 
	   GPUs                 :                             0 
	   IoHeavy              :                             0 
	   Memory (MB)          :    1447        4096      4096 
	   TimeExecute (s)      :   10612                       
	   TimeSlotBusy (s)     :   10615                       

	Job terminated of its own accord at 2024-06-02T17:36:04Z with exit-code 0.
...
