000 (263849.079.000) 2024-06-02 01:27:42 Job submitted from host: <128.105.68.112:9618?addrs=128.105.68.112-9618+[2607-f388-2200-100-eaeb-d3ff-fea3-4202]-9618&alias=ap2001.chtc.wisc.edu&noUDP&sock=schedd_3266430_de54>
...
040 (263849.079.000) 2024-06-02 13:20:43 Started transferring input files
	Transferring to host: <128.105.69.107:9618?addrs=128.105.69.107-9618+[2607-f388-2200-100-1270-fdff-fe56-bfe4]-9618&alias=e4056.chtc.wisc.edu&noUDP&sock=slot1_31_2844050_427d_96633>
...
040 (263849.079.000) 2024-06-02 13:21:00 Finished transferring input files
...
001 (263849.079.000) 2024-06-02 13:21:01 Job executing on host: <128.105.69.107:9618?addrs=128.105.69.107-9618+[2607-f388-2200-100-1270-fdff-fe56-bfe4]-9618&alias=e4056.chtc.wisc.edu&noUDP&sock=startd_20383_9eff>
	SlotName: slot1_31@e4056.chtc.wisc.edu
	CondorScratchDir = "/var/lib/condor/execute/slot1/dir_1618881"
	Cpus = 1
	Disk = 15729793
	GPUs = 0
	IoHeavy = 0
	Memory = 4096
...
006 (263849.079.000) 2024-06-02 13:21:09 Image size of job updated: 210692
	206  -  MemoryUsage of job (MB)
	210692  -  ResidentSetSize of job (KB)
...
006 (263849.079.000) 2024-06-02 13:26:09 Image size of job updated: 1244068
	1114  -  MemoryUsage of job (MB)
	1140032  -  ResidentSetSize of job (KB)
...
006 (263849.079.000) 2024-06-02 13:36:10 Image size of job updated: 1251968
	1125  -  MemoryUsage of job (MB)
	1151004  -  ResidentSetSize of job (KB)
...
006 (263849.079.000) 2024-06-02 13:41:10 Image size of job updated: 1273524
	1125  -  MemoryUsage of job (MB)
	1151004  -  ResidentSetSize of job (KB)
...
006 (263849.079.000) 2024-06-02 13:46:11 Image size of job updated: 1273524
	1163  -  MemoryUsage of job (MB)
	1190716  -  ResidentSetSize of job (KB)
...
006 (263849.079.000) 2024-06-02 13:51:12 Image size of job updated: 1295520
	1163  -  MemoryUsage of job (MB)
	1190716  -  ResidentSetSize of job (KB)
...
006 (263849.079.000) 2024-06-02 13:56:12 Image size of job updated: 1298604
	1203  -  MemoryUsage of job (MB)
	1231520  -  ResidentSetSize of job (KB)
...
006 (263849.079.000) 2024-06-02 14:01:13 Image size of job updated: 1298604
	1204  -  MemoryUsage of job (MB)
	1232032  -  ResidentSetSize of job (KB)
...
006 (263849.079.000) 2024-06-02 14:06:14 Image size of job updated: 1314136
	1204  -  MemoryUsage of job (MB)
	1232032  -  ResidentSetSize of job (KB)
...
006 (263849.079.000) 2024-06-02 14:11:14 Image size of job updated: 1348848
	1244  -  MemoryUsage of job (MB)
	1273564  -  ResidentSetSize of job (KB)
...
006 (263849.079.000) 2024-06-02 14:16:15 Image size of job updated: 1348848
	1245  -  MemoryUsage of job (MB)
	1273968  -  ResidentSetSize of job (KB)
...
006 (263849.079.000) 2024-06-02 14:21:16 Image size of job updated: 1348848
	1267  -  MemoryUsage of job (MB)
	1296768  -  ResidentSetSize of job (KB)
...
006 (263849.079.000) 2024-06-02 14:26:16 Image size of job updated: 1354192
	1267  -  MemoryUsage of job (MB)
	1296768  -  ResidentSetSize of job (KB)
...
006 (263849.079.000) 2024-06-02 14:31:16 Image size of job updated: 1382716
	1267  -  MemoryUsage of job (MB)
	1296768  -  ResidentSetSize of job (KB)
...
006 (263849.079.000) 2024-06-02 14:36:17 Image size of job updated: 1396740
	1270  -  MemoryUsage of job (MB)
	1299492  -  ResidentSetSize of job (KB)
...
006 (263849.079.000) 2024-06-02 14:41:17 Image size of job updated: 1409760
	1332  -  MemoryUsage of job (MB)
	1363944  -  ResidentSetSize of job (KB)
...
006 (263849.079.000) 2024-06-02 14:45:11 Image size of job updated: 1622940
	1336  -  MemoryUsage of job (MB)
	1367784  -  ResidentSetSize of job (KB)
...
040 (263849.079.000) 2024-06-02 14:45:11 Started transferring output files
...
040 (263849.079.000) 2024-06-02 14:45:11 Finished transferring output files
...
005 (263849.079.000) 2024-06-02 14:45:11 Job terminated.
	(1) Normal termination (return value 0)
		Usr 0 01:09:21, Sys 0 00:13:35  -  Run Remote Usage
		Usr 0 00:00:00, Sys 0 00:00:00  -  Run Local Usage
		Usr 0 01:09:21, Sys 0 00:13:35  -  Total Remote Usage
		Usr 0 00:00:00, Sys 0 00:00:00  -  Total Local Usage
	268766  -  Run Bytes Sent By Job
	5798  -  Run Bytes Received By Job
	268766  -  Total Bytes Sent By Job
	5798  -  Total Bytes Received By Job
	Partitionable Resources :      Usage  Request Allocated 
	   Cpus                 :       0.99        1         1 
	   Disk (KB)            : 1414533    15728640  15729793 
	   GPUs                 :                             0 
	   IoHeavy              :                             0 
	   Memory (MB)          :    1336        4096      4096 
	   TimeExecute (s)      :    5050                       
	   TimeSlotBusy (s)     :    5068                       

	Job terminated of its own accord at 2024-06-02T19:45:11Z with exit-code 0.
...
