000 (263849.023.000) 2024-06-02 01:27:42 Job submitted from host: <128.105.68.112:9618?addrs=128.105.68.112-9618+[2607-f388-2200-100-eaeb-d3ff-fea3-4202]-9618&alias=ap2001.chtc.wisc.edu&noUDP&sock=schedd_3266430_de54>
...
040 (263849.023.000) 2024-06-02 05:22:43 Started transferring input files
	Transferring to host: <128.105.69.107:9618?addrs=128.105.69.107-9618+[2607-f388-2200-100-1270-fdff-fe56-bfe4]-9618&alias=e4056.chtc.wisc.edu&noUDP&sock=slot1_21_2844050_427d_95690>
...
040 (263849.023.000) 2024-06-02 05:22:47 Finished transferring input files
...
001 (263849.023.000) 2024-06-02 05:22:48 Job executing on host: <128.105.69.107:9618?addrs=128.105.69.107-9618+[2607-f388-2200-100-1270-fdff-fe56-bfe4]-9618&alias=e4056.chtc.wisc.edu&noUDP&sock=startd_20383_9eff>
	SlotName: slot1_21@e4056.chtc.wisc.edu
	CondorScratchDir = "/var/lib/condor/execute/slot1/dir_1568630"
	Cpus = 1
	Disk = 15729793
	GPUs = 0
	IoHeavy = 0
	Memory = 4096
...
006 (263849.023.000) 2024-06-02 05:22:56 Image size of job updated: 311900
	305  -  MemoryUsage of job (MB)
	311900  -  ResidentSetSize of job (KB)
...
006 (263849.023.000) 2024-06-02 05:27:56 Image size of job updated: 1595476
	1252  -  MemoryUsage of job (MB)
	1281944  -  ResidentSetSize of job (KB)
...
006 (263849.023.000) 2024-06-02 05:32:57 Image size of job updated: 1595476
	1389  -  MemoryUsage of job (MB)
	1421884  -  ResidentSetSize of job (KB)
...
006 (263849.023.000) 2024-06-02 05:37:57 Image size of job updated: 1613588
	1389  -  MemoryUsage of job (MB)
	1421884  -  ResidentSetSize of job (KB)
...
006 (263849.023.000) 2024-06-02 05:42:57 Image size of job updated: 1653256
	1389  -  MemoryUsage of job (MB)
	1421884  -  ResidentSetSize of job (KB)
...
006 (263849.023.000) 2024-06-02 05:47:58 Image size of job updated: 1657328
	1395  -  MemoryUsage of job (MB)
	1427764  -  ResidentSetSize of job (KB)
...
006 (263849.023.000) 2024-06-02 05:52:58 Image size of job updated: 1701300
	1421  -  MemoryUsage of job (MB)
	1454244  -  ResidentSetSize of job (KB)
...
006 (263849.023.000) 2024-06-02 05:57:58 Image size of job updated: 1701496
	1427  -  MemoryUsage of job (MB)
	1460388  -  ResidentSetSize of job (KB)
...
006 (263849.023.000) 2024-06-02 06:03:00 Image size of job updated: 1701496
	1449  -  MemoryUsage of job (MB)
	1483428  -  ResidentSetSize of job (KB)
...
006 (263849.023.000) 2024-06-02 06:08:00 Image size of job updated: 1701496
	1450  -  MemoryUsage of job (MB)
	1484708  -  ResidentSetSize of job (KB)
...
006 (263849.023.000) 2024-06-02 06:38:04 Image size of job updated: 1701496
	1454  -  MemoryUsage of job (MB)
	1488308  -  ResidentSetSize of job (KB)
...
006 (263849.023.000) 2024-06-02 07:08:06 Image size of job updated: 1701496
	1465  -  MemoryUsage of job (MB)
	1499192  -  ResidentSetSize of job (KB)
...
006 (263849.023.000) 2024-06-02 07:33:08 Image size of job updated: 1701496
	1504  -  MemoryUsage of job (MB)
	1539908  -  ResidentSetSize of job (KB)
...
006 (263849.023.000) 2024-06-02 07:38:09 Image size of job updated: 1701496
	1515  -  MemoryUsage of job (MB)
	1550956  -  ResidentSetSize of job (KB)
...
006 (263849.023.000) 2024-06-02 07:48:10 Image size of job updated: 1706640
	1521  -  MemoryUsage of job (MB)
	1557488  -  ResidentSetSize of job (KB)
...
006 (263849.023.000) 2024-06-02 08:43:18 Image size of job updated: 1706640
	1524  -  MemoryUsage of job (MB)
	1559648  -  ResidentSetSize of job (KB)
...
006 (263849.023.000) 2024-06-02 08:53:19 Image size of job updated: 1739324
	1641  -  MemoryUsage of job (MB)
	1680312  -  ResidentSetSize of job (KB)
...
006 (263849.023.000) 2024-06-02 08:58:20 Image size of job updated: 1739328
	1641  -  MemoryUsage of job (MB)
	1680312  -  ResidentSetSize of job (KB)
...
006 (263849.023.000) 2024-06-02 09:46:57 Image size of job updated: 1912656
	1641  -  MemoryUsage of job (MB)
	1680312  -  ResidentSetSize of job (KB)
...
040 (263849.023.000) 2024-06-02 09:46:57 Started transferring output files
...
040 (263849.023.000) 2024-06-02 09:46:57 Finished transferring output files
...
005 (263849.023.000) 2024-06-02 09:46:57 Job terminated.
	(1) Normal termination (return value 0)
		Usr 0 03:16:11, Sys 0 01:04:52  -  Run Remote Usage
		Usr 0 00:00:00, Sys 0 00:00:00  -  Run Local Usage
		Usr 0 03:16:11, Sys 0 01:04:52  -  Total Remote Usage
		Usr 0 00:00:00, Sys 0 00:00:00  -  Total Local Usage
	271450  -  Run Bytes Sent By Job
	5798  -  Run Bytes Received By Job
	271450  -  Total Bytes Sent By Job
	5798  -  Total Bytes Received By Job
	Partitionable Resources :      Usage  Request Allocated 
	   Cpus                 :       0.99        1         1 
	   Disk (KB)            : 1616659    15728640  15729793 
	   GPUs                 :                             0 
	   IoHeavy              :                             0 
	   Memory (MB)          :    1641        4096      4096 
	   TimeExecute (s)      :   15849                       
	   TimeSlotBusy (s)     :   15854                       

	Job terminated of its own accord at 2024-06-02T14:46:57Z with exit-code 0.
...
