000 (263849.035.000) 2024-06-02 01:27:42 Job submitted from host: <128.105.68.112:9618?addrs=128.105.68.112-9618+[2607-f388-2200-100-eaeb-d3ff-fea3-4202]-9618&alias=ap2001.chtc.wisc.edu&noUDP&sock=schedd_3266430_de54>
...
040 (263849.035.000) 2024-06-02 07:18:04 Started transferring input files
	Transferring to host: <128.105.69.107:9618?addrs=128.105.69.107-9618+[2607-f388-2200-100-1270-fdff-fe56-bfe4]-9618&alias=e4056.chtc.wisc.edu&noUDP&sock=slot1_25_2844050_427d_95920>
...
040 (263849.035.000) 2024-06-02 07:18:06 Finished transferring input files
...
001 (263849.035.000) 2024-06-02 07:18:07 Job executing on host: <128.105.69.107:9618?addrs=128.105.69.107-9618+[2607-f388-2200-100-1270-fdff-fe56-bfe4]-9618&alias=e4056.chtc.wisc.edu&noUDP&sock=startd_20383_9eff>
	SlotName: slot1_25@e4056.chtc.wisc.edu
	CondorScratchDir = "/var/lib/condor/execute/slot1/dir_1581121"
	Cpus = 1
	Disk = 15729793
	GPUs = 0
	IoHeavy = 0
	Memory = 4096
...
006 (263849.035.000) 2024-06-02 07:18:16 Image size of job updated: 370748
	363  -  MemoryUsage of job (MB)
	370748  -  ResidentSetSize of job (KB)
...
006 (263849.035.000) 2024-06-02 07:23:16 Image size of job updated: 1317208
	1102  -  MemoryUsage of job (MB)
	1127568  -  ResidentSetSize of job (KB)
...
006 (263849.035.000) 2024-06-02 07:28:17 Image size of job updated: 1318012
	1102  -  MemoryUsage of job (MB)
	1127568  -  ResidentSetSize of job (KB)
...
006 (263849.035.000) 2024-06-02 07:33:18 Image size of job updated: 1330568
	1257  -  MemoryUsage of job (MB)
	1286160  -  ResidentSetSize of job (KB)
...
006 (263849.035.000) 2024-06-02 07:38:18 Image size of job updated: 1340848
	1257  -  MemoryUsage of job (MB)
	1286160  -  ResidentSetSize of job (KB)
...
006 (263849.035.000) 2024-06-02 07:48:20 Image size of job updated: 1354976
	1257  -  MemoryUsage of job (MB)
	1286160  -  ResidentSetSize of job (KB)
...
006 (263849.035.000) 2024-06-02 07:58:21 Image size of job updated: 1354976
	1272  -  MemoryUsage of job (MB)
	1302032  -  ResidentSetSize of job (KB)
...
006 (263849.035.000) 2024-06-02 08:13:23 Image size of job updated: 1375456
	1272  -  MemoryUsage of job (MB)
	1302032  -  ResidentSetSize of job (KB)
...
006 (263849.035.000) 2024-06-02 08:43:27 Image size of job updated: 1380660
	1272  -  MemoryUsage of job (MB)
	1302032  -  ResidentSetSize of job (KB)
...
006 (263849.035.000) 2024-06-02 08:48:28 Image size of job updated: 1392504
	1272  -  MemoryUsage of job (MB)
	1302032  -  ResidentSetSize of job (KB)
...
006 (263849.035.000) 2024-06-02 08:58:29 Image size of job updated: 1417988
	1272  -  MemoryUsage of job (MB)
	1302032  -  ResidentSetSize of job (KB)
...
006 (263849.035.000) 2024-06-02 09:23:32 Image size of job updated: 1435564
	1347  -  MemoryUsage of job (MB)
	1378904  -  ResidentSetSize of job (KB)
...
006 (263849.035.000) 2024-06-02 09:28:33 Image size of job updated: 1435564
	1348  -  MemoryUsage of job (MB)
	1379416  -  ResidentSetSize of job (KB)
...
006 (263849.035.000) 2024-06-02 10:18:40 Image size of job updated: 1446440
	1348  -  MemoryUsage of job (MB)
	1379416  -  ResidentSetSize of job (KB)
...
006 (263849.035.000) 2024-06-02 10:26:28 Image size of job updated: 1752384
	1348  -  MemoryUsage of job (MB)
	1379416  -  ResidentSetSize of job (KB)
...
040 (263849.035.000) 2024-06-02 10:26:28 Started transferring output files
...
040 (263849.035.000) 2024-06-02 10:26:28 Finished transferring output files
...
005 (263849.035.000) 2024-06-02 10:26:28 Job terminated.
	(1) Normal termination (return value 0)
		Usr 0 02:24:06, Sys 0 00:42:14  -  Run Remote Usage
		Usr 0 00:00:00, Sys 0 00:00:00  -  Run Local Usage
		Usr 0 02:24:06, Sys 0 00:42:14  -  Total Remote Usage
		Usr 0 00:00:00, Sys 0 00:00:00  -  Total Local Usage
	271182  -  Run Bytes Sent By Job
	5798  -  Run Bytes Received By Job
	271182  -  Total Bytes Sent By Job
	5798  -  Total Bytes Received By Job
	Partitionable Resources :      Usage  Request Allocated 
	   Cpus                 :       0.99        1         1 
	   Disk (KB)            : 1479465    15728640  15729793 
	   GPUs                 :                             0 
	   IoHeavy              :                             0 
	   Memory (MB)          :    1348        4096      4096 
	   TimeExecute (s)      :   11301                       
	   TimeSlotBusy (s)     :   11304                       

	Job terminated of its own accord at 2024-06-02T15:26:28Z with exit-code 0.
...
