000 (263849.099.000) 2024-06-02 01:27:42 Job submitted from host: <128.105.68.112:9618?addrs=128.105.68.112-9618+[2607-f388-2200-100-eaeb-d3ff-fea3-4202]-9618&alias=ap2001.chtc.wisc.edu&noUDP&sock=schedd_3266430_de54>
...
040 (263849.099.000) 2024-06-02 13:20:45 Started transferring input files
	Transferring to host: <128.105.69.107:9618?addrs=128.105.69.107-9618+[2607-f388-2200-100-1270-fdff-fe56-bfe4]-9618&alias=e4056.chtc.wisc.edu&noUDP&sock=slot1_51_2844050_427d_96653>
...
040 (263849.099.000) 2024-06-02 13:21:03 Finished transferring input files
...
001 (263849.099.000) 2024-06-02 13:21:04 Job executing on host: <128.105.69.107:9618?addrs=128.105.69.107-9618+[2607-f388-2200-100-1270-fdff-fe56-bfe4]-9618&alias=e4056.chtc.wisc.edu&noUDP&sock=startd_20383_9eff>
	SlotName: slot1_51@e4056.chtc.wisc.edu
	CondorScratchDir = "/var/lib/condor/execute/slot1/dir_1619409"
	Cpus = 1
	Disk = 15729793
	GPUs = 0
	IoHeavy = 0
	Memory = 4096
...
006 (263849.099.000) 2024-06-02 13:21:13 Image size of job updated: 221964
	217  -  MemoryUsage of job (MB)
	221964  -  ResidentSetSize of job (KB)
...
006 (263849.099.000) 2024-06-02 13:26:14 Image size of job updated: 1718828
	1372  -  MemoryUsage of job (MB)
	1404372  -  ResidentSetSize of job (KB)
...
006 (263849.099.000) 2024-06-02 13:31:14 Image size of job updated: 1738304
	1559  -  MemoryUsage of job (MB)
	1595604  -  ResidentSetSize of job (KB)
...
006 (263849.099.000) 2024-06-02 13:36:15 Image size of job updated: 1738316
	1559  -  MemoryUsage of job (MB)
	1595604  -  ResidentSetSize of job (KB)
...
006 (263849.099.000) 2024-06-02 13:41:16 Image size of job updated: 1784868
	1559  -  MemoryUsage of job (MB)
	1595604  -  ResidentSetSize of job (KB)
...
006 (263849.099.000) 2024-06-02 13:46:16 Image size of job updated: 1843876
	1559  -  MemoryUsage of job (MB)
	1595604  -  ResidentSetSize of job (KB)
...
006 (263849.099.000) 2024-06-02 14:01:17 Image size of job updated: 1878912
	1677  -  MemoryUsage of job (MB)
	1716672  -  ResidentSetSize of job (KB)
...
006 (263849.099.000) 2024-06-02 14:06:17 Image size of job updated: 1878924
	1677  -  MemoryUsage of job (MB)
	1716672  -  ResidentSetSize of job (KB)
...
006 (263849.099.000) 2024-06-02 14:31:21 Image size of job updated: 2002864
	1677  -  MemoryUsage of job (MB)
	1716672  -  ResidentSetSize of job (KB)
...
006 (263849.099.000) 2024-06-02 14:36:21 Image size of job updated: 2002876
	1677  -  MemoryUsage of job (MB)
	1716672  -  ResidentSetSize of job (KB)
...
040 (263849.099.000) 2024-06-02 14:53:16 Started transferring output files
...
040 (263849.099.000) 2024-06-02 14:53:16 Finished transferring output files
...
005 (263849.099.000) 2024-06-02 14:53:16 Job terminated.
	(1) Normal termination (return value 0)
		Usr 0 01:15:43, Sys 0 00:15:17  -  Run Remote Usage
		Usr 0 00:00:00, Sys 0 00:00:00  -  Run Local Usage
		Usr 0 01:15:43, Sys 0 00:15:17  -  Total Remote Usage
		Usr 0 00:00:00, Sys 0 00:00:00  -  Total Local Usage
	271050  -  Run Bytes Sent By Job
	5798  -  Run Bytes Received By Job
	271050  -  Total Bytes Sent By Job
	5798  -  Total Bytes Received By Job
	Partitionable Resources :      Usage  Request Allocated 
	   Cpus                 :       0.99        1         1 
	   Disk (KB)            : 1410792    15728640  15729793 
	   GPUs                 :                             0 
	   IoHeavy              :                             0 
	   Memory (MB)          :    1677        4096      4096 
	   TimeExecute (s)      :    5532                       
	   TimeSlotBusy (s)     :    5552                       

	Job terminated of its own accord at 2024-06-02T19:53:16Z with exit-code 0.
...
