000 (263849.083.000) 2024-06-02 01:27:42 Job submitted from host: <128.105.68.112:9618?addrs=128.105.68.112-9618+[2607-f388-2200-100-eaeb-d3ff-fea3-4202]-9618&alias=ap2001.chtc.wisc.edu&noUDP&sock=schedd_3266430_de54>
...
040 (263849.083.000) 2024-06-02 13:20:43 Started transferring input files
	Transferring to host: <128.105.69.107:9618?addrs=128.105.69.107-9618+[2607-f388-2200-100-1270-fdff-fe56-bfe4]-9618&alias=e4056.chtc.wisc.edu&noUDP&sock=slot1_35_2844050_427d_96637>
...
040 (263849.083.000) 2024-06-02 13:21:02 Finished transferring input files
...
001 (263849.083.000) 2024-06-02 13:21:03 Job executing on host: <128.105.69.107:9618?addrs=128.105.69.107-9618+[2607-f388-2200-100-1270-fdff-fe56-bfe4]-9618&alias=e4056.chtc.wisc.edu&noUDP&sock=startd_20383_9eff>
	SlotName: slot1_35@e4056.chtc.wisc.edu
	CondorScratchDir = "/var/lib/condor/execute/slot1/dir_1618980"
	Cpus = 1
	Disk = 15729793
	GPUs = 0
	IoHeavy = 0
	Memory = 4096
...
006 (263849.083.000) 2024-06-02 13:21:12 Image size of job updated: 200996
	197  -  MemoryUsage of job (MB)
	200752  -  ResidentSetSize of job (KB)
...
006 (263849.083.000) 2024-06-02 13:26:13 Image size of job updated: 1232408
	1131  -  MemoryUsage of job (MB)
	1158120  -  ResidentSetSize of job (KB)
...
006 (263849.083.000) 2024-06-02 13:31:14 Image size of job updated: 1255656
	1131  -  MemoryUsage of job (MB)
	1158120  -  ResidentSetSize of job (KB)
...
006 (263849.083.000) 2024-06-02 13:36:14 Image size of job updated: 1261084
	1131  -  MemoryUsage of job (MB)
	1158120  -  ResidentSetSize of job (KB)
...
006 (263849.083.000) 2024-06-02 13:41:15 Image size of job updated: 1284208
	1131  -  MemoryUsage of job (MB)
	1158120  -  ResidentSetSize of job (KB)
...
006 (263849.083.000) 2024-06-02 13:46:16 Image size of job updated: 1330956
	1131  -  MemoryUsage of job (MB)
	1158120  -  ResidentSetSize of job (KB)
...
006 (263849.083.000) 2024-06-02 13:51:16 Image size of job updated: 1341528
	1131  -  MemoryUsage of job (MB)
	1158120  -  ResidentSetSize of job (KB)
...
006 (263849.083.000) 2024-06-02 14:01:17 Image size of job updated: 1344272
	1131  -  MemoryUsage of job (MB)
	1158120  -  ResidentSetSize of job (KB)
...
006 (263849.083.000) 2024-06-02 14:06:17 Image size of job updated: 1344272
	1167  -  MemoryUsage of job (MB)
	1194196  -  ResidentSetSize of job (KB)
...
006 (263849.083.000) 2024-06-02 14:11:17 Image size of job updated: 1344272
	1244  -  MemoryUsage of job (MB)
	1273268  -  ResidentSetSize of job (KB)
...
006 (263849.083.000) 2024-06-02 14:16:18 Image size of job updated: 1367968
	1244  -  MemoryUsage of job (MB)
	1273268  -  ResidentSetSize of job (KB)
...
006 (263849.083.000) 2024-06-02 14:21:19 Image size of job updated: 1372488
	1244  -  MemoryUsage of job (MB)
	1273268  -  ResidentSetSize of job (KB)
...
006 (263849.083.000) 2024-06-02 14:41:21 Image size of job updated: 1400392
	1244  -  MemoryUsage of job (MB)
	1273268  -  ResidentSetSize of job (KB)
...
006 (263849.083.000) 2024-06-02 14:46:22 Image size of job updated: 1425884
	1275  -  MemoryUsage of job (MB)
	1304880  -  ResidentSetSize of job (KB)
...
006 (263849.083.000) 2024-06-02 14:51:23 Image size of job updated: 1425884
	1293  -  MemoryUsage of job (MB)
	1323324  -  ResidentSetSize of job (KB)
...
006 (263849.083.000) 2024-06-02 14:59:47 Image size of job updated: 1597840
	1293  -  MemoryUsage of job (MB)
	1323324  -  ResidentSetSize of job (KB)
...
040 (263849.083.000) 2024-06-02 14:59:47 Started transferring output files
...
040 (263849.083.000) 2024-06-02 14:59:47 Finished transferring output files
...
005 (263849.083.000) 2024-06-02 14:59:47 Job terminated.
	(1) Normal termination (return value 0)
		Usr 0 01:20:13, Sys 0 00:17:14  -  Run Remote Usage
		Usr 0 00:00:00, Sys 0 00:00:00  -  Run Local Usage
		Usr 0 01:20:13, Sys 0 00:17:14  -  Total Remote Usage
		Usr 0 00:00:00, Sys 0 00:00:00  -  Total Local Usage
	269966  -  Run Bytes Sent By Job
	5798  -  Run Bytes Received By Job
	269966  -  Total Bytes Sent By Job
	5798  -  Total Bytes Received By Job
	Partitionable Resources :      Usage  Request Allocated 
	   Cpus                 :       0.99        1         1 
	   Disk (KB)            : 1401494    15728640  15729793 
	   GPUs                 :                             0 
	   IoHeavy              :                             0 
	   Memory (MB)          :    1293        4096      4096 
	   TimeExecute (s)      :    5924                       
	   TimeSlotBusy (s)     :    5944                       

	Job terminated of its own accord at 2024-06-02T19:59:47Z with exit-code 0.
...
