000 (263849.095.000) 2024-06-02 01:27:42 Job submitted from host: <128.105.68.112:9618?addrs=128.105.68.112-9618+[2607-f388-2200-100-eaeb-d3ff-fea3-4202]-9618&alias=ap2001.chtc.wisc.edu&noUDP&sock=schedd_3266430_de54>
...
040 (263849.095.000) 2024-06-02 13:20:44 Started transferring input files
	Transferring to host: <128.105.69.107:9618?addrs=128.105.69.107-9618+[2607-f388-2200-100-1270-fdff-fe56-bfe4]-9618&alias=e4056.chtc.wisc.edu&noUDP&sock=slot1_47_2844050_427d_96649>
...
040 (263849.095.000) 2024-06-02 13:21:03 Finished transferring input files
...
001 (263849.095.000) 2024-06-02 13:21:04 Job executing on host: <128.105.69.107:9618?addrs=128.105.69.107-9618+[2607-f388-2200-100-1270-fdff-fe56-bfe4]-9618&alias=e4056.chtc.wisc.edu&noUDP&sock=startd_20383_9eff>
	SlotName: slot1_47@e4056.chtc.wisc.edu
	CondorScratchDir = "/var/lib/condor/execute/slot1/dir_1619314"
	Cpus = 1
	Disk = 15729793
	GPUs = 0
	IoHeavy = 0
	Memory = 4096
...
006 (263849.095.000) 2024-06-02 13:21:13 Image size of job updated: 240304
	235  -  MemoryUsage of job (MB)
	240056  -  ResidentSetSize of job (KB)
...
006 (263849.095.000) 2024-06-02 13:26:14 Image size of job updated: 1132904
	1031  -  MemoryUsage of job (MB)
	1055132  -  ResidentSetSize of job (KB)
...
006 (263849.095.000) 2024-06-02 13:31:15 Image size of job updated: 1178136
	1094  -  MemoryUsage of job (MB)
	1119332  -  ResidentSetSize of job (KB)
...
006 (263849.095.000) 2024-06-02 13:36:15 Image size of job updated: 1178520
	1102  -  MemoryUsage of job (MB)
	1128292  -  ResidentSetSize of job (KB)
...
006 (263849.095.000) 2024-06-02 13:46:17 Image size of job updated: 1181392
	1102  -  MemoryUsage of job (MB)
	1128292  -  ResidentSetSize of job (KB)
...
006 (263849.095.000) 2024-06-02 13:51:17 Image size of job updated: 1194236
	1102  -  MemoryUsage of job (MB)
	1128292  -  ResidentSetSize of job (KB)
...
006 (263849.095.000) 2024-06-02 13:56:17 Image size of job updated: 1205024
	1111  -  MemoryUsage of job (MB)
	1136720  -  ResidentSetSize of job (KB)
...
006 (263849.095.000) 2024-06-02 14:01:18 Image size of job updated: 1214564
	1175  -  MemoryUsage of job (MB)
	1203068  -  ResidentSetSize of job (KB)
...
006 (263849.095.000) 2024-06-02 14:06:18 Image size of job updated: 1225204
	1181  -  MemoryUsage of job (MB)
	1208700  -  ResidentSetSize of job (KB)
...
006 (263849.095.000) 2024-06-02 14:11:18 Image size of job updated: 1241700
	1181  -  MemoryUsage of job (MB)
	1208700  -  ResidentSetSize of job (KB)
...
006 (263849.095.000) 2024-06-02 14:16:19 Image size of job updated: 1244732
	1181  -  MemoryUsage of job (MB)
	1208700  -  ResidentSetSize of job (KB)
...
006 (263849.095.000) 2024-06-02 14:21:20 Image size of job updated: 1249416
	1181  -  MemoryUsage of job (MB)
	1208700  -  ResidentSetSize of job (KB)
...
006 (263849.095.000) 2024-06-02 14:31:21 Image size of job updated: 1260200
	1181  -  MemoryUsage of job (MB)
	1208700  -  ResidentSetSize of job (KB)
...
006 (263849.095.000) 2024-06-02 14:36:22 Image size of job updated: 1263520
	1181  -  MemoryUsage of job (MB)
	1208700  -  ResidentSetSize of job (KB)
...
006 (263849.095.000) 2024-06-02 14:41:22 Image size of job updated: 1286512
	1181  -  MemoryUsage of job (MB)
	1208700  -  ResidentSetSize of job (KB)
...
006 (263849.095.000) 2024-06-02 14:46:22 Image size of job updated: 1294176
	1181  -  MemoryUsage of job (MB)
	1208700  -  ResidentSetSize of job (KB)
...
006 (263849.095.000) 2024-06-02 14:51:48 Image size of job updated: 1412760
	1181  -  MemoryUsage of job (MB)
	1208700  -  ResidentSetSize of job (KB)
...
040 (263849.095.000) 2024-06-02 14:51:48 Started transferring output files
...
040 (263849.095.000) 2024-06-02 14:51:48 Finished transferring output files
...
005 (263849.095.000) 2024-06-02 14:51:48 Job terminated.
	(1) Normal termination (return value 0)
		Usr 0 01:13:22, Sys 0 00:16:14  -  Run Remote Usage
		Usr 0 00:00:00, Sys 0 00:00:00  -  Run Local Usage
		Usr 0 01:13:22, Sys 0 00:16:14  -  Total Remote Usage
		Usr 0 00:00:00, Sys 0 00:00:00  -  Total Local Usage
	270538  -  Run Bytes Sent By Job
	5798  -  Run Bytes Received By Job
	270538  -  Total Bytes Sent By Job
	5798  -  Total Bytes Received By Job
	Partitionable Resources :      Usage  Request Allocated 
	   Cpus                 :       0.99        1         1 
	   Disk (KB)            : 1381486    15728640  15729793 
	   GPUs                 :                             0 
	   IoHeavy              :                             0 
	   Memory (MB)          :    1181        4096      4096 
	   TimeExecute (s)      :    5444                       
	   TimeSlotBusy (s)     :    5464                       

	Job terminated of its own accord at 2024-06-02T19:51:48Z with exit-code 0.
...
