000 (263849.032.000) 2024-06-02 01:27:42 Job submitted from host: <128.105.68.112:9618?addrs=128.105.68.112-9618+[2607-f388-2200-100-eaeb-d3ff-fea3-4202]-9618&alias=ap2001.chtc.wisc.edu&noUDP&sock=schedd_3266430_de54>
...
040 (263849.032.000) 2024-06-02 06:04:26 Started transferring input files
	Transferring to host: <128.105.69.107:9618?addrs=128.105.69.107-9618+[2607-f388-2200-100-1270-fdff-fe56-bfe4]-9618&alias=e4056.chtc.wisc.edu&noUDP&sock=slot1_18_2844050_427d_95774>
...
040 (263849.032.000) 2024-06-02 06:04:28 Finished transferring input files
...
001 (263849.032.000) 2024-06-02 06:04:29 Job executing on host: <128.105.69.107:9618?addrs=128.105.69.107-9618+[2607-f388-2200-100-1270-fdff-fe56-bfe4]-9618&alias=e4056.chtc.wisc.edu&noUDP&sock=startd_20383_9eff>
	SlotName: slot1_18@e4056.chtc.wisc.edu
	CondorScratchDir = "/var/lib/condor/execute/slot1/dir_1574198"
	Cpus = 1
	Disk = 15729793
	GPUs = 0
	IoHeavy = 0
	Memory = 4096
...
006 (263849.032.000) 2024-06-02 06:04:38 Image size of job updated: 436152
	426  -  MemoryUsage of job (MB)
	436004  -  ResidentSetSize of job (KB)
...
006 (263849.032.000) 2024-06-02 06:09:38 Image size of job updated: 1444508
	1227  -  MemoryUsage of job (MB)
	1256420  -  ResidentSetSize of job (KB)
...
006 (263849.032.000) 2024-06-02 06:24:40 Image size of job updated: 1457492
	1227  -  MemoryUsage of job (MB)
	1256420  -  ResidentSetSize of job (KB)
...
006 (263849.032.000) 2024-06-02 06:34:42 Image size of job updated: 1457492
	1285  -  MemoryUsage of job (MB)
	1315392  -  ResidentSetSize of job (KB)
...
006 (263849.032.000) 2024-06-02 06:44:43 Image size of job updated: 1457492
	1310  -  MemoryUsage of job (MB)
	1341208  -  ResidentSetSize of job (KB)
...
006 (263849.032.000) 2024-06-02 06:59:45 Image size of job updated: 1470848
	1310  -  MemoryUsage of job (MB)
	1341208  -  ResidentSetSize of job (KB)
...
006 (263849.032.000) 2024-06-02 07:04:46 Image size of job updated: 1481532
	1374  -  MemoryUsage of job (MB)
	1406432  -  ResidentSetSize of job (KB)
...
006 (263849.032.000) 2024-06-02 07:09:46 Image size of job updated: 1489272
	1379  -  MemoryUsage of job (MB)
	1411552  -  ResidentSetSize of job (KB)
...
006 (263849.032.000) 2024-06-02 07:19:47 Image size of job updated: 1534568
	1379  -  MemoryUsage of job (MB)
	1411552  -  ResidentSetSize of job (KB)
...
006 (263849.032.000) 2024-06-02 07:24:47 Image size of job updated: 1583308
	1379  -  MemoryUsage of job (MB)
	1411552  -  ResidentSetSize of job (KB)
...
006 (263849.032.000) 2024-06-02 07:39:48 Image size of job updated: 1583308
	1391  -  MemoryUsage of job (MB)
	1424088  -  ResidentSetSize of job (KB)
...
006 (263849.032.000) 2024-06-02 07:44:48 Image size of job updated: 1583308
	1403  -  MemoryUsage of job (MB)
	1436120  -  ResidentSetSize of job (KB)
...
006 (263849.032.000) 2024-06-02 07:54:49 Image size of job updated: 1583308
	1420  -  MemoryUsage of job (MB)
	1453676  -  ResidentSetSize of job (KB)
...
006 (263849.032.000) 2024-06-02 08:14:50 Image size of job updated: 1621956
	1420  -  MemoryUsage of job (MB)
	1453676  -  ResidentSetSize of job (KB)
...
006 (263849.032.000) 2024-06-02 08:22:41 Image size of job updated: 1700900
	1420  -  MemoryUsage of job (MB)
	1453676  -  ResidentSetSize of job (KB)
...
040 (263849.032.000) 2024-06-02 08:22:41 Started transferring output files
...
040 (263849.032.000) 2024-06-02 08:22:41 Finished transferring output files
...
005 (263849.032.000) 2024-06-02 08:22:41 Job terminated.
	(1) Normal termination (return value 0)
		Usr 0 01:52:38, Sys 0 00:24:13  -  Run Remote Usage
		Usr 0 00:00:00, Sys 0 00:00:00  -  Run Local Usage
		Usr 0 01:52:38, Sys 0 00:24:13  -  Total Remote Usage
		Usr 0 00:00:00, Sys 0 00:00:00  -  Total Local Usage
	270522  -  Run Bytes Sent By Job
	5798  -  Run Bytes Received By Job
	270522  -  Total Bytes Sent By Job
	5798  -  Total Bytes Received By Job
	Partitionable Resources :      Usage  Request Allocated 
	   Cpus                 :       0.99        1         1 
	   Disk (KB)            : 1458905    15728640  15729793 
	   GPUs                 :                             0 
	   IoHeavy              :                             0 
	   Memory (MB)          :    1420        4096      4096 
	   TimeExecute (s)      :    8292                       
	   TimeSlotBusy (s)     :    8295                       

	Job terminated of its own accord at 2024-06-02T13:22:41Z with exit-code 0.
...
