000 (263849.104.000) 2024-06-02 01:27:42 Job submitted from host: <128.105.68.112:9618?addrs=128.105.68.112-9618+[2607-f388-2200-100-eaeb-d3ff-fea3-4202]-9618&alias=ap2001.chtc.wisc.edu&noUDP&sock=schedd_3266430_de54>
...
040 (263849.104.000) 2024-06-02 13:20:45 Started transferring input files
	Transferring to host: <128.105.69.107:9618?addrs=128.105.69.107-9618+[2607-f388-2200-100-1270-fdff-fe56-bfe4]-9618&alias=e4056.chtc.wisc.edu&noUDP&sock=slot1_56_2844050_427d_96658>
...
040 (263849.104.000) 2024-06-02 13:21:03 Finished transferring input files
...
001 (263849.104.000) 2024-06-02 13:21:04 Job executing on host: <128.105.69.107:9618?addrs=128.105.69.107-9618+[2607-f388-2200-100-1270-fdff-fe56-bfe4]-9618&alias=e4056.chtc.wisc.edu&noUDP&sock=startd_20383_9eff>
	SlotName: slot1_56@e4056.chtc.wisc.edu
	CondorScratchDir = "/var/lib/condor/execute/slot1/dir_1619565"
	Cpus = 1
	Disk = 15729793
	GPUs = 0
	IoHeavy = 0
	Memory = 4096
...
006 (263849.104.000) 2024-06-02 13:21:13 Image size of job updated: 222288
	218  -  MemoryUsage of job (MB)
	222288  -  ResidentSetSize of job (KB)
...
006 (263849.104.000) 2024-06-02 13:26:14 Image size of job updated: 1328380
	1080  -  MemoryUsage of job (MB)
	1105920  -  ResidentSetSize of job (KB)
...
006 (263849.104.000) 2024-06-02 13:31:14 Image size of job updated: 1328380
	1131  -  MemoryUsage of job (MB)
	1157412  -  ResidentSetSize of job (KB)
...
006 (263849.104.000) 2024-06-02 13:46:16 Image size of job updated: 1352232
	1131  -  MemoryUsage of job (MB)
	1157412  -  ResidentSetSize of job (KB)
...
006 (263849.104.000) 2024-06-02 13:51:17 Image size of job updated: 1352232
	1156  -  MemoryUsage of job (MB)
	1183024  -  ResidentSetSize of job (KB)
...
006 (263849.104.000) 2024-06-02 13:56:18 Image size of job updated: 1352232
	1162  -  MemoryUsage of job (MB)
	1188960  -  ResidentSetSize of job (KB)
...
006 (263849.104.000) 2024-06-02 14:01:18 Image size of job updated: 1352232
	1167  -  MemoryUsage of job (MB)
	1194592  -  ResidentSetSize of job (KB)
...
006 (263849.104.000) 2024-06-02 14:06:18 Image size of job updated: 1352232
	1197  -  MemoryUsage of job (MB)
	1225196  -  ResidentSetSize of job (KB)
...
006 (263849.104.000) 2024-06-02 14:16:19 Image size of job updated: 1352232
	1238  -  MemoryUsage of job (MB)
	1267580  -  ResidentSetSize of job (KB)
...
006 (263849.104.000) 2024-06-02 14:31:21 Image size of job updated: 1362200
	1238  -  MemoryUsage of job (MB)
	1267580  -  ResidentSetSize of job (KB)
...
006 (263849.104.000) 2024-06-02 14:36:21 Image size of job updated: 1364364
	1238  -  MemoryUsage of job (MB)
	1267580  -  ResidentSetSize of job (KB)
...
006 (263849.104.000) 2024-06-02 14:41:22 Image size of job updated: 1396844
	1279  -  MemoryUsage of job (MB)
	1308680  -  ResidentSetSize of job (KB)
...
006 (263849.104.000) 2024-06-02 14:46:23 Image size of job updated: 1473936
	1279  -  MemoryUsage of job (MB)
	1308680  -  ResidentSetSize of job (KB)
...
006 (263849.104.000) 2024-06-02 14:48:36 Image size of job updated: 1557700
	1279  -  MemoryUsage of job (MB)
	1308680  -  ResidentSetSize of job (KB)
...
040 (263849.104.000) 2024-06-02 14:48:36 Started transferring output files
...
040 (263849.104.000) 2024-06-02 14:48:36 Finished transferring output files
...
005 (263849.104.000) 2024-06-02 14:48:36 Job terminated.
	(1) Normal termination (return value 0)
		Usr 0 01:11:28, Sys 0 00:14:54  -  Run Remote Usage
		Usr 0 00:00:00, Sys 0 00:00:00  -  Run Local Usage
		Usr 0 01:11:28, Sys 0 00:14:54  -  Total Remote Usage
		Usr 0 00:00:00, Sys 0 00:00:00  -  Total Local Usage
	271286  -  Run Bytes Sent By Job
	5798  -  Run Bytes Received By Job
	271286  -  Total Bytes Sent By Job
	5798  -  Total Bytes Received By Job
	Partitionable Resources :      Usage  Request Allocated 
	   Cpus                 :       0.98        1         1 
	   Disk (KB)            : 1373791    15728640  15729793 
	   GPUs                 :                             0 
	   IoHeavy              :                             0 
	   Memory (MB)          :    1279        4096      4096 
	   TimeExecute (s)      :    5252                       
	   TimeSlotBusy (s)     :    5271                       

	Job terminated of its own accord at 2024-06-02T19:48:36Z with exit-code 0.
...
