000 (263849.085.000) 2024-06-02 01:27:42 Job submitted from host: <128.105.68.112:9618?addrs=128.105.68.112-9618+[2607-f388-2200-100-eaeb-d3ff-fea3-4202]-9618&alias=ap2001.chtc.wisc.edu&noUDP&sock=schedd_3266430_de54>
...
040 (263849.085.000) 2024-06-02 13:20:43 Started transferring input files
	Transferring to host: <128.105.69.107:9618?addrs=128.105.69.107-9618+[2607-f388-2200-100-1270-fdff-fe56-bfe4]-9618&alias=e4056.chtc.wisc.edu&noUDP&sock=slot1_37_2844050_427d_96639>
...
040 (263849.085.000) 2024-06-02 13:21:02 Finished transferring input files
...
001 (263849.085.000) 2024-06-02 13:21:03 Job executing on host: <128.105.69.107:9618?addrs=128.105.69.107-9618+[2607-f388-2200-100-1270-fdff-fe56-bfe4]-9618&alias=e4056.chtc.wisc.edu&noUDP&sock=startd_20383_9eff>
	SlotName: slot1_37@e4056.chtc.wisc.edu
	CondorScratchDir = "/var/lib/condor/execute/slot1/dir_1619037"
	Cpus = 1
	Disk = 15729793
	GPUs = 0
	IoHeavy = 0
	Memory = 4096
...
006 (263849.085.000) 2024-06-02 13:21:12 Image size of job updated: 160732
	157  -  MemoryUsage of job (MB)
	160484  -  ResidentSetSize of job (KB)
...
006 (263849.085.000) 2024-06-02 13:26:13 Image size of job updated: 1116620
	1062  -  MemoryUsage of job (MB)
	1086860  -  ResidentSetSize of job (KB)
...
006 (263849.085.000) 2024-06-02 13:31:13 Image size of job updated: 1161392
	1062  -  MemoryUsage of job (MB)
	1086860  -  ResidentSetSize of job (KB)
...
006 (263849.085.000) 2024-06-02 13:36:13 Image size of job updated: 1161392
	1083  -  MemoryUsage of job (MB)
	1108280  -  ResidentSetSize of job (KB)
...
006 (263849.085.000) 2024-06-02 13:41:14 Image size of job updated: 1187136
	1083  -  MemoryUsage of job (MB)
	1108280  -  ResidentSetSize of job (KB)
...
006 (263849.085.000) 2024-06-02 13:46:14 Image size of job updated: 1187136
	1103  -  MemoryUsage of job (MB)
	1128596  -  ResidentSetSize of job (KB)
...
006 (263849.085.000) 2024-06-02 14:01:16 Image size of job updated: 1189848
	1149  -  MemoryUsage of job (MB)
	1176560  -  ResidentSetSize of job (KB)
...
006 (263849.085.000) 2024-06-02 14:06:16 Image size of job updated: 1286860
	1149  -  MemoryUsage of job (MB)
	1176560  -  ResidentSetSize of job (KB)
...
006 (263849.085.000) 2024-06-02 14:26:19 Image size of job updated: 1286860
	1181  -  MemoryUsage of job (MB)
	1208344  -  ResidentSetSize of job (KB)
...
006 (263849.085.000) 2024-06-02 14:31:20 Image size of job updated: 1286860
	1184  -  MemoryUsage of job (MB)
	1212188  -  ResidentSetSize of job (KB)
...
006 (263849.085.000) 2024-06-02 14:36:20 Image size of job updated: 1286860
	1207  -  MemoryUsage of job (MB)
	1235112  -  ResidentSetSize of job (KB)
...
006 (263849.085.000) 2024-06-02 14:41:20 Image size of job updated: 1286860
	1218  -  MemoryUsage of job (MB)
	1246800  -  ResidentSetSize of job (KB)
...
006 (263849.085.000) 2024-06-02 14:44:47 Image size of job updated: 1499160
	1218  -  MemoryUsage of job (MB)
	1246800  -  ResidentSetSize of job (KB)
...
040 (263849.085.000) 2024-06-02 14:44:47 Started transferring output files
...
040 (263849.085.000) 2024-06-02 14:44:47 Finished transferring output files
...
005 (263849.085.000) 2024-06-02 14:44:47 Job terminated.
	(1) Normal termination (return value 0)
		Usr 0 01:10:12, Sys 0 00:12:20  -  Run Remote Usage
		Usr 0 00:00:00, Sys 0 00:00:00  -  Run Local Usage
		Usr 0 01:10:12, Sys 0 00:12:20  -  Total Remote Usage
		Usr 0 00:00:00, Sys 0 00:00:00  -  Total Local Usage
	271788  -  Run Bytes Sent By Job
	5798  -  Run Bytes Received By Job
	271788  -  Total Bytes Sent By Job
	5798  -  Total Bytes Received By Job
	Partitionable Resources :      Usage  Request Allocated 
	   Cpus                 :       0.99        1         1 
	   Disk (KB)            : 1337484    15728640  15729793 
	   GPUs                 :                             0 
	   IoHeavy              :                             0 
	   Memory (MB)          :    1218        4096      4096 
	   TimeExecute (s)      :    5024                       
	   TimeSlotBusy (s)     :    5044                       

	Job terminated of its own accord at 2024-06-02T19:44:47Z with exit-code 0.
...
