000 (263849.093.000) 2024-06-02 01:27:42 Job submitted from host: <128.105.68.112:9618?addrs=128.105.68.112-9618+[2607-f388-2200-100-eaeb-d3ff-fea3-4202]-9618&alias=ap2001.chtc.wisc.edu&noUDP&sock=schedd_3266430_de54>
...
040 (263849.093.000) 2024-06-02 13:20:44 Started transferring input files
	Transferring to host: <128.105.69.107:9618?addrs=128.105.69.107-9618+[2607-f388-2200-100-1270-fdff-fe56-bfe4]-9618&alias=e4056.chtc.wisc.edu&noUDP&sock=slot1_45_2844050_427d_96647>
...
040 (263849.093.000) 2024-06-02 13:21:03 Finished transferring input files
...
001 (263849.093.000) 2024-06-02 13:21:04 Job executing on host: <128.105.69.107:9618?addrs=128.105.69.107-9618+[2607-f388-2200-100-1270-fdff-fe56-bfe4]-9618&alias=e4056.chtc.wisc.edu&noUDP&sock=startd_20383_9eff>
	SlotName: slot1_45@e4056.chtc.wisc.edu
	CondorScratchDir = "/var/lib/condor/execute/slot1/dir_1619257"
	Cpus = 1
	Disk = 15729793
	GPUs = 0
	IoHeavy = 0
	Memory = 4096
...
006 (263849.093.000) 2024-06-02 13:21:12 Image size of job updated: 215252
	211  -  MemoryUsage of job (MB)
	215216  -  ResidentSetSize of job (KB)
...
006 (263849.093.000) 2024-06-02 13:26:12 Image size of job updated: 1165920
	1057  -  MemoryUsage of job (MB)
	1081560  -  ResidentSetSize of job (KB)
...
006 (263849.093.000) 2024-06-02 13:31:13 Image size of job updated: 1165920
	1061  -  MemoryUsage of job (MB)
	1085912  -  ResidentSetSize of job (KB)
...
006 (263849.093.000) 2024-06-02 13:41:13 Image size of job updated: 1188692
	1125  -  MemoryUsage of job (MB)
	1151044  -  ResidentSetSize of job (KB)
...
006 (263849.093.000) 2024-06-02 13:46:14 Image size of job updated: 1203288
	1125  -  MemoryUsage of job (MB)
	1151044  -  ResidentSetSize of job (KB)
...
006 (263849.093.000) 2024-06-02 14:01:16 Image size of job updated: 1244660
	1175  -  MemoryUsage of job (MB)
	1202388  -  ResidentSetSize of job (KB)
...
006 (263849.093.000) 2024-06-02 14:06:17 Image size of job updated: 1244708
	1175  -  MemoryUsage of job (MB)
	1202388  -  ResidentSetSize of job (KB)
...
006 (263849.093.000) 2024-06-02 14:21:18 Image size of job updated: 1246212
	1175  -  MemoryUsage of job (MB)
	1202388  -  ResidentSetSize of job (KB)
...
006 (263849.093.000) 2024-06-02 14:36:19 Image size of job updated: 1260756
	1175  -  MemoryUsage of job (MB)
	1202388  -  ResidentSetSize of job (KB)
...
006 (263849.093.000) 2024-06-02 14:41:19 Image size of job updated: 1276420
	1175  -  MemoryUsage of job (MB)
	1202388  -  ResidentSetSize of job (KB)
...
006 (263849.093.000) 2024-06-02 14:56:36 Image size of job updated: 1407748
	1175  -  MemoryUsage of job (MB)
	1202388  -  ResidentSetSize of job (KB)
...
040 (263849.093.000) 2024-06-02 14:56:36 Started transferring output files
...
040 (263849.093.000) 2024-06-02 14:56:36 Finished transferring output files
...
005 (263849.093.000) 2024-06-02 14:56:36 Job terminated.
	(1) Normal termination (return value 0)
		Usr 0 01:16:50, Sys 0 00:17:28  -  Run Remote Usage
		Usr 0 00:00:00, Sys 0 00:00:00  -  Run Local Usage
		Usr 0 01:16:50, Sys 0 00:17:28  -  Total Remote Usage
		Usr 0 00:00:00, Sys 0 00:00:00  -  Total Local Usage
	271456  -  Run Bytes Sent By Job
	5798  -  Run Bytes Received By Job
	271456  -  Total Bytes Sent By Job
	5798  -  Total Bytes Received By Job
	Partitionable Resources :      Usage  Request Allocated 
	   Cpus                 :       0.99        1         1 
	   Disk (KB)            : 1431880    15728640  15729793 
	   GPUs                 :                             0 
	   IoHeavy              :                             0 
	   Memory (MB)          :    1175        4096      4096 
	   TimeExecute (s)      :    5732                       
	   TimeSlotBusy (s)     :    5752                       

	Job terminated of its own accord at 2024-06-02T19:56:36Z with exit-code 0.
...
