000 (263849.115.000) 2024-06-02 01:27:42 Job submitted from host: <128.105.68.112:9618?addrs=128.105.68.112-9618+[2607-f388-2200-100-eaeb-d3ff-fea3-4202]-9618&alias=ap2001.chtc.wisc.edu&noUDP&sock=schedd_3266430_de54>
...
040 (263849.115.000) 2024-06-02 13:24:45 Started transferring input files
	Transferring to host: <128.105.69.107:9618?addrs=128.105.69.107-9618+[2607-f388-2200-100-1270-fdff-fe56-bfe4]-9618&alias=e4056.chtc.wisc.edu&noUDP&sock=slot1_64_2844050_427d_96674>
...
040 (263849.115.000) 2024-06-02 13:24:52 Finished transferring input files
...
001 (263849.115.000) 2024-06-02 13:24:53 Job executing on host: <128.105.69.107:9618?addrs=128.105.69.107-9618+[2607-f388-2200-100-1270-fdff-fe56-bfe4]-9618&alias=e4056.chtc.wisc.edu&noUDP&sock=startd_20383_9eff>
	SlotName: slot1_64@e4056.chtc.wisc.edu
	CondorScratchDir = "/var/lib/condor/execute/slot1/dir_1624449"
	Cpus = 1
	Disk = 15729793
	GPUs = 0
	IoHeavy = 0
	Memory = 4096
...
006 (263849.115.000) 2024-06-02 13:25:02 Image size of job updated: 433016
	423  -  MemoryUsage of job (MB)
	433016  -  ResidentSetSize of job (KB)
...
006 (263849.115.000) 2024-06-02 13:30:03 Image size of job updated: 1518640
	1389  -  MemoryUsage of job (MB)
	1421316  -  ResidentSetSize of job (KB)
...
006 (263849.115.000) 2024-06-02 13:50:05 Image size of job updated: 1531732
	1391  -  MemoryUsage of job (MB)
	1424180  -  ResidentSetSize of job (KB)
...
006 (263849.115.000) 2024-06-02 13:55:05 Image size of job updated: 1537124
	1448  -  MemoryUsage of job (MB)
	1482452  -  ResidentSetSize of job (KB)
...
006 (263849.115.000) 2024-06-02 14:00:05 Image size of job updated: 1565472
	1448  -  MemoryUsage of job (MB)
	1482452  -  ResidentSetSize of job (KB)
...
006 (263849.115.000) 2024-06-02 14:10:06 Image size of job updated: 1565472
	1468  -  MemoryUsage of job (MB)
	1502812  -  ResidentSetSize of job (KB)
...
006 (263849.115.000) 2024-06-02 14:20:07 Image size of job updated: 1577568
	1468  -  MemoryUsage of job (MB)
	1502812  -  ResidentSetSize of job (KB)
...
006 (263849.115.000) 2024-06-02 14:25:08 Image size of job updated: 1580768
	1468  -  MemoryUsage of job (MB)
	1502812  -  ResidentSetSize of job (KB)
...
006 (263849.115.000) 2024-06-02 14:30:08 Image size of job updated: 1580768
	1479  -  MemoryUsage of job (MB)
	1513500  -  ResidentSetSize of job (KB)
...
006 (263849.115.000) 2024-06-02 14:40:10 Image size of job updated: 1594324
	1479  -  MemoryUsage of job (MB)
	1513500  -  ResidentSetSize of job (KB)
...
006 (263849.115.000) 2024-06-02 14:45:10 Image size of job updated: 1607924
	1509  -  MemoryUsage of job (MB)
	1544828  -  ResidentSetSize of job (KB)
...
006 (263849.115.000) 2024-06-02 14:50:10 Image size of job updated: 1612980
	1509  -  MemoryUsage of job (MB)
	1544828  -  ResidentSetSize of job (KB)
...
006 (263849.115.000) 2024-06-02 15:15:14 Image size of job updated: 1612980
	1545  -  MemoryUsage of job (MB)
	1581128  -  ResidentSetSize of job (KB)
...
006 (263849.115.000) 2024-06-02 15:20:14 Image size of job updated: 1616496
	1545  -  MemoryUsage of job (MB)
	1581128  -  ResidentSetSize of job (KB)
...
006 (263849.115.000) 2024-06-02 15:25:14 Image size of job updated: 1658160
	1545  -  MemoryUsage of job (MB)
	1581128  -  ResidentSetSize of job (KB)
...
006 (263849.115.000) 2024-06-02 15:40:16 Image size of job updated: 1662004
	1545  -  MemoryUsage of job (MB)
	1581128  -  ResidentSetSize of job (KB)
...
006 (263849.115.000) 2024-06-02 15:45:17 Image size of job updated: 1662996
	1545  -  MemoryUsage of job (MB)
	1581128  -  ResidentSetSize of job (KB)
...
006 (263849.115.000) 2024-06-02 15:55:17 Image size of job updated: 1674084
	1562  -  MemoryUsage of job (MB)
	1598480  -  ResidentSetSize of job (KB)
...
006 (263849.115.000) 2024-06-02 16:00:18 Image size of job updated: 1674084
	1588  -  MemoryUsage of job (MB)
	1625444  -  ResidentSetSize of job (KB)
...
006 (263849.115.000) 2024-06-02 16:01:34 Image size of job updated: 1927084
	1588  -  MemoryUsage of job (MB)
	1625444  -  ResidentSetSize of job (KB)
...
040 (263849.115.000) 2024-06-02 16:01:36 Started transferring output files
...
040 (263849.115.000) 2024-06-02 16:01:36 Finished transferring output files
...
005 (263849.115.000) 2024-06-02 16:01:36 Job terminated.
	(1) Normal termination (return value 0)
		Usr 0 02:06:42, Sys 0 00:28:20  -  Run Remote Usage
		Usr 0 00:00:00, Sys 0 00:00:00  -  Run Local Usage
		Usr 0 02:06:42, Sys 0 00:28:20  -  Total Remote Usage
		Usr 0 00:00:00, Sys 0 00:00:00  -  Total Local Usage
	271442  -  Run Bytes Sent By Job
	5798  -  Run Bytes Received By Job
	271442  -  Total Bytes Sent By Job
	5798  -  Total Bytes Received By Job
	Partitionable Resources :      Usage  Request Allocated 
	   Cpus                 :       0.98        1         1 
	   Disk (KB)            : 1600014    15728640  15729793 
	   GPUs                 :                             0 
	   IoHeavy              :                             0 
	   Memory (MB)          :    1588        4096      4096 
	   TimeExecute (s)      :    9401                       
	   TimeSlotBusy (s)     :    9411                       

	Job terminated of its own accord at 2024-06-02T21:01:34Z with exit-code 0.
...
