000 (263849.015.000) 2024-06-02 01:27:42 Job submitted from host: <128.105.68.112:9618?addrs=128.105.68.112-9618+[2607-f388-2200-100-eaeb-d3ff-fea3-4202]-9618&alias=ap2001.chtc.wisc.edu&noUDP&sock=schedd_3266430_de54>
...
040 (263849.015.000) 2024-06-02 03:21:34 Started transferring input files
	Transferring to host: <128.105.69.107:9618?addrs=128.105.69.107-9618+[2607-f388-2200-100-1270-fdff-fe56-bfe4]-9618&alias=e4056.chtc.wisc.edu&noUDP&sock=slot1_26_2844050_427d_95455>
...
040 (263849.015.000) 2024-06-02 03:21:44 Finished transferring input files
...
001 (263849.015.000) 2024-06-02 03:21:45 Job executing on host: <128.105.69.107:9618?addrs=128.105.69.107-9618+[2607-f388-2200-100-1270-fdff-fe56-bfe4]-9618&alias=e4056.chtc.wisc.edu&noUDP&sock=startd_20383_9eff>
	SlotName: slot1_26@e4056.chtc.wisc.edu
	CondorScratchDir = "/var/lib/condor/execute/slot1/dir_1553290"
	Cpus = 1
	Disk = 15729793
	GPUs = 0
	IoHeavy = 0
	Memory = 4096
...
006 (263849.015.000) 2024-06-02 03:21:54 Image size of job updated: 334828
	327  -  MemoryUsage of job (MB)
	334828  -  ResidentSetSize of job (KB)
...
006 (263849.015.000) 2024-06-02 03:26:56 Image size of job updated: 1740688
	1510  -  MemoryUsage of job (MB)
	1545464  -  ResidentSetSize of job (KB)
...
006 (263849.015.000) 2024-06-02 03:31:56 Image size of job updated: 1740704
	1510  -  MemoryUsage of job (MB)
	1545464  -  ResidentSetSize of job (KB)
...
006 (263849.015.000) 2024-06-02 03:36:56 Image size of job updated: 1800236
	1546  -  MemoryUsage of job (MB)
	1582808  -  ResidentSetSize of job (KB)
...
006 (263849.015.000) 2024-06-02 03:41:57 Image size of job updated: 1800236
	1548  -  MemoryUsage of job (MB)
	1584240  -  ResidentSetSize of job (KB)
...
006 (263849.015.000) 2024-06-02 03:46:58 Image size of job updated: 1800236
	1608  -  MemoryUsage of job (MB)
	1646016  -  ResidentSetSize of job (KB)
...
006 (263849.015.000) 2024-06-02 03:51:58 Image size of job updated: 1919872
	1617  -  MemoryUsage of job (MB)
	1655488  -  ResidentSetSize of job (KB)
...
006 (263849.015.000) 2024-06-02 04:02:00 Image size of job updated: 1939260
	1617  -  MemoryUsage of job (MB)
	1655488  -  ResidentSetSize of job (KB)
...
006 (263849.015.000) 2024-06-02 04:12:00 Image size of job updated: 1939260
	1623  -  MemoryUsage of job (MB)
	1661396  -  ResidentSetSize of job (KB)
...
006 (263849.015.000) 2024-06-02 04:22:01 Image size of job updated: 1939260
	1723  -  MemoryUsage of job (MB)
	1764160  -  ResidentSetSize of job (KB)
...
006 (263849.015.000) 2024-06-02 04:32:03 Image size of job updated: 1939260
	1732  -  MemoryUsage of job (MB)
	1773348  -  ResidentSetSize of job (KB)
...
006 (263849.015.000) 2024-06-02 05:42:11 Image size of job updated: 1939260
	1733  -  MemoryUsage of job (MB)
	1773876  -  ResidentSetSize of job (KB)
...
006 (263849.015.000) 2024-06-02 05:55:26 Image size of job updated: 2201644
	1733  -  MemoryUsage of job (MB)
	1773876  -  ResidentSetSize of job (KB)
...
040 (263849.015.000) 2024-06-02 05:55:26 Started transferring output files
...
040 (263849.015.000) 2024-06-02 05:55:26 Finished transferring output files
...
005 (263849.015.000) 2024-06-02 05:55:26 Job terminated.
	(1) Normal termination (return value 0)
		Usr 0 02:03:40, Sys 0 00:27:44  -  Run Remote Usage
		Usr 0 00:00:00, Sys 0 00:00:00  -  Run Local Usage
		Usr 0 02:03:40, Sys 0 00:27:44  -  Total Remote Usage
		Usr 0 00:00:00, Sys 0 00:00:00  -  Total Local Usage
	268070  -  Run Bytes Sent By Job
	5798  -  Run Bytes Received By Job
	268070  -  Total Bytes Sent By Job
	5798  -  Total Bytes Received By Job
	Partitionable Resources :      Usage  Request Allocated 
	   Cpus                 :       0.99        1         1 
	   Disk (KB)            : 1786610    15728640  15729793 
	   GPUs                 :                             0 
	   IoHeavy              :                             0 
	   Memory (MB)          :    1733        4096      4096 
	   TimeExecute (s)      :    9221                       
	   TimeSlotBusy (s)     :    9233                       

	Job terminated of its own accord at 2024-06-02T10:55:26Z with exit-code 0.
...
