000 (263849.081.000) 2024-06-02 01:27:42 Job submitted from host: <128.105.68.112:9618?addrs=128.105.68.112-9618+[2607-f388-2200-100-eaeb-d3ff-fea3-4202]-9618&alias=ap2001.chtc.wisc.edu&noUDP&sock=schedd_3266430_de54>
...
040 (263849.081.000) 2024-06-02 13:20:43 Started transferring input files
	Transferring to host: <128.105.69.107:9618?addrs=128.105.69.107-9618+[2607-f388-2200-100-1270-fdff-fe56-bfe4]-9618&alias=e4056.chtc.wisc.edu&noUDP&sock=slot1_33_2844050_427d_96635>
...
040 (263849.081.000) 2024-06-02 13:21:00 Finished transferring input files
...
001 (263849.081.000) 2024-06-02 13:21:01 Job executing on host: <128.105.69.107:9618?addrs=128.105.69.107-9618+[2607-f388-2200-100-1270-fdff-fe56-bfe4]-9618&alias=e4056.chtc.wisc.edu&noUDP&sock=startd_20383_9eff>
	SlotName: slot1_33@e4056.chtc.wisc.edu
	CondorScratchDir = "/var/lib/condor/execute/slot1/dir_1618895"
	Cpus = 1
	Disk = 15729793
	GPUs = 0
	IoHeavy = 0
	Memory = 4096
...
006 (263849.081.000) 2024-06-02 13:21:10 Image size of job updated: 264712
	259  -  MemoryUsage of job (MB)
	264712  -  ResidentSetSize of job (KB)
...
006 (263849.081.000) 2024-06-02 13:26:10 Image size of job updated: 1235596
	1059  -  MemoryUsage of job (MB)
	1083640  -  ResidentSetSize of job (KB)
...
006 (263849.081.000) 2024-06-02 13:31:11 Image size of job updated: 1269140
	1059  -  MemoryUsage of job (MB)
	1083640  -  ResidentSetSize of job (KB)
...
006 (263849.081.000) 2024-06-02 13:36:12 Image size of job updated: 1300048
	1195  -  MemoryUsage of job (MB)
	1222800  -  ResidentSetSize of job (KB)
...
006 (263849.081.000) 2024-06-02 13:46:13 Image size of job updated: 1330660
	1195  -  MemoryUsage of job (MB)
	1222800  -  ResidentSetSize of job (KB)
...
006 (263849.081.000) 2024-06-02 13:56:14 Image size of job updated: 1330660
	1254  -  MemoryUsage of job (MB)
	1283652  -  ResidentSetSize of job (KB)
...
006 (263849.081.000) 2024-06-02 14:01:15 Image size of job updated: 1335460
	1254  -  MemoryUsage of job (MB)
	1283652  -  ResidentSetSize of job (KB)
...
006 (263849.081.000) 2024-06-02 14:06:16 Image size of job updated: 1343644
	1255  -  MemoryUsage of job (MB)
	1285036  -  ResidentSetSize of job (KB)
...
006 (263849.081.000) 2024-06-02 14:11:16 Image size of job updated: 1360188
	1255  -  MemoryUsage of job (MB)
	1285036  -  ResidentSetSize of job (KB)
...
006 (263849.081.000) 2024-06-02 14:21:17 Image size of job updated: 1369104
	1255  -  MemoryUsage of job (MB)
	1285036  -  ResidentSetSize of job (KB)
...
006 (263849.081.000) 2024-06-02 14:26:17 Image size of job updated: 1418652
	1255  -  MemoryUsage of job (MB)
	1285036  -  ResidentSetSize of job (KB)
...
006 (263849.081.000) 2024-06-02 14:35:25 Image size of job updated: 1573388
	1255  -  MemoryUsage of job (MB)
	1285036  -  ResidentSetSize of job (KB)
...
040 (263849.081.000) 2024-06-02 14:35:25 Started transferring output files
...
040 (263849.081.000) 2024-06-02 14:35:25 Finished transferring output files
...
005 (263849.081.000) 2024-06-02 14:35:25 Job terminated.
	(1) Normal termination (return value 0)
		Usr 0 01:01:06, Sys 0 00:12:14  -  Run Remote Usage
		Usr 0 00:00:00, Sys 0 00:00:00  -  Run Local Usage
		Usr 0 01:01:06, Sys 0 00:12:14  -  Total Remote Usage
		Usr 0 00:00:00, Sys 0 00:00:00  -  Total Local Usage
	271194  -  Run Bytes Sent By Job
	5798  -  Run Bytes Received By Job
	271194  -  Total Bytes Sent By Job
	5798  -  Total Bytes Received By Job
	Partitionable Resources :      Usage  Request Allocated 
	   Cpus                 :       0.99        1         1 
	   Disk (KB)            : 1390145    15728640  15729793 
	   GPUs                 :                             0 
	   IoHeavy              :                             0 
	   Memory (MB)          :    1255        4096      4096 
	   TimeExecute (s)      :    4464                       
	   TimeSlotBusy (s)     :    4482                       

	Job terminated of its own accord at 2024-06-02T19:35:25Z with exit-code 0.
...
