000 (263849.038.000) 2024-06-02 01:27:42 Job submitted from host: <128.105.68.112:9618?addrs=128.105.68.112-9618+[2607-f388-2200-100-eaeb-d3ff-fea3-4202]-9618&alias=ap2001.chtc.wisc.edu&noUDP&sock=schedd_3266430_de54>
...
040 (263849.038.000) 2024-06-02 07:39:32 Started transferring input files
	Transferring to host: <128.105.69.107:9618?addrs=128.105.69.107-9618+[2607-f388-2200-100-1270-fdff-fe56-bfe4]-9618&alias=e4056.chtc.wisc.edu&noUDP&sock=slot1_27_2844050_427d_95959>
...
040 (263849.038.000) 2024-06-02 07:39:34 Finished transferring input files
...
001 (263849.038.000) 2024-06-02 07:39:35 Job executing on host: <128.105.69.107:9618?addrs=128.105.69.107-9618+[2607-f388-2200-100-1270-fdff-fe56-bfe4]-9618&alias=e4056.chtc.wisc.edu&noUDP&sock=startd_20383_9eff>
	SlotName: slot1_27@e4056.chtc.wisc.edu
	CondorScratchDir = "/var/lib/condor/execute/slot1/dir_1583208"
	Cpus = 1
	Disk = 15729793
	GPUs = 0
	IoHeavy = 0
	Memory = 4096
...
006 (263849.038.000) 2024-06-02 07:39:44 Image size of job updated: 413680
	404  -  MemoryUsage of job (MB)
	413424  -  ResidentSetSize of job (KB)
...
006 (263849.038.000) 2024-06-02 07:44:45 Image size of job updated: 1289100
	1259  -  MemoryUsage of job (MB)
	1288908  -  ResidentSetSize of job (KB)
...
006 (263849.038.000) 2024-06-02 07:49:46 Image size of job updated: 1296016
	1259  -  MemoryUsage of job (MB)
	1288908  -  ResidentSetSize of job (KB)
...
006 (263849.038.000) 2024-06-02 07:54:46 Image size of job updated: 1315668
	1259  -  MemoryUsage of job (MB)
	1288908  -  ResidentSetSize of job (KB)
...
006 (263849.038.000) 2024-06-02 07:59:47 Image size of job updated: 1315668
	1276  -  MemoryUsage of job (MB)
	1306312  -  ResidentSetSize of job (KB)
...
006 (263849.038.000) 2024-06-02 08:04:48 Image size of job updated: 1316808
	1276  -  MemoryUsage of job (MB)
	1306408  -  ResidentSetSize of job (KB)
...
006 (263849.038.000) 2024-06-02 08:09:48 Image size of job updated: 1327804
	1276  -  MemoryUsage of job (MB)
	1306408  -  ResidentSetSize of job (KB)
...
006 (263849.038.000) 2024-06-02 08:14:49 Image size of job updated: 1329456
	1297  -  MemoryUsage of job (MB)
	1327220  -  ResidentSetSize of job (KB)
...
006 (263849.038.000) 2024-06-02 08:19:50 Image size of job updated: 1352416
	1297  -  MemoryUsage of job (MB)
	1327220  -  ResidentSetSize of job (KB)
...
006 (263849.038.000) 2024-06-02 08:24:50 Image size of job updated: 1360392
	1297  -  MemoryUsage of job (MB)
	1327220  -  ResidentSetSize of job (KB)
...
006 (263849.038.000) 2024-06-02 08:29:50 Image size of job updated: 1360392
	1309  -  MemoryUsage of job (MB)
	1339516  -  ResidentSetSize of job (KB)
...
006 (263849.038.000) 2024-06-02 08:34:51 Image size of job updated: 1360392
	1316  -  MemoryUsage of job (MB)
	1347288  -  ResidentSetSize of job (KB)
...
006 (263849.038.000) 2024-06-02 08:39:51 Image size of job updated: 1374940
	1327  -  MemoryUsage of job (MB)
	1358216  -  ResidentSetSize of job (KB)
...
006 (263849.038.000) 2024-06-02 08:44:51 Image size of job updated: 1386436
	1327  -  MemoryUsage of job (MB)
	1358728  -  ResidentSetSize of job (KB)
...
006 (263849.038.000) 2024-06-02 08:54:52 Image size of job updated: 1388736
	1327  -  MemoryUsage of job (MB)
	1358728  -  ResidentSetSize of job (KB)
...
006 (263849.038.000) 2024-06-02 08:59:52 Image size of job updated: 1388736
	1335  -  MemoryUsage of job (MB)
	1367040  -  ResidentSetSize of job (KB)
...
006 (263849.038.000) 2024-06-02 09:04:53 Image size of job updated: 1390364
	1355  -  MemoryUsage of job (MB)
	1387108  -  ResidentSetSize of job (KB)
...
006 (263849.038.000) 2024-06-02 09:09:53 Image size of job updated: 1417756
	1355  -  MemoryUsage of job (MB)
	1387108  -  ResidentSetSize of job (KB)
...
006 (263849.038.000) 2024-06-02 09:19:54 Image size of job updated: 1421008
	1355  -  MemoryUsage of job (MB)
	1387108  -  ResidentSetSize of job (KB)
...
006 (263849.038.000) 2024-06-02 09:29:54 Image size of job updated: 1421008
	1362  -  MemoryUsage of job (MB)
	1394284  -  ResidentSetSize of job (KB)
...
006 (263849.038.000) 2024-06-02 09:48:33 Image size of job updated: 1806484
	1362  -  MemoryUsage of job (MB)
	1394284  -  ResidentSetSize of job (KB)
...
040 (263849.038.000) 2024-06-02 09:48:33 Started transferring output files
...
040 (263849.038.000) 2024-06-02 09:48:33 Finished transferring output files
...
005 (263849.038.000) 2024-06-02 09:48:33 Job terminated.
	(1) Normal termination (return value 0)
		Usr 0 01:44:54, Sys 0 00:22:34  -  Run Remote Usage
		Usr 0 00:00:00, Sys 0 00:00:00  -  Run Local Usage
		Usr 0 01:44:54, Sys 0 00:22:34  -  Total Remote Usage
		Usr 0 00:00:00, Sys 0 00:00:00  -  Total Local Usage
	261244  -  Run Bytes Sent By Job
	5798  -  Run Bytes Received By Job
	261244  -  Total Bytes Sent By Job
	5798  -  Total Bytes Received By Job
	Partitionable Resources :      Usage  Request Allocated 
	   Cpus                 :       0.99        1         1 
	   Disk (KB)            : 1535404    15728640  15729793 
	   GPUs                 :                             0 
	   IoHeavy              :                             0 
	   Memory (MB)          :    1362        4096      4096 
	   TimeExecute (s)      :    7738                       
	   TimeSlotBusy (s)     :    7742                       

	Job terminated of its own accord at 2024-06-02T14:48:33Z with exit-code 0.
...
