000 (263849.097.000) 2024-06-02 01:27:42 Job submitted from host: <128.105.68.112:9618?addrs=128.105.68.112-9618+[2607-f388-2200-100-eaeb-d3ff-fea3-4202]-9618&alias=ap2001.chtc.wisc.edu&noUDP&sock=schedd_3266430_de54>
...
040 (263849.097.000) 2024-06-02 13:20:44 Started transferring input files
	Transferring to host: <128.105.69.107:9618?addrs=128.105.69.107-9618+[2607-f388-2200-100-1270-fdff-fe56-bfe4]-9618&alias=e4056.chtc.wisc.edu&noUDP&sock=slot1_49_2844050_427d_96651>
...
040 (263849.097.000) 2024-06-02 13:21:03 Finished transferring input files
...
001 (263849.097.000) 2024-06-02 13:21:04 Job executing on host: <128.105.69.107:9618?addrs=128.105.69.107-9618+[2607-f388-2200-100-1270-fdff-fe56-bfe4]-9618&alias=e4056.chtc.wisc.edu&noUDP&sock=startd_20383_9eff>
	SlotName: slot1_49@e4056.chtc.wisc.edu
	CondorScratchDir = "/var/lib/condor/execute/slot1/dir_1619372"
	Cpus = 1
	Disk = 15729793
	GPUs = 0
	IoHeavy = 0
	Memory = 4096
...
006 (263849.097.000) 2024-06-02 13:21:13 Image size of job updated: 239088
	234  -  MemoryUsage of job (MB)
	238840  -  ResidentSetSize of job (KB)
...
006 (263849.097.000) 2024-06-02 13:26:14 Image size of job updated: 1135460
	927  -  MemoryUsage of job (MB)
	948968  -  ResidentSetSize of job (KB)
...
006 (263849.097.000) 2024-06-02 13:31:14 Image size of job updated: 1153408
	1026  -  MemoryUsage of job (MB)
	1049852  -  ResidentSetSize of job (KB)
...
006 (263849.097.000) 2024-06-02 13:36:14 Image size of job updated: 1153408
	1059  -  MemoryUsage of job (MB)
	1084372  -  ResidentSetSize of job (KB)
...
006 (263849.097.000) 2024-06-02 13:41:15 Image size of job updated: 1153408
	1065  -  MemoryUsage of job (MB)
	1090260  -  ResidentSetSize of job (KB)
...
006 (263849.097.000) 2024-06-02 13:46:15 Image size of job updated: 1186516
	1096  -  MemoryUsage of job (MB)
	1121440  -  ResidentSetSize of job (KB)
...
006 (263849.097.000) 2024-06-02 13:51:15 Image size of job updated: 1186528
	1096  -  MemoryUsage of job (MB)
	1121440  -  ResidentSetSize of job (KB)
...
006 (263849.097.000) 2024-06-02 14:01:17 Image size of job updated: 1214692
	1096  -  MemoryUsage of job (MB)
	1121440  -  ResidentSetSize of job (KB)
...
006 (263849.097.000) 2024-06-02 14:11:17 Image size of job updated: 1215668
	1096  -  MemoryUsage of job (MB)
	1121440  -  ResidentSetSize of job (KB)
...
006 (263849.097.000) 2024-06-02 14:16:18 Image size of job updated: 1221396
	1106  -  MemoryUsage of job (MB)
	1131560  -  ResidentSetSize of job (KB)
...
006 (263849.097.000) 2024-06-02 14:21:18 Image size of job updated: 1269696
	1198  -  MemoryUsage of job (MB)
	1226032  -  ResidentSetSize of job (KB)
...
006 (263849.097.000) 2024-06-02 14:26:18 Image size of job updated: 1275448
	1206  -  MemoryUsage of job (MB)
	1234224  -  ResidentSetSize of job (KB)
...
006 (263849.097.000) 2024-06-02 14:36:20 Image size of job updated: 1284692
	1206  -  MemoryUsage of job (MB)
	1234224  -  ResidentSetSize of job (KB)
...
006 (263849.097.000) 2024-06-02 14:40:08 Image size of job updated: 1424796
	1206  -  MemoryUsage of job (MB)
	1234224  -  ResidentSetSize of job (KB)
...
040 (263849.097.000) 2024-06-02 14:40:08 Started transferring output files
...
040 (263849.097.000) 2024-06-02 14:40:08 Finished transferring output files
...
005 (263849.097.000) 2024-06-02 14:40:08 Job terminated.
	(1) Normal termination (return value 0)
		Usr 0 01:05:19, Sys 0 00:12:39  -  Run Remote Usage
		Usr 0 00:00:00, Sys 0 00:00:00  -  Run Local Usage
		Usr 0 01:05:19, Sys 0 00:12:39  -  Total Remote Usage
		Usr 0 00:00:00, Sys 0 00:00:00  -  Total Local Usage
	271394  -  Run Bytes Sent By Job
	5798  -  Run Bytes Received By Job
	271394  -  Total Bytes Sent By Job
	5798  -  Total Bytes Received By Job
	Partitionable Resources :      Usage  Request Allocated 
	   Cpus                 :       0.99        1         1 
	   Disk (KB)            : 1288778    15728640  15729793 
	   GPUs                 :                             0 
	   IoHeavy              :                             0 
	   Memory (MB)          :    1206        4096      4096 
	   TimeExecute (s)      :    4744                       
	   TimeSlotBusy (s)     :    4764                       

	Job terminated of its own accord at 2024-06-02T19:40:08Z with exit-code 0.
...
