000 (263849.086.000) 2024-06-02 01:27:42 Job submitted from host: <128.105.68.112:9618?addrs=128.105.68.112-9618+[2607-f388-2200-100-eaeb-d3ff-fea3-4202]-9618&alias=ap2001.chtc.wisc.edu&noUDP&sock=schedd_3266430_de54>
...
040 (263849.086.000) 2024-06-02 13:20:43 Started transferring input files
	Transferring to host: <128.105.69.107:9618?addrs=128.105.69.107-9618+[2607-f388-2200-100-1270-fdff-fe56-bfe4]-9618&alias=e4056.chtc.wisc.edu&noUDP&sock=slot1_38_2844050_427d_96640>
...
040 (263849.086.000) 2024-06-02 13:21:02 Finished transferring input files
...
001 (263849.086.000) 2024-06-02 13:21:03 Job executing on host: <128.105.69.107:9618?addrs=128.105.69.107-9618+[2607-f388-2200-100-1270-fdff-fe56-bfe4]-9618&alias=e4056.chtc.wisc.edu&noUDP&sock=startd_20383_9eff>
	SlotName: slot1_38@e4056.chtc.wisc.edu
	CondorScratchDir = "/var/lib/condor/execute/slot1/dir_1619061"
	Cpus = 1
	Disk = 15729793
	GPUs = 0
	IoHeavy = 0
	Memory = 4096
...
006 (263849.086.000) 2024-06-02 13:21:12 Image size of job updated: 245160
	240  -  MemoryUsage of job (MB)
	245160  -  ResidentSetSize of job (KB)
...
006 (263849.086.000) 2024-06-02 13:26:13 Image size of job updated: 1112112
	1009  -  MemoryUsage of job (MB)
	1033016  -  ResidentSetSize of job (KB)
...
006 (263849.086.000) 2024-06-02 13:31:14 Image size of job updated: 1391568
	1009  -  MemoryUsage of job (MB)
	1033016  -  ResidentSetSize of job (KB)
...
006 (263849.086.000) 2024-06-02 13:36:14 Image size of job updated: 1391568
	1158  -  MemoryUsage of job (MB)
	1185268  -  ResidentSetSize of job (KB)
...
006 (263849.086.000) 2024-06-02 13:41:15 Image size of job updated: 1391568
	1161  -  MemoryUsage of job (MB)
	1188340  -  ResidentSetSize of job (KB)
...
006 (263849.086.000) 2024-06-02 13:51:16 Image size of job updated: 1470000
	1165  -  MemoryUsage of job (MB)
	1192528  -  ResidentSetSize of job (KB)
...
006 (263849.086.000) 2024-06-02 13:56:16 Image size of job updated: 1496856
	1224  -  MemoryUsage of job (MB)
	1252700  -  ResidentSetSize of job (KB)
...
006 (263849.086.000) 2024-06-02 14:11:17 Image size of job updated: 1532240
	1224  -  MemoryUsage of job (MB)
	1252700  -  ResidentSetSize of job (KB)
...
006 (263849.086.000) 2024-06-02 14:21:19 Image size of job updated: 1532240
	1326  -  MemoryUsage of job (MB)
	1357432  -  ResidentSetSize of job (KB)
...
040 (263849.086.000) 2024-06-02 14:23:26 Started transferring output files
...
040 (263849.086.000) 2024-06-02 14:23:26 Finished transferring output files
...
005 (263849.086.000) 2024-06-02 14:23:26 Job terminated.
	(1) Normal termination (return value 0)
		Usr 0 00:52:28, Sys 0 00:08:57  -  Run Remote Usage
		Usr 0 00:00:00, Sys 0 00:00:00  -  Run Local Usage
		Usr 0 00:52:28, Sys 0 00:08:57  -  Total Remote Usage
		Usr 0 00:00:00, Sys 0 00:00:00  -  Total Local Usage
	253064  -  Run Bytes Sent By Job
	5798  -  Run Bytes Received By Job
	253064  -  Total Bytes Sent By Job
	5798  -  Total Bytes Received By Job
	Partitionable Resources :      Usage  Request Allocated 
	   Cpus                 :       1.00        1         1 
	   Disk (KB)            : 1341227    15728640  15729793 
	   GPUs                 :                             0 
	   IoHeavy              :                             0 
	   Memory (MB)          :    1326        4096      4096 
	   TimeExecute (s)      :    3743                       
	   TimeSlotBusy (s)     :    3763                       

	Job terminated of its own accord at 2024-06-02T19:23:26Z with exit-code 0.
...
