000 (263849.025.000) 2024-06-02 01:27:42 Job submitted from host: <128.105.68.112:9618?addrs=128.105.68.112-9618+[2607-f388-2200-100-eaeb-d3ff-fea3-4202]-9618&alias=ap2001.chtc.wisc.edu&noUDP&sock=schedd_3266430_de54>
...
040 (263849.025.000) 2024-06-02 05:39:38 Started transferring input files
	Transferring to host: <128.105.69.107:9618?addrs=128.105.69.107-9618+[2607-f388-2200-100-1270-fdff-fe56-bfe4]-9618&alias=e4056.chtc.wisc.edu&noUDP&sock=slot1_5_2844050_427d_95723>
...
040 (263849.025.000) 2024-06-02 05:39:40 Finished transferring input files
...
001 (263849.025.000) 2024-06-02 05:39:41 Job executing on host: <128.105.69.107:9618?addrs=128.105.69.107-9618+[2607-f388-2200-100-1270-fdff-fe56-bfe4]-9618&alias=e4056.chtc.wisc.edu&noUDP&sock=startd_20383_9eff>
	SlotName: slot1_5@e4056.chtc.wisc.edu
	CondorScratchDir = "/var/lib/condor/execute/slot1/dir_1570986"
	Cpus = 1
	Disk = 15729793
	GPUs = 0
	IoHeavy = 0
	Memory = 4096
...
006 (263849.025.000) 2024-06-02 05:39:50 Image size of job updated: 327652
	320  -  MemoryUsage of job (MB)
	327652  -  ResidentSetSize of job (KB)
...
006 (263849.025.000) 2024-06-02 05:44:50 Image size of job updated: 1652480
	1506  -  MemoryUsage of job (MB)
	1541436  -  ResidentSetSize of job (KB)
...
006 (263849.025.000) 2024-06-02 05:54:51 Image size of job updated: 1665392
	1506  -  MemoryUsage of job (MB)
	1541436  -  ResidentSetSize of job (KB)
...
006 (263849.025.000) 2024-06-02 08:05:02 Image size of job updated: 1707908
	1548  -  MemoryUsage of job (MB)
	1584940  -  ResidentSetSize of job (KB)
...
006 (263849.025.000) 2024-06-02 08:10:02 Image size of job updated: 1707924
	1548  -  MemoryUsage of job (MB)
	1584940  -  ResidentSetSize of job (KB)
...
006 (263849.025.000) 2024-06-02 08:55:05 Image size of job updated: 1743400
	1548  -  MemoryUsage of job (MB)
	1584940  -  ResidentSetSize of job (KB)
...
006 (263849.025.000) 2024-06-02 09:15:07 Image size of job updated: 1743400
	1565  -  MemoryUsage of job (MB)
	1602540  -  ResidentSetSize of job (KB)
...
006 (263849.025.000) 2024-06-02 09:56:19 Image size of job updated: 2006468
	1565  -  MemoryUsage of job (MB)
	1602540  -  ResidentSetSize of job (KB)
...
040 (263849.025.000) 2024-06-02 09:56:19 Started transferring output files
...
040 (263849.025.000) 2024-06-02 09:56:19 Finished transferring output files
...
005 (263849.025.000) 2024-06-02 09:56:19 Job terminated.
	(1) Normal termination (return value 0)
		Usr 0 03:09:43, Sys 0 01:03:55  -  Run Remote Usage
		Usr 0 00:00:00, Sys 0 00:00:00  -  Run Local Usage
		Usr 0 03:09:43, Sys 0 01:03:55  -  Total Remote Usage
		Usr 0 00:00:00, Sys 0 00:00:00  -  Total Local Usage
	270302  -  Run Bytes Sent By Job
	5798  -  Run Bytes Received By Job
	270302  -  Total Bytes Sent By Job
	5798  -  Total Bytes Received By Job
	Partitionable Resources :      Usage  Request Allocated 
	   Cpus                 :       0.99        1         1 
	   Disk (KB)            : 1671762    15728640  15729793 
	   GPUs                 :                             0 
	   IoHeavy              :                             0 
	   Memory (MB)          :    1565        4096      4096 
	   TimeExecute (s)      :   15398                       
	   TimeSlotBusy (s)     :   15401                       

	Job terminated of its own accord at 2024-06-02T14:56:19Z with exit-code 0.
...
