000 (263849.000.000) 2024-06-02 01:27:42 Job submitted from host: <128.105.68.112:9618?addrs=128.105.68.112-9618+[2607-f388-2200-100-eaeb-d3ff-fea3-4202]-9618&alias=ap2001.chtc.wisc.edu&noUDP&sock=schedd_3266430_de54>
...
040 (263849.000.000) 2024-06-02 03:21:33 Started transferring input files
	Transferring to host: <128.105.69.107:9618?addrs=128.105.69.107-9618+[2607-f388-2200-100-1270-fdff-fe56-bfe4]-9618&alias=e4056.chtc.wisc.edu&noUDP&sock=slot1_4_2844050_427d_95441>
...
040 (263849.000.000) 2024-06-02 03:21:42 Finished transferring input files
...
001 (263849.000.000) 2024-06-02 03:21:43 Job executing on host: <128.105.69.107:9618?addrs=128.105.69.107-9618+[2607-f388-2200-100-1270-fdff-fe56-bfe4]-9618&alias=e4056.chtc.wisc.edu&noUDP&sock=startd_20383_9eff>
	SlotName: slot1_4@e4056.chtc.wisc.edu
	CondorScratchDir = "/var/lib/condor/execute/slot1/dir_1553025"
	Cpus = 1
	Disk = 15729793
	GPUs = 0
	IoHeavy = 0
	Memory = 4096
...
006 (263849.000.000) 2024-06-02 03:21:52 Image size of job updated: 575952
	536  -  MemoryUsage of job (MB)
	548664  -  ResidentSetSize of job (KB)
...
006 (263849.000.000) 2024-06-02 03:26:53 Image size of job updated: 609096
	540  -  MemoryUsage of job (MB)
	552760  -  ResidentSetSize of job (KB)
...
006 (263849.000.000) 2024-06-02 03:29:30 Image size of job updated: 649652
	540  -  MemoryUsage of job (MB)
	552760  -  ResidentSetSize of job (KB)
...
040 (263849.000.000) 2024-06-02 03:29:30 Started transferring output files
...
040 (263849.000.000) 2024-06-02 03:29:30 Finished transferring output files
...
005 (263849.000.000) 2024-06-02 03:29:30 Job terminated.
	(1) Normal termination (return value 0)
		Usr 0 00:06:14, Sys 0 00:01:25  -  Run Remote Usage
		Usr 0 00:00:00, Sys 0 00:00:00  -  Run Local Usage
		Usr 0 00:06:14, Sys 0 00:01:25  -  Total Remote Usage
		Usr 0 00:00:00, Sys 0 00:00:00  -  Total Local Usage
	13712  -  Run Bytes Sent By Job
	5798  -  Run Bytes Received By Job
	13712  -  Total Bytes Sent By Job
	5798  -  Total Bytes Received By Job
	Partitionable Resources :     Usage  Request Allocated 
	   Cpus                 :      0.99        1         1 
	   Disk (KB)            : 600729    15728640  15729793 
	   GPUs                 :                            0 
	   IoHeavy              :                            0 
	   Memory (MB)          :    540        4096      4096 
	   TimeExecute (s)      :    467                       
	   TimeSlotBusy (s)     :    478                       

	Job terminated of its own accord at 2024-06-02T08:29:30Z with exit-code 0.
...
