000 (263849.029.000) 2024-06-02 01:27:42 Job submitted from host: <128.105.68.112:9618?addrs=128.105.68.112-9618+[2607-f388-2200-100-eaeb-d3ff-fea3-4202]-9618&alias=ap2001.chtc.wisc.edu&noUDP&sock=schedd_3266430_de54>
...
040 (263849.029.000) 2024-06-02 06:00:30 Started transferring input files
	Transferring to host: <128.105.69.107:9618?addrs=128.105.69.107-9618+[2607-f388-2200-100-1270-fdff-fe56-bfe4]-9618&alias=e4056.chtc.wisc.edu&noUDP&sock=slot1_22_2844050_427d_95766>
...
040 (263849.029.000) 2024-06-02 06:00:32 Finished transferring input files
...
001 (263849.029.000) 2024-06-02 06:00:33 Job executing on host: <128.105.69.107:9618?addrs=128.105.69.107-9618+[2607-f388-2200-100-1270-fdff-fe56-bfe4]-9618&alias=e4056.chtc.wisc.edu&noUDP&sock=startd_20383_9eff>
	SlotName: slot1_22@e4056.chtc.wisc.edu
	CondorScratchDir = "/var/lib/condor/execute/slot1/dir_1573579"
	Cpus = 1
	Disk = 15729793
	GPUs = 0
	IoHeavy = 0
	Memory = 4096
...
006 (263849.029.000) 2024-06-02 06:00:42 Image size of job updated: 403796
	395  -  MemoryUsage of job (MB)
	403572  -  ResidentSetSize of job (KB)
...
006 (263849.029.000) 2024-06-02 06:05:42 Image size of job updated: 1514508
	1400  -  MemoryUsage of job (MB)
	1433272  -  ResidentSetSize of job (KB)
...
006 (263849.029.000) 2024-06-02 06:10:43 Image size of job updated: 1514508
	1404  -  MemoryUsage of job (MB)
	1436856  -  ResidentSetSize of job (KB)
...
006 (263849.029.000) 2024-06-02 06:30:46 Image size of job updated: 1515140
	1404  -  MemoryUsage of job (MB)
	1436856  -  ResidentSetSize of job (KB)
...
006 (263849.029.000) 2024-06-02 06:45:47 Image size of job updated: 1545660
	1404  -  MemoryUsage of job (MB)
	1436856  -  ResidentSetSize of job (KB)
...
006 (263849.029.000) 2024-06-02 06:50:47 Image size of job updated: 1552356
	1434  -  MemoryUsage of job (MB)
	1467420  -  ResidentSetSize of job (KB)
...
006 (263849.029.000) 2024-06-02 07:15:49 Image size of job updated: 1556828
	1434  -  MemoryUsage of job (MB)
	1467420  -  ResidentSetSize of job (KB)
...
006 (263849.029.000) 2024-06-02 07:20:49 Image size of job updated: 1647752
	1518  -  MemoryUsage of job (MB)
	1553788  -  ResidentSetSize of job (KB)
...
006 (263849.029.000) 2024-06-02 08:00:54 Image size of job updated: 1647752
	1520  -  MemoryUsage of job (MB)
	1556472  -  ResidentSetSize of job (KB)
...
006 (263849.029.000) 2024-06-02 08:05:55 Image size of job updated: 1663064
	1524  -  MemoryUsage of job (MB)
	1560312  -  ResidentSetSize of job (KB)
...
006 (263849.029.000) 2024-06-02 08:20:57 Image size of job updated: 1681976
	1564  -  MemoryUsage of job (MB)
	1600696  -  ResidentSetSize of job (KB)
...
006 (263849.029.000) 2024-06-02 08:25:37 Image size of job updated: 1891216
	1564  -  MemoryUsage of job (MB)
	1601464  -  ResidentSetSize of job (KB)
...
040 (263849.029.000) 2024-06-02 08:25:37 Started transferring output files
...
040 (263849.029.000) 2024-06-02 08:25:37 Finished transferring output files
...
005 (263849.029.000) 2024-06-02 08:25:37 Job terminated.
	(1) Normal termination (return value 0)
		Usr 0 01:55:39, Sys 0 00:27:33  -  Run Remote Usage
		Usr 0 00:00:00, Sys 0 00:00:00  -  Run Local Usage
		Usr 0 01:55:39, Sys 0 00:27:33  -  Total Remote Usage
		Usr 0 00:00:00, Sys 0 00:00:00  -  Total Local Usage
	259134  -  Run Bytes Sent By Job
	5798  -  Run Bytes Received By Job
	259134  -  Total Bytes Sent By Job
	5798  -  Total Bytes Received By Job
	Partitionable Resources :      Usage  Request Allocated 
	   Cpus                 :       0.99        1         1 
	   Disk (KB)            : 1588365    15728640  15729793 
	   GPUs                 :                             0 
	   IoHeavy              :                             0 
	   Memory (MB)          :    1564        4096      4096 
	   TimeExecute (s)      :    8704                       
	   TimeSlotBusy (s)     :    8707                       

	Job terminated of its own accord at 2024-06-02T13:25:37Z with exit-code 0.
...
