000 (263849.040.000) 2024-06-02 01:27:42 Job submitted from host: <128.105.68.112:9618?addrs=128.105.68.112-9618+[2607-f388-2200-100-eaeb-d3ff-fea3-4202]-9618&alias=ap2001.chtc.wisc.edu&noUDP&sock=schedd_3266430_de54>
...
040 (263849.040.000) 2024-06-02 08:21:19 Started transferring input files
	Transferring to host: <128.105.69.107:9618?addrs=128.105.69.107-9618+[2607-f388-2200-100-1270-fdff-fe56-bfe4]-9618&alias=e4056.chtc.wisc.edu&noUDP&sock=slot1_20_2844050_427d_96036>
...
040 (263849.040.000) 2024-06-02 08:21:21 Finished transferring input files
...
001 (263849.040.000) 2024-06-02 08:21:22 Job executing on host: <128.105.69.107:9618?addrs=128.105.69.107-9618+[2607-f388-2200-100-1270-fdff-fe56-bfe4]-9618&alias=e4056.chtc.wisc.edu&noUDP&sock=startd_20383_9eff>
	SlotName: slot1_20@e4056.chtc.wisc.edu
	CondorScratchDir = "/var/lib/condor/execute/slot1/dir_1586847"
	Cpus = 1
	Disk = 15729793
	GPUs = 0
	IoHeavy = 0
	Memory = 4096
...
006 (263849.040.000) 2024-06-02 08:21:31 Image size of job updated: 410056
	401  -  MemoryUsage of job (MB)
	409816  -  ResidentSetSize of job (KB)
...
006 (263849.040.000) 2024-06-02 08:26:31 Image size of job updated: 1372348
	1218  -  MemoryUsage of job (MB)
	1246460  -  ResidentSetSize of job (KB)
...
006 (263849.040.000) 2024-06-02 08:31:31 Image size of job updated: 1373548
	1332  -  MemoryUsage of job (MB)
	1363092  -  ResidentSetSize of job (KB)
...
006 (263849.040.000) 2024-06-02 08:36:33 Image size of job updated: 1379620
	1332  -  MemoryUsage of job (MB)
	1363092  -  ResidentSetSize of job (KB)
...
006 (263849.040.000) 2024-06-02 08:41:33 Image size of job updated: 1382044
	1332  -  MemoryUsage of job (MB)
	1363092  -  ResidentSetSize of job (KB)
...
006 (263849.040.000) 2024-06-02 08:51:35 Image size of job updated: 1390984
	1338  -  MemoryUsage of job (MB)
	1369832  -  ResidentSetSize of job (KB)
...
006 (263849.040.000) 2024-06-02 08:56:35 Image size of job updated: 1412056
	1354  -  MemoryUsage of job (MB)
	1386116  -  ResidentSetSize of job (KB)
...
006 (263849.040.000) 2024-06-02 09:01:35 Image size of job updated: 1419804
	1385  -  MemoryUsage of job (MB)
	1417524  -  ResidentSetSize of job (KB)
...
006 (263849.040.000) 2024-06-02 09:11:37 Image size of job updated: 1427616
	1385  -  MemoryUsage of job (MB)
	1417524  -  ResidentSetSize of job (KB)
...
006 (263849.040.000) 2024-06-02 09:16:37 Image size of job updated: 1439656
	1385  -  MemoryUsage of job (MB)
	1417524  -  ResidentSetSize of job (KB)
...
006 (263849.040.000) 2024-06-02 09:21:38 Image size of job updated: 1643076
	1445  -  MemoryUsage of job (MB)
	1478872  -  ResidentSetSize of job (KB)
...
006 (263849.040.000) 2024-06-02 09:56:43 Image size of job updated: 1643076
	1502  -  MemoryUsage of job (MB)
	1537388  -  ResidentSetSize of job (KB)
...
006 (263849.040.000) 2024-06-02 10:11:45 Image size of job updated: 1645144
	1502  -  MemoryUsage of job (MB)
	1537388  -  ResidentSetSize of job (KB)
...
006 (263849.040.000) 2024-06-02 10:19:14 Image size of job updated: 1942380
	1502  -  MemoryUsage of job (MB)
	1537388  -  ResidentSetSize of job (KB)
...
040 (263849.040.000) 2024-06-02 10:19:14 Started transferring output files
...
040 (263849.040.000) 2024-06-02 10:19:14 Finished transferring output files
...
005 (263849.040.000) 2024-06-02 10:19:14 Job terminated.
	(1) Normal termination (return value 0)
		Usr 0 01:35:39, Sys 0 00:20:52  -  Run Remote Usage
		Usr 0 00:00:00, Sys 0 00:00:00  -  Run Local Usage
		Usr 0 01:35:39, Sys 0 00:20:52  -  Total Remote Usage
		Usr 0 00:00:00, Sys 0 00:00:00  -  Total Local Usage
	269646  -  Run Bytes Sent By Job
	5798  -  Run Bytes Received By Job
	269646  -  Total Bytes Sent By Job
	5798  -  Total Bytes Received By Job
	Partitionable Resources :      Usage  Request Allocated 
	   Cpus                 :       1.01        1         1 
	   Disk (KB)            : 1627910    15728640  15729793 
	   GPUs                 :                             0 
	   IoHeavy              :                             0 
	   Memory (MB)          :    1502        4096      4096 
	   TimeExecute (s)      :    7072                       
	   TimeSlotBusy (s)     :    7075                       

	Job terminated of its own accord at 2024-06-02T15:19:14Z with exit-code 0.
...
