000 (263849.054.000) 2024-06-02 01:27:42 Job submitted from host: <128.105.68.112:9618?addrs=128.105.68.112-9618+[2607-f388-2200-100-eaeb-d3ff-fea3-4202]-9618&alias=ap2001.chtc.wisc.edu&noUDP&sock=schedd_3266430_de54>
...
040 (263849.054.000) 2024-06-02 09:46:58 Started transferring input files
	Transferring to host: <128.105.69.107:9618?addrs=128.105.69.107-9618+[2607-f388-2200-100-1270-fdff-fe56-bfe4]-9618&alias=e4056.chtc.wisc.edu&noUDP&sock=slot1_21_2844050_427d_96202>
...
040 (263849.054.000) 2024-06-02 09:47:00 Finished transferring input files
...
001 (263849.054.000) 2024-06-02 09:47:01 Job executing on host: <128.105.69.107:9618?addrs=128.105.69.107-9618+[2607-f388-2200-100-1270-fdff-fe56-bfe4]-9618&alias=e4056.chtc.wisc.edu&noUDP&sock=startd_20383_9eff>
	SlotName: slot1_21@e4056.chtc.wisc.edu
	CondorScratchDir = "/var/lib/condor/execute/slot1/dir_1595794"
	Cpus = 1
	Disk = 15729793
	GPUs = 0
	IoHeavy = 0
	Memory = 4096
...
006 (263849.054.000) 2024-06-02 09:47:10 Image size of job updated: 313924
	307  -  MemoryUsage of job (MB)
	313668  -  ResidentSetSize of job (KB)
...
006 (263849.054.000) 2024-06-02 09:52:11 Image size of job updated: 1159364
	1056  -  MemoryUsage of job (MB)
	1081064  -  ResidentSetSize of job (KB)
...
006 (263849.054.000) 2024-06-02 10:02:12 Image size of job updated: 1185060
	1056  -  MemoryUsage of job (MB)
	1081064  -  ResidentSetSize of job (KB)
...
006 (263849.054.000) 2024-06-02 10:07:13 Image size of job updated: 1185060
	1135  -  MemoryUsage of job (MB)
	1161260  -  ResidentSetSize of job (KB)
...
006 (263849.054.000) 2024-06-02 10:12:14 Image size of job updated: 1206264
	1155  -  MemoryUsage of job (MB)
	1182276  -  ResidentSetSize of job (KB)
...
006 (263849.054.000) 2024-06-02 10:17:14 Image size of job updated: 1208444
	1155  -  MemoryUsage of job (MB)
	1182276  -  ResidentSetSize of job (KB)
...
006 (263849.054.000) 2024-06-02 10:22:15 Image size of job updated: 1224160
	1155  -  MemoryUsage of job (MB)
	1182276  -  ResidentSetSize of job (KB)
...
006 (263849.054.000) 2024-06-02 10:37:17 Image size of job updated: 1226360
	1155  -  MemoryUsage of job (MB)
	1182276  -  ResidentSetSize of job (KB)
...
006 (263849.054.000) 2024-06-02 10:42:18 Image size of job updated: 1272316
	1212  -  MemoryUsage of job (MB)
	1241080  -  ResidentSetSize of job (KB)
...
006 (263849.054.000) 2024-06-02 11:22:21 Image size of job updated: 1284408
	1242  -  MemoryUsage of job (MB)
	1271552  -  ResidentSetSize of job (KB)
...
006 (263849.054.000) 2024-06-02 11:25:51 Image size of job updated: 1772188
	1242  -  MemoryUsage of job (MB)
	1271552  -  ResidentSetSize of job (KB)
...
040 (263849.054.000) 2024-06-02 11:25:51 Started transferring output files
...
040 (263849.054.000) 2024-06-02 11:25:51 Finished transferring output files
...
005 (263849.054.000) 2024-06-02 11:25:51 Job terminated.
	(1) Normal termination (return value 0)
		Usr 0 01:19:43, Sys 0 00:17:57  -  Run Remote Usage
		Usr 0 00:00:00, Sys 0 00:00:00  -  Run Local Usage
		Usr 0 01:19:43, Sys 0 00:17:57  -  Total Remote Usage
		Usr 0 00:00:00, Sys 0 00:00:00  -  Total Local Usage
	270566  -  Run Bytes Sent By Job
	5798  -  Run Bytes Received By Job
	270566  -  Total Bytes Sent By Job
	5798  -  Total Bytes Received By Job
	Partitionable Resources :      Usage  Request Allocated 
	   Cpus                 :       0.99        1         1 
	   Disk (KB)            : 1502273    15728640  15729793 
	   GPUs                 :                             0 
	   IoHeavy              :                             0 
	   Memory (MB)          :    1242        4096      4096 
	   TimeExecute (s)      :    5930                       
	   TimeSlotBusy (s)     :    5933                       

	Job terminated of its own accord at 2024-06-02T16:25:51Z with exit-code 0.
...
