000 (263849.022.000) 2024-06-02 01:27:42 Job submitted from host: <128.105.68.112:9618?addrs=128.105.68.112-9618+[2607-f388-2200-100-eaeb-d3ff-fea3-4202]-9618&alias=ap2001.chtc.wisc.edu&noUDP&sock=schedd_3266430_de54>
...
040 (263849.022.000) 2024-06-02 05:06:41 Started transferring input files
	Transferring to host: <128.105.69.107:9618?addrs=128.105.69.107-9618+[2607-f388-2200-100-1270-fdff-fe56-bfe4]-9618&alias=e4056.chtc.wisc.edu&noUDP&sock=slot1_20_2844050_427d_95653>
...
040 (263849.022.000) 2024-06-02 05:06:44 Finished transferring input files
...
001 (263849.022.000) 2024-06-02 05:06:46 Job executing on host: <128.105.69.107:9618?addrs=128.105.69.107-9618+[2607-f388-2200-100-1270-fdff-fe56-bfe4]-9618&alias=e4056.chtc.wisc.edu&noUDP&sock=startd_20383_9eff>
	SlotName: slot1_20@e4056.chtc.wisc.edu
	CondorScratchDir = "/var/lib/condor/execute/slot1/dir_1566854"
	Cpus = 1
	Disk = 15729793
	GPUs = 0
	IoHeavy = 0
	Memory = 4096
...
006 (263849.022.000) 2024-06-02 05:06:55 Image size of job updated: 355316
	347  -  MemoryUsage of job (MB)
	355316  -  ResidentSetSize of job (KB)
...
006 (263849.022.000) 2024-06-02 05:11:56 Image size of job updated: 1604976
	1474  -  MemoryUsage of job (MB)
	1508444  -  ResidentSetSize of job (KB)
...
006 (263849.022.000) 2024-06-02 05:26:57 Image size of job updated: 1669096
	1474  -  MemoryUsage of job (MB)
	1508444  -  ResidentSetSize of job (KB)
...
006 (263849.022.000) 2024-06-02 05:31:58 Image size of job updated: 1669096
	1480  -  MemoryUsage of job (MB)
	1514788  -  ResidentSetSize of job (KB)
...
006 (263849.022.000) 2024-06-02 05:41:58 Image size of job updated: 1679764
	1480  -  MemoryUsage of job (MB)
	1514788  -  ResidentSetSize of job (KB)
...
006 (263849.022.000) 2024-06-02 05:46:59 Image size of job updated: 1708956
	1480  -  MemoryUsage of job (MB)
	1514788  -  ResidentSetSize of job (KB)
...
006 (263849.022.000) 2024-06-02 05:56:59 Image size of job updated: 1748428
	1546  -  MemoryUsage of job (MB)
	1582348  -  ResidentSetSize of job (KB)
...
006 (263849.022.000) 2024-06-02 06:02:00 Image size of job updated: 1748428
	1568  -  MemoryUsage of job (MB)
	1604856  -  ResidentSetSize of job (KB)
...
006 (263849.022.000) 2024-06-02 06:42:05 Image size of job updated: 1748428
	1585  -  MemoryUsage of job (MB)
	1622368  -  ResidentSetSize of job (KB)
...
006 (263849.022.000) 2024-06-02 07:12:08 Image size of job updated: 1748428
	1646  -  MemoryUsage of job (MB)
	1684724  -  ResidentSetSize of job (KB)
...
006 (263849.022.000) 2024-06-02 07:17:08 Image size of job updated: 1748428
	1650  -  MemoryUsage of job (MB)
	1689332  -  ResidentSetSize of job (KB)
...
006 (263849.022.000) 2024-06-02 07:22:09 Image size of job updated: 1805992
	1658  -  MemoryUsage of job (MB)
	1697136  -  ResidentSetSize of job (KB)
...
006 (263849.022.000) 2024-06-02 07:52:12 Image size of job updated: 1805992
	1739  -  MemoryUsage of job (MB)
	1779988  -  ResidentSetSize of job (KB)
...
006 (263849.022.000) 2024-06-02 08:07:14 Image size of job updated: 1813228
	1739  -  MemoryUsage of job (MB)
	1779988  -  ResidentSetSize of job (KB)
...
006 (263849.022.000) 2024-06-02 08:21:18 Image size of job updated: 2016748
	1739  -  MemoryUsage of job (MB)
	1779988  -  ResidentSetSize of job (KB)
...
040 (263849.022.000) 2024-06-02 08:21:18 Started transferring output files
...
040 (263849.022.000) 2024-06-02 08:21:18 Finished transferring output files
...
005 (263849.022.000) 2024-06-02 08:21:18 Job terminated.
	(1) Normal termination (return value 0)
		Usr 0 02:34:41, Sys 0 00:37:46  -  Run Remote Usage
		Usr 0 00:00:00, Sys 0 00:00:00  -  Run Local Usage
		Usr 0 02:34:41, Sys 0 00:37:46  -  Total Remote Usage
		Usr 0 00:00:00, Sys 0 00:00:00  -  Total Local Usage
	271344  -  Run Bytes Sent By Job
	5798  -  Run Bytes Received By Job
	271344  -  Total Bytes Sent By Job
	5798  -  Total Bytes Received By Job
	Partitionable Resources :      Usage  Request Allocated 
	   Cpus                 :       0.99        1         1 
	   Disk (KB)            : 1669284    15728640  15729793 
	   GPUs                 :                             0 
	   IoHeavy              :                             0 
	   Memory (MB)          :    1739        4096      4096 
	   TimeExecute (s)      :   11673                       
	   TimeSlotBusy (s)     :   11677                       

	Job terminated of its own accord at 2024-06-02T13:21:18Z with exit-code 0.
...
