000 (263849.080.000) 2024-06-02 01:27:42 Job submitted from host: <128.105.68.112:9618?addrs=128.105.68.112-9618+[2607-f388-2200-100-eaeb-d3ff-fea3-4202]-9618&alias=ap2001.chtc.wisc.edu&noUDP&sock=schedd_3266430_de54>
...
040 (263849.080.000) 2024-06-02 13:20:43 Started transferring input files
	Transferring to host: <128.105.69.107:9618?addrs=128.105.69.107-9618+[2607-f388-2200-100-1270-fdff-fe56-bfe4]-9618&alias=e4056.chtc.wisc.edu&noUDP&sock=slot1_32_2844050_427d_96634>
...
040 (263849.080.000) 2024-06-02 13:21:01 Finished transferring input files
...
001 (263849.080.000) 2024-06-02 13:21:02 Job executing on host: <128.105.69.107:9618?addrs=128.105.69.107-9618+[2607-f388-2200-100-1270-fdff-fe56-bfe4]-9618&alias=e4056.chtc.wisc.edu&noUDP&sock=startd_20383_9eff>
	SlotName: slot1_32@e4056.chtc.wisc.edu
	CondorScratchDir = "/var/lib/condor/execute/slot1/dir_1618888"
	Cpus = 1
	Disk = 15729793
	GPUs = 0
	IoHeavy = 0
	Memory = 4096
...
006 (263849.080.000) 2024-06-02 13:21:10 Image size of job updated: 219340
	214  -  MemoryUsage of job (MB)
	219092  -  ResidentSetSize of job (KB)
...
006 (263849.080.000) 2024-06-02 13:26:10 Image size of job updated: 1154876
	1085  -  MemoryUsage of job (MB)
	1110276  -  ResidentSetSize of job (KB)
...
006 (263849.080.000) 2024-06-02 13:31:11 Image size of job updated: 1188352
	1085  -  MemoryUsage of job (MB)
	1110276  -  ResidentSetSize of job (KB)
...
006 (263849.080.000) 2024-06-02 13:36:12 Image size of job updated: 1214312
	1085  -  MemoryUsage of job (MB)
	1110276  -  ResidentSetSize of job (KB)
...
006 (263849.080.000) 2024-06-02 13:46:13 Image size of job updated: 1265384
	1085  -  MemoryUsage of job (MB)
	1110276  -  ResidentSetSize of job (KB)
...
006 (263849.080.000) 2024-06-02 13:56:14 Image size of job updated: 1273556
	1085  -  MemoryUsage of job (MB)
	1110276  -  ResidentSetSize of job (KB)
...
006 (263849.080.000) 2024-06-02 14:11:16 Image size of job updated: 1293528
	1125  -  MemoryUsage of job (MB)
	1151676  -  ResidentSetSize of job (KB)
...
006 (263849.080.000) 2024-06-02 14:16:16 Image size of job updated: 1317876
	1146  -  MemoryUsage of job (MB)
	1173396  -  ResidentSetSize of job (KB)
...
006 (263849.080.000) 2024-06-02 14:21:17 Image size of job updated: 1317876
	1189  -  MemoryUsage of job (MB)
	1217296  -  ResidentSetSize of job (KB)
...
006 (263849.080.000) 2024-06-02 14:26:17 Image size of job updated: 1317876
	1199  -  MemoryUsage of job (MB)
	1226800  -  ResidentSetSize of job (KB)
...
006 (263849.080.000) 2024-06-02 14:31:17 Image size of job updated: 1320244
	1202  -  MemoryUsage of job (MB)
	1230640  -  ResidentSetSize of job (KB)
...
006 (263849.080.000) 2024-06-02 14:36:18 Image size of job updated: 1338168
	1202  -  MemoryUsage of job (MB)
	1230640  -  ResidentSetSize of job (KB)
...
006 (263849.080.000) 2024-06-02 14:41:18 Image size of job updated: 1338168
	1248  -  MemoryUsage of job (MB)
	1277668  -  ResidentSetSize of job (KB)
...
006 (263849.080.000) 2024-06-02 14:44:12 Image size of job updated: 1505704
	1248  -  MemoryUsage of job (MB)
	1277668  -  ResidentSetSize of job (KB)
...
040 (263849.080.000) 2024-06-02 14:44:27 Started transferring output files
...
040 (263849.080.000) 2024-06-02 14:44:27 Finished transferring output files
...
005 (263849.080.000) 2024-06-02 14:44:27 Job terminated.
	(1) Normal termination (return value 0)
		Usr 0 01:08:48, Sys 0 00:13:14  -  Run Remote Usage
		Usr 0 00:00:00, Sys 0 00:00:00  -  Run Local Usage
		Usr 0 01:08:48, Sys 0 00:13:14  -  Total Remote Usage
		Usr 0 00:00:00, Sys 0 00:00:00  -  Total Local Usage
	271386  -  Run Bytes Sent By Job
	5798  -  Run Bytes Received By Job
	271386  -  Total Bytes Sent By Job
	5798  -  Total Bytes Received By Job
	Partitionable Resources :      Usage  Request Allocated 
	   Cpus                 :       0.99        1         1 
	   Disk (KB)            : 1350485    15728640  15729793 
	   GPUs                 :                             0 
	   IoHeavy              :                             0 
	   Memory (MB)          :    1248        4096      4096 
	   TimeExecute (s)      :    4990                       
	   TimeSlotBusy (s)     :    5024                       

	Job terminated of its own accord at 2024-06-02T19:44:12Z with exit-code 0.
...
