000 (263849.055.000) 2024-06-02 01:27:42 Job submitted from host: <128.105.68.112:9618?addrs=128.105.68.112-9618+[2607-f388-2200-100-eaeb-d3ff-fea3-4202]-9618&alias=ap2001.chtc.wisc.edu&noUDP&sock=schedd_3266430_de54>
...
040 (263849.055.000) 2024-06-02 09:48:34 Started transferring input files
	Transferring to host: <128.105.69.107:9618?addrs=128.105.69.107-9618+[2607-f388-2200-100-1270-fdff-fe56-bfe4]-9618&alias=e4056.chtc.wisc.edu&noUDP&sock=slot1_27_2844050_427d_96216>
...
040 (263849.055.000) 2024-06-02 09:48:37 Finished transferring input files
...
001 (263849.055.000) 2024-06-02 09:48:38 Job executing on host: <128.105.69.107:9618?addrs=128.105.69.107-9618+[2607-f388-2200-100-1270-fdff-fe56-bfe4]-9618&alias=e4056.chtc.wisc.edu&noUDP&sock=startd_20383_9eff>
	SlotName: slot1_27@e4056.chtc.wisc.edu
	CondorScratchDir = "/var/lib/condor/execute/slot1/dir_1596683"
	Cpus = 1
	Disk = 15729793
	GPUs = 0
	IoHeavy = 0
	Memory = 4096
...
006 (263849.055.000) 2024-06-02 09:48:47 Image size of job updated: 259640
	254  -  MemoryUsage of job (MB)
	259392  -  ResidentSetSize of job (KB)
...
006 (263849.055.000) 2024-06-02 09:53:47 Image size of job updated: 1596664
	1463  -  MemoryUsage of job (MB)
	1497768  -  ResidentSetSize of job (KB)
...
006 (263849.055.000) 2024-06-02 10:03:49 Image size of job updated: 1625828
	1463  -  MemoryUsage of job (MB)
	1497768  -  ResidentSetSize of job (KB)
...
006 (263849.055.000) 2024-06-02 10:13:50 Image size of job updated: 1675796
	1463  -  MemoryUsage of job (MB)
	1497768  -  ResidentSetSize of job (KB)
...
006 (263849.055.000) 2024-06-02 10:23:51 Image size of job updated: 1713096
	1463  -  MemoryUsage of job (MB)
	1497768  -  ResidentSetSize of job (KB)
...
006 (263849.055.000) 2024-06-02 10:28:51 Image size of job updated: 1725492
	1463  -  MemoryUsage of job (MB)
	1497768  -  ResidentSetSize of job (KB)
...
006 (263849.055.000) 2024-06-02 10:38:52 Image size of job updated: 1725492
	1467  -  MemoryUsage of job (MB)
	1501196  -  ResidentSetSize of job (KB)
...
006 (263849.055.000) 2024-06-02 10:48:53 Image size of job updated: 1728152
	1614  -  MemoryUsage of job (MB)
	1651840  -  ResidentSetSize of job (KB)
...
006 (263849.055.000) 2024-06-02 10:53:53 Image size of job updated: 1783936
	1614  -  MemoryUsage of job (MB)
	1651840  -  ResidentSetSize of job (KB)
...
006 (263849.055.000) 2024-06-02 10:58:53 Image size of job updated: 1789508
	1614  -  MemoryUsage of job (MB)
	1651840  -  ResidentSetSize of job (KB)
...
006 (263849.055.000) 2024-06-02 11:08:54 Image size of job updated: 1846412
	1614  -  MemoryUsage of job (MB)
	1651840  -  ResidentSetSize of job (KB)
...
006 (263849.055.000) 2024-06-02 11:13:54 Image size of job updated: 1846412
	1631  -  MemoryUsage of job (MB)
	1670016  -  ResidentSetSize of job (KB)
...
006 (263849.055.000) 2024-06-02 11:18:55 Image size of job updated: 1863824
	1631  -  MemoryUsage of job (MB)
	1670016  -  ResidentSetSize of job (KB)
...
006 (263849.055.000) 2024-06-02 11:21:19 Image size of job updated: 2170188
	1631  -  MemoryUsage of job (MB)
	1670016  -  ResidentSetSize of job (KB)
...
040 (263849.055.000) 2024-06-02 11:21:19 Started transferring output files
...
040 (263849.055.000) 2024-06-02 11:21:19 Finished transferring output files
...
005 (263849.055.000) 2024-06-02 11:21:19 Job terminated.
	(1) Normal termination (return value 0)
		Usr 0 01:15:43, Sys 0 00:15:59  -  Run Remote Usage
		Usr 0 00:00:00, Sys 0 00:00:00  -  Run Local Usage
		Usr 0 01:15:43, Sys 0 00:15:59  -  Total Remote Usage
		Usr 0 00:00:00, Sys 0 00:00:00  -  Total Local Usage
	251960  -  Run Bytes Sent By Job
	5798  -  Run Bytes Received By Job
	251960  -  Total Bytes Sent By Job
	5798  -  Total Bytes Received By Job
	Partitionable Resources :      Usage  Request Allocated 
	   Cpus                 :       0.99        1         1 
	   Disk (KB)            : 1747647    15728640  15729793 
	   GPUs                 :                             0 
	   IoHeavy              :                             0 
	   Memory (MB)          :    1631        4096      4096 
	   TimeExecute (s)      :    5561                       
	   TimeSlotBusy (s)     :    5565                       

	Job terminated of its own accord at 2024-06-02T16:21:19Z with exit-code 0.
...
