000 (263849.057.000) 2024-06-02 01:27:42 Job submitted from host: <128.105.68.112:9618?addrs=128.105.68.112-9618+[2607-f388-2200-100-eaeb-d3ff-fea3-4202]-9618&alias=ap2001.chtc.wisc.edu&noUDP&sock=schedd_3266430_de54>
...
040 (263849.057.000) 2024-06-02 10:19:15 Started transferring input files
	Transferring to host: <128.105.69.107:9618?addrs=128.105.69.107-9618+[2607-f388-2200-100-1270-fdff-fe56-bfe4]-9618&alias=e4056.chtc.wisc.edu&noUDP&sock=slot1_20_2844050_427d_96275>
...
040 (263849.057.000) 2024-06-02 10:19:18 Finished transferring input files
...
001 (263849.057.000) 2024-06-02 10:19:19 Job executing on host: <128.105.69.107:9618?addrs=128.105.69.107-9618+[2607-f388-2200-100-1270-fdff-fe56-bfe4]-9618&alias=e4056.chtc.wisc.edu&noUDP&sock=startd_20383_9eff>
	SlotName: slot1_20@e4056.chtc.wisc.edu
	CondorScratchDir = "/var/lib/condor/execute/slot1/dir_1599735"
	Cpus = 1
	Disk = 15729793
	GPUs = 0
	IoHeavy = 0
	Memory = 4096
...
006 (263849.057.000) 2024-06-02 10:19:28 Image size of job updated: 281600
	275  -  MemoryUsage of job (MB)
	281352  -  ResidentSetSize of job (KB)
...
006 (263849.057.000) 2024-06-02 10:24:28 Image size of job updated: 1292852
	1119  -  MemoryUsage of job (MB)
	1144920  -  ResidentSetSize of job (KB)
...
006 (263849.057.000) 2024-06-02 10:29:29 Image size of job updated: 1297628
	1125  -  MemoryUsage of job (MB)
	1151144  -  ResidentSetSize of job (KB)
...
006 (263849.057.000) 2024-06-02 10:34:30 Image size of job updated: 1320976
	1219  -  MemoryUsage of job (MB)
	1248092  -  ResidentSetSize of job (KB)
...
006 (263849.057.000) 2024-06-02 10:49:32 Image size of job updated: 1330624
	1236  -  MemoryUsage of job (MB)
	1265616  -  ResidentSetSize of job (KB)
...
006 (263849.057.000) 2024-06-02 10:54:32 Image size of job updated: 1340956
	1236  -  MemoryUsage of job (MB)
	1265616  -  ResidentSetSize of job (KB)
...
006 (263849.057.000) 2024-06-02 11:09:33 Image size of job updated: 1368584
	1239  -  MemoryUsage of job (MB)
	1268644  -  ResidentSetSize of job (KB)
...
006 (263849.057.000) 2024-06-02 11:39:36 Image size of job updated: 1372568
	1239  -  MemoryUsage of job (MB)
	1268644  -  ResidentSetSize of job (KB)
...
006 (263849.057.000) 2024-06-02 11:44:36 Image size of job updated: 1372568
	1266  -  MemoryUsage of job (MB)
	1296092  -  ResidentSetSize of job (KB)
...
006 (263849.057.000) 2024-06-02 11:49:37 Image size of job updated: 1386720
	1266  -  MemoryUsage of job (MB)
	1296092  -  ResidentSetSize of job (KB)
...
006 (263849.057.000) 2024-06-02 11:59:37 Image size of job updated: 1391880
	1266  -  MemoryUsage of job (MB)
	1296092  -  ResidentSetSize of job (KB)
...
006 (263849.057.000) 2024-06-02 12:14:39 Image size of job updated: 1391880
	1287  -  MemoryUsage of job (MB)
	1317556  -  ResidentSetSize of job (KB)
...
006 (263849.057.000) 2024-06-02 12:24:41 Image size of job updated: 1412856
	1324  -  MemoryUsage of job (MB)
	1354972  -  ResidentSetSize of job (KB)
...
006 (263849.057.000) 2024-06-02 12:29:41 Image size of job updated: 1431712
	1324  -  MemoryUsage of job (MB)
	1354972  -  ResidentSetSize of job (KB)
...
006 (263849.057.000) 2024-06-02 12:34:42 Image size of job updated: 1431732
	1324  -  MemoryUsage of job (MB)
	1354972  -  ResidentSetSize of job (KB)
...
006 (263849.057.000) 2024-06-02 12:39:43 Image size of job updated: 1455424
	1334  -  MemoryUsage of job (MB)
	1365028  -  ResidentSetSize of job (KB)
...
006 (263849.057.000) 2024-06-02 13:04:46 Image size of job updated: 1470024
	1334  -  MemoryUsage of job (MB)
	1365028  -  ResidentSetSize of job (KB)
...
006 (263849.057.000) 2024-06-02 13:10:59 Image size of job updated: 1613228
	1334  -  MemoryUsage of job (MB)
	1365028  -  ResidentSetSize of job (KB)
...
040 (263849.057.000) 2024-06-02 13:10:59 Started transferring output files
...
040 (263849.057.000) 2024-06-02 13:10:59 Finished transferring output files
...
005 (263849.057.000) 2024-06-02 13:10:59 Job terminated.
	(1) Normal termination (return value 0)
		Usr 0 02:14:56, Sys 0 00:35:09  -  Run Remote Usage
		Usr 0 00:00:00, Sys 0 00:00:00  -  Run Local Usage
		Usr 0 02:14:56, Sys 0 00:35:09  -  Total Remote Usage
		Usr 0 00:00:00, Sys 0 00:00:00  -  Total Local Usage
	271474  -  Run Bytes Sent By Job
	5798  -  Run Bytes Received By Job
	271474  -  Total Bytes Sent By Job
	5798  -  Total Bytes Received By Job
	Partitionable Resources :      Usage  Request Allocated 
	   Cpus                 :       0.99        1         1 
	   Disk (KB)            : 1412838    15728640  15729793 
	   GPUs                 :                             0 
	   IoHeavy              :                             0 
	   Memory (MB)          :    1334        4096      4096 
	   TimeExecute (s)      :   10300                       
	   TimeSlotBusy (s)     :   10304                       

	Job terminated of its own accord at 2024-06-02T18:10:59Z with exit-code 0.
...
